#
# A fatal error has been detected by the Java Runtime Environment:
#
#  SIGSEGV (0xb) at pc=0x00007fff8bd798f2, pid=17766, tid=1299
#
# JRE version: Java(TM) SE Runtime Environment (7.0_51-b13) (build 1.7.0_51-b13)
# Java VM: Java HotSpot(TM) 64-Bit Server VM (24.51-b03 mixed mode bsd-amd64 compressed oops)
# Problematic frame:
# C  [libGPUSupportMercury.dylib+0xb8f2]  gldAttachDrawable+0x60
#
# Failed to write core dump. Core dumps have been disabled. To enable core dumping, try "ulimit -c unlimited" before starting Java again
#
# If you would like to submit a bug report, please visit:
#   http://bugreport.sun.com/bugreport/crash.jsp
# The crash happened outside the Java Virtual Machine in native code.
# See problematic frame for where to report the bug.
#

---------------  T H R E A D  ---------------

Current thread (0x00007fb5a080a000):  JavaThread "AppKit Thread" daemon [_thread_in_native, id=1299, stack(0x00007fff5a6af000,0x00007fff5a72f000)]

siginfo:si_signo=SIGSEGV: si_errno=0, si_code=0 (SEGV0), si_addr=0x0000000000000000

Registers:
RAX=0xd000000000000000, RBX=0x000000000000271e, RCX=0x0000000000000000, RDX=0x00007fb5a048a288
RSP=0x00007fff5a729660, RBP=0x00007fff5a729760, RSI=0x0000000000000050, RDI=0x00007fff795e8070
R8 =0x00007fb5a3809e60, R9 =0x00007fb5a3000000, R10=0x000000000000003c, R11=0x0000000000000206
R12=0x0000000000002718, R13=0x00007fb5a0905e00, R14=0x0000000000000050, R15=0x0000000000000000
RIP=0x00007fff8bd798f2, EFLAGS=0x0000000000010212, ERR=0x0000000000000000
  TRAPNO=0x000000000000000d

Top of Stack: (sp=0x00007fff5a729660)
0x00007fff5a729660:   00007fff5a7296d4 00007fb5a042d030
0x00007fff5a729670:   ffffffffffffffff 0000206000000040
0x00007fff5a729680:   00007fb5a042d048 00007fff9310f64f
0x00007fff5a729690:   0000000000000000 d000000000000000
0x00007fff5a7296a0:   0000000300000003 00007fff5a7297e8
0x00007fff5a7296b0:   00007fff5a729774 0000000000025f67
0x00007fff5a7296c0:   00007fff5a72976c 00007fff5a729770
0x00007fff5a7296d0:   00007fff5a729750 00007fff975b5541
0x00007fff5a7296e0:   0000000000000000 000000000000625c
0x00007fff5a7296f0:   0000003400001200 0000020b00000000
0x00007fff5a729700:   00007fff5a729730 00007fff9754bc5c
0x00007fff5a729710:   00007fff5a729760 000000000000625c
0x00007fff5a729720:   00000000042731c0 000000001c931e02
0x00007fff5a729730:   c900849054e7be80 00007fb5a3800000
0x00007fff5a729740:   0000000000002718 0000000000000000
0x00007fff5a729750:   0000000000000050 0000000000000000
0x00007fff5a729760:   00007fff5a7297b0 00007fff897b97e8
0x00007fff5a729770:   00007fb5a3809e60 0000000000000000
0x00007fff5a729780:   00007fb5a048a288 00007fb5a0517700
0x00007fff5a729790:   0000000000000000 00007fb5a11b9550
0x00007fff5a7297a0:   00007fb5a11b7600 00007fff795e8070
0x00007fff5a7297b0:   00007fff5a7298a0 00007fff8a1d9870
0x00007fff5a7297c0:   4089000000000000 4074a00000000000
0x00007fff5a7297d0:   404f800000000000 4083600000000000
0x00007fff5a7297e0:   4084600000000000 0000000000000000
0x00007fff5a7297f0:   4036000000000000 4083600000000000
0x00007fff5a729800:   4083b00000000000 0000000000000000
0x00007fff5a729810:   0000000000000000 0000000000000001
0x00007fff5a729820:   00007fb5a048a288 0000000000000001
0x00007fff5a729830:   00007fff5a7298a0 00007fff8a1de66b
0x00007fff5a729840:   0000000100000003 00007fb5a11b9550
0x00007fff5a729850:   00007fb5a11b9488 0000000296ddffff 

Instructions: (pc=0x00007fff8bd798f2)
0x00007fff8bd798d2:   48 85 d2 b8 01 00 00 00 bb 15 27 00 00 0f 44 d8
0x00007fff8bd798e2:   e9 7f 01 00 00 49 8b 45 08 48 89 85 38 ff ff ff
0x00007fff8bd798f2:   48 8b 00 48 89 85 30 ff ff ff 83 fe 4f 0f 8f fd
0x00007fff8bd79902:   00 00 00 48 89 d0 bb 15 27 00 00 83 fe 35 0f 84 

Register to memory mapping:

RAX=0xd000000000000000 is an unknown value
RBX=0x000000000000271e is an unknown value
RCX=0x0000000000000000 is an unknown value
RDX=0x00007fb5a048a288 is an unknown value
RSP=0x00007fff5a729660 is pointing into the stack for thread: 0x00007fb5a080a000
RBP=0x00007fff5a729760 is pointing into the stack for thread: 0x00007fb5a080a000
RSI=0x0000000000000050 is an unknown value
RDI=0x00007fff795e8070: __stack_chk_guard+0 in /usr/lib/system/libsystem_c.dylib at 0x00007fff8e1af000
R8 =0x00007fb5a3809e60 is an unknown value
R9 =0x00007fb5a3000000 is an unknown value
R10=0x000000000000003c is an unknown value
R11=0x0000000000000206 is an unknown value
R12=0x0000000000002718 is an unknown value
R13=0x00007fb5a0905e00 is an unknown value
R14=0x0000000000000050 is an unknown value
R15=0x0000000000000000 is an unknown value


Stack: [0x00007fff5a6af000,0x00007fff5a72f000],  sp=0x00007fff5a729660,  free space=489k
Native frames: (J=compiled Java code, j=interpreted, Vv=VM code, C=native code)
C  [libGPUSupportMercury.dylib+0xb8f2]  gldAttachDrawable+0x60
C  [GLEngine+0x167e8]  gliAttachDrawableWithOptions+0x101
C  [OpenGL+0x3870]  glcGetIOAccelService+0xe03
C  [OpenGL+0x7412]  CGLSetPBuffer+0xb90
C  [OpenGL+0x7735]  CGLSetSurface+0x124
C  [AppKit+0x332c34]  NSOpenGLContextAttachOnScreenViewSurface+0x109
C  [AppKit+0x31db7c]  -[NSOpenGLContext setView:]+0x83
C  [liblwjgl.dylib+0xa586]  -[MacOSXOpenGLView lockFocus]+0x76
C  [AppKit+0xe1f45]  -[NSView _recursiveDisplayRectIfNeededIgnoringOpacity:isVisibleRect:rectIsVisibleRectForView:topView:]+0x740
C  [AppKit+0xe2fa0]  -[NSView _recursiveDisplayRectIfNeededIgnoringOpacity:isVisibleRect:rectIsVisibleRectForView:topView:]+0x179b
C  [AppKit+0xe12f3]  -[NSThemeFrame _recursiveDisplayRectIfNeededIgnoringOpacity:isVisibleRect:rectIsVisibleRectForView:topView:]+0x14d
C  [AppKit+0xdd68b]  -[NSView _displayRectIgnoringOpacity:isVisibleRect:rectIsVisibleRectForView:]+0xac9
C  [AppKit+0x951ae]  -[NSView displayIfNeeded]+0x754
C  [AppKit+0x94a09]  -[NSWindow displayIfNeeded]+0xec
C  [AppKit+0x94672]  _handleWindowNeedsDisplayOrLayoutOrUpdateConstraints+0x3a8
C  [AppKit+0x7ca171]  __83-[NSWindow _postWindowNeedsDisplayOrLayoutOrUpdateConstraintsUnlessPostingDisabled]_block_invoke1540+0x2e
C  [CoreFoundation+0x80127]  __CFRUNLOOP_IS_CALLING_OUT_TO_AN_OBSERVER_CALLBACK_FUNCTION__+0x17
C  [CoreFoundation+0x80080]  __CFRunLoopDoObservers+0x170
C  [CoreFoundation+0x72188]  __CFRunLoopRun+0x368
C  [CoreFoundation+0x71bd8]  CFRunLoopRunSpecific+0x128
C  [HIToolbox+0x3256f]  RunCurrentEventLoopInMode+0xeb
C  [HIToolbox+0x321ee]  ReceiveNextEventCommon+0xb3
C  [HIToolbox+0x3212b]  _BlockUntilNextEventMatchingListInModeWithFilter+0x47
C  [AppKit+0x918ab]  _DPSNextEvent+0x3d2
C  [AppKit+0x90e58]  -[NSApplication nextEventMatchingMask:untilDate:inMode:dequeue:]+0x15a
C  [libosxapp.dylib+0x16f4]  -[NSApplicationAWT nextEventMatchingMask:untilDate:inMode:dequeue:]+0x7c
C  [AppKit+0x86af3]  -[NSApplication run]+0x252
C  [libosxapp.dylib+0x1557]  +[NSApplicationAWT runAWTLoopWithApp:]+0x9c
C  [liblwawt.dylib+0xdba9]  -[AWTStarter starter:]+0x369
C  [Foundation+0x92dd0]  __NSThreadPerformPerform+0x125
C  [CoreFoundation+0x80a01]  __CFRUNLOOP_IS_CALLING_OUT_TO_A_SOURCE0_PERFORM_FUNCTION__+0x11
C  [CoreFoundation+0x72b8d]  __CFRunLoopDoSources0+0x10d
C  [CoreFoundation+0x721bf]  __CFRunLoopRun+0x39f
C  [CoreFoundation+0x71bd8]  CFRunLoopRunSpecific+0x128
C  [java+0x73b0]  CreateExecutionEnvironment+0x367
C  [java+0x1b5c]  JLI_Launch+0x7a0
C  [java+0x770d]  main+0x65
C  [java+0x13b4]  start+0x34


---------------  P R O C E S S  ---------------

Java Threads: ( => current thread )
  0x00007fb5a127f800 JavaThread "Java2D Queue Flusher" daemon [_thread_blocked, id=55047, stack(0x00000001194b1000,0x00000001195b1000)]
  0x00007fb5a2180000 JavaThread "Java2D Disposer" daemon [_thread_blocked, id=53767, stack(0x00000001193ae000,0x00000001194ae000)]
  0x00007fb5a0890000 JavaThread "AWT-Shutdown" [_thread_blocked, id=27667, stack(0x00000001139b4000,0x0000000113ab4000)]
=>0x00007fb5a080a000 JavaThread "AppKit Thread" daemon [_thread_in_native, id=1299, stack(0x00007fff5a6af000,0x00007fff5a72f000)]
  0x00007fb5a1052000 JavaThread "Service Thread" daemon [_thread_blocked, id=17667, stack(0x0000000111e20000,0x0000000111f20000)]
  0x00007fb5a1051800 JavaThread "C2 CompilerThread1" daemon [_thread_blocked, id=17155, stack(0x0000000111d1d000,0x0000000111e1d000)]
  0x00007fb5a104f800 JavaThread "C2 CompilerThread0" daemon [_thread_blocked, id=16643, stack(0x0000000111c1a000,0x0000000111d1a000)]
  0x00007fb5a0813000 JavaThread "Signal Dispatcher" daemon [_thread_blocked, id=13331, stack(0x0000000111b17000,0x0000000111c17000)]
  0x00007fb5a1038800 JavaThread "Finalizer" daemon [_thread_blocked, id=11523, stack(0x00000001100f9000,0x00000001101f9000)]
  0x00007fb5a1036000 JavaThread "Reference Handler" daemon [_thread_blocked, id=11011, stack(0x000000010fff6000,0x00000001100f6000)]
  0x00007fb5a0809800 JavaThread "main" [_thread_in_native, id=4867, stack(0x0000000106854000,0x0000000106954000)]

Other Threads:
  0x00007fb5a1035000 VMThread [stack: 0x000000010fef3000,0x000000010fff3000] [id=10499]
  0x00007fb5a1063000 WatcherThread [stack: 0x0000000111f23000,0x0000000112023000] [id=18179]

VM state:not at safepoint (normal execution)

VM Mutex/Monitor currently owned by a thread: None

Heap
 PSYoungGen      total 38912K, used 17503K [0x00000007d5500000, 0x00000007d8000000, 0x0000000800000000)
  eden space 33792K, 51% used [0x00000007d5500000,0x00000007d6617f70,0x00000007d7600000)
  from space 5120K, 0% used [0x00000007d7b00000,0x00000007d7b00000,0x00000007d8000000)
  to   space 5120K, 0% used [0x00000007d7600000,0x00000007d7600000,0x00000007d7b00000)
 ParOldGen       total 87040K, used 0K [0x0000000780000000, 0x0000000785500000, 0x00000007d5500000)
  object space 87040K, 0% used [0x0000000780000000,0x0000000780000000,0x0000000785500000)
 PSPermGen       total 21504K, used 9900K [0x000000077ae00000, 0x000000077c300000, 0x0000000780000000)
  object space 21504K, 46% used [0x000000077ae00000,0x000000077b7ab0a0,0x000000077c300000)

Card table byte_map: [0x0000000109a4f000,0x0000000109e79000] byte_map_base: 0x0000000105e78000

Polling page: 0x00000001055f3000

Code Cache  [0x000000010698f000, 0x0000000106bff000, 0x000000010998f000)
 total_blobs=556 nmethods=101 adapters=409 free_code_cache=48350Kb largest_free_block=49479552

Compilation events (10 events):
Event: 2.467 Thread 0x00007fb5a1051800 nmethod 94 0x0000000106a32990 code [0x0000000106a32ae0, 0x0000000106a32be8]
Event: 2.467 Thread 0x00007fb5a1051800   97             org.lwjgl.opengl.GL11::glVertex3f (24 bytes)
Event: 2.467 Thread 0x00007fb5a104f800 nmethod 96 0x0000000106a32510 code [0x0000000106a32660, 0x0000000106a327a8]
Event: 2.469 Thread 0x00007fb5a1051800 nmethod 97 0x0000000106a31d90 code [0x0000000106a31ee0, 0x0000000106a32008]
Event: 2.488 Thread 0x00007fb5a104f800   99             org.newdawn.slick.tiled.Layer::render (270 bytes)
Event: 2.497 Thread 0x00007fb5a104f800 nmethod 99 0x0000000106a595d0 code [0x0000000106a597c0, 0x0000000106a59f00]
Event: 2.705 Thread 0x00007fb5a1051800  100             org.newdawn.slick.Image::init (109 bytes)
Event: 2.706 Thread 0x00007fb5a1051800 nmethod 100 0x0000000106a45950 code [0x0000000106a45aa0, 0x0000000106a45c18]
Event: 2.755 Thread 0x00007fb5a104f800  101             org.newdawn.slick.Image::drawEmbedded (327 bytes)
Event: 2.766 Thread 0x00007fb5a104f800 nmethod 101 0x0000000106a5cdd0 code [0x0000000106a5d080, 0x0000000106a5dc90]

GC Heap History (0 events):
No events

Deoptimization events (10 events):
Event: 0.474 Thread 0x00007fb5a0809800 Uncommon trap: reason=unloaded action=reinterpret pc=0x0000000106a0b244 method=java.io.BufferedReader.readLine(Z)Ljava/lang/String; @ 268
Event: 0.839 Thread 0x00007fb5a0809800 Uncommon trap: reason=null_check action=make_not_entrant pc=0x0000000106a00360 method=java.lang.String.equals(Ljava/lang/Object;)Z @ 8
Event: 0.882 Thread 0x00007fb5a0809800 Uncommon trap: reason=class_check action=maybe_recompile pc=0x0000000106a11704 method=java.util.HashMap.put(Ljava/lang/Object;Ljava/lang/Object;)Ljava/lang/Object; @ 137
Event: 0.882 Thread 0x00007fb5a0809800 Uncommon trap: reason=class_check action=maybe_recompile pc=0x0000000106a11704 method=java.util.HashMap.put(Ljava/lang/Object;Ljava/lang/Object;)Ljava/lang/Object; @ 137
Event: 0.882 Thread 0x00007fb5a0809800 Uncommon trap: reason=class_check action=maybe_recompile pc=0x0000000106a11704 method=java.util.HashMap.put(Ljava/lang/Object;Ljava/lang/Object;)Ljava/lang/Object; @ 137
Event: 0.882 Thread 0x00007fb5a0809800 Uncommon trap: reason=class_check action=maybe_recompile pc=0x0000000106a11704 method=java.util.HashMap.put(Ljava/lang/Object;Ljava/lang/Object;)Ljava/lang/Object; @ 137
Event: 1.110 Thread 0x00007fb5a0809800 Uncommon trap: reason=class_check action=maybe_recompile pc=0x0000000106a37788 method=java.util.zip.InflaterInputStream.read([BII)I @ 100
Event: 1.112 Thread 0x00007fb5a0809800 Uncommon trap: reason=class_check action=maybe_recompile pc=0x0000000106a37788 method=java.util.zip.InflaterInputStream.read([BII)I @ 100
Event: 1.114 Thread 0x00007fb5a0809800 Uncommon trap: reason=class_check action=maybe_recompile pc=0x0000000106a37788 method=java.util.zip.InflaterInputStream.read([BII)I @ 100
Event: 1.194 Thread 0x00007fb5a0809800 Uncommon trap: reason=class_check action=maybe_recompile pc=0x0000000106a37788 method=java.util.zip.InflaterInputStream.read([BII)I @ 100

Internal exceptions (10 events):
Event: 0.830 Thread 0x00007fb5a0809800 Threw 0x00000007d5de59c0 at /HUDSON/workspace/7u-2-build-macosx-x86_64/jdk7u51/527/hotspot/src/share/vm/prims/jvm.cpp:1244
Event: 0.839 Thread 0x00007fb5a0809800 Implicit null exception at 0x0000000106a0015b to 0x0000000106a00351
Event: 0.844 Thread 0x00007fb5a0809800 Threw 0x00000007d5e134c0 at /HUDSON/workspace/7u-2-build-macosx-x86_64/jdk7u51/527/hotspot/src/share/vm/prims/jvm.cpp:1244
Event: 1.034 Thread 0x00007fb5a0809800 Threw 0x00000007d61ea138 at /HUDSON/workspace/7u-2-build-macosx-x86_64/jdk7u51/527/hotspot/src/share/vm/prims/jvm.cpp:1244
Event: 1.038 Thread 0x00007fb5a0809800 Threw 0x00000007d61fc5c0 at /HUDSON/workspace/7u-2-build-macosx-x86_64/jdk7u51/527/hotspot/src/share/vm/prims/jvm.cpp:1244
Event: 1.110 Thread 0x00007fb5a0809800 Threw 0x00000007d62ebbb8 at /HUDSON/workspace/7u-2-build-macosx-x86_64/jdk7u51/527/hotspot/src/share/vm/prims/jvm.cpp:1244
Event: 1.112 Thread 0x00007fb5a0809800 Threw 0x00000007d62f5f68 at /HUDSON/workspace/7u-2-build-macosx-x86_64/jdk7u51/527/hotspot/src/share/vm/prims/jvm.cpp:1244
Event: 1.113 Thread 0x00007fb5a0809800 Threw 0x00000007d6302eb0 at /HUDSON/workspace/7u-2-build-macosx-x86_64/jdk7u51/527/hotspot/src/share/vm/prims/jvm.cpp:1244
Event: 1.194 Thread 0x00007fb5a0809800 Threw 0x00000007d6425770 at /HUDSON/workspace/7u-2-build-macosx-x86_64/jdk7u51/527/hotspot/src/share/vm/prims/jvm.cpp:1244
Event: 1.196 Thread 0x00007fb5a0809800 Threw 0x00000007d642c318 at /HUDSON/workspace/7u-2-build-macosx-x86_64/jdk7u51/527/hotspot/src/share/vm/prims/jvm.cpp:1244

Events (10 events):
Event: 1.114 Thread 0x00007fb5a0809800 DEOPT PACKING pc=0x0000000106a37788 sp=0x0000000106951c00
Event: 1.114 Thread 0x00007fb5a0809800 DEOPT UNPACKING pc=0x00000001069c8045 sp=0x0000000106951bd8 mode 2
Event: 1.194 loading class 0x00007fb5a041db90
Event: 1.194 loading class 0x00007fb5a041db90 done
Event: 1.194 Thread 0x00007fb5a0809800 Uncommon trap: trap_request=0xffffffde fr.pc=0x0000000106a37788
Event: 1.194 Thread 0x00007fb5a0809800 DEOPT PACKING pc=0x0000000106a37788 sp=0x0000000106951ab0
Event: 1.194 Thread 0x00007fb5a0809800 DEOPT UNPACKING pc=0x00000001069c8045 sp=0x0000000106951a88 mode 2
Event: 1.196 loading class 0x00007fb5a072a1d0
Event: 1.196 loading class 0x00007fb5a072a1d0 done
Event: 3.993 loading class 0x00007fb5a04888f0


Dynamic libraries:
0x000000000877d000 	/System/Library/Frameworks/Cocoa.framework/Versions/A/Cocoa
0x000000000877d000 	/System/Library/Frameworks/Security.framework/Versions/A/Security
0x000000000877d000 	/System/Library/Frameworks/ApplicationServices.framework/Versions/A/ApplicationServices
0x000000000877d000 	/usr/lib/libz.1.dylib
0x000000000877d000 	/usr/lib/libSystem.B.dylib
0x000000000877d000 	/usr/lib/libobjc.A.dylib
0x000000000877d000 	/System/Library/Frameworks/CoreFoundation.framework/Versions/A/CoreFoundation
0x000000000877d000 	/System/Library/Frameworks/Foundation.framework/Versions/C/Foundation
0x000000000877d000 	/System/Library/Frameworks/AppKit.framework/Versions/C/AppKit
0x000000000877d000 	/System/Library/Frameworks/CoreData.framework/Versions/A/CoreData
0x000000000877d000 	/System/Library/PrivateFrameworks/RemoteViewServices.framework/Versions/A/RemoteViewServices
0x000000000877d000 	/System/Library/PrivateFrameworks/UIFoundation.framework/Versions/A/UIFoundation
0x000000000877d000 	/System/Library/Frameworks/IOSurface.framework/Versions/A/IOSurface
0x000000000877d000 	/System/Library/Frameworks/AudioToolbox.framework/Versions/A/AudioToolbox
0x000000000877d000 	/System/Library/Frameworks/AudioUnit.framework/Versions/A/AudioUnit
0x000000000877d000 	/System/Library/PrivateFrameworks/DataDetectorsCore.framework/Versions/A/DataDetectorsCore
0x000000000877d000 	/System/Library/PrivateFrameworks/DesktopServicesPriv.framework/Versions/A/DesktopServicesPriv
0x000000000877d000 	/System/Library/Frameworks/Carbon.framework/Versions/A/Frameworks/HIToolbox.framework/Versions/A/HIToolbox
0x000000000877d000 	/System/Library/Frameworks/QuartzCore.framework/Versions/A/QuartzCore
0x000000000877d000 	/System/Library/Frameworks/Carbon.framework/Versions/A/Frameworks/SpeechRecognition.framework/Versions/A/SpeechRecognition
0x000000000877d000 	/usr/lib/libauto.dylib
0x000000000877d000 	/usr/lib/libicucore.A.dylib
0x000000000877d000 	/usr/lib/libxml2.2.dylib
0x000000000877d000 	/System/Library/PrivateFrameworks/CoreUI.framework/Versions/A/CoreUI
0x000000000877d000 	/System/Library/Frameworks/CoreAudio.framework/Versions/A/CoreAudio
0x000000000877d000 	/System/Library/Frameworks/DiskArbitration.framework/Versions/A/DiskArbitration
0x000000000877d000 	/usr/lib/liblangid.dylib
0x000000000877d000 	/System/Library/PrivateFrameworks/MultitouchSupport.framework/Versions/A/MultitouchSupport
0x000000000877d000 	/System/Library/Frameworks/IOKit.framework/Versions/A/IOKit
0x000000000877d000 	/usr/lib/libDiagnosticMessagesClient.dylib
0x000000000877d000 	/System/Library/Frameworks/CoreServices.framework/Versions/A/CoreServices
0x000000000877d000 	/System/Library/PrivateFrameworks/PerformanceAnalysis.framework/Versions/A/PerformanceAnalysis
0x000000000877d000 	/System/Library/PrivateFrameworks/GenerationalStorage.framework/Versions/A/GenerationalStorage
0x000000000877d000 	/System/Library/Frameworks/OpenGL.framework/Versions/A/OpenGL
0x000000000877d000 	/System/Library/PrivateFrameworks/Sharing.framework/Versions/A/Sharing
0x000000000877d000 	/System/Library/Frameworks/CoreGraphics.framework/Versions/A/CoreGraphics
0x000000000877d000 	/System/Library/Frameworks/CoreText.framework/Versions/A/CoreText
0x000000000877d000 	/System/Library/Frameworks/ImageIO.framework/Versions/A/ImageIO
0x000000000877d000 	/usr/lib/libextension.dylib
0x000000000877d000 	/System/Library/PrivateFrameworks/Backup.framework/Versions/A/Backup
0x000000000877d000 	/usr/lib/libarchive.2.dylib
0x000000000877d000 	/System/Library/Frameworks/CFNetwork.framework/Versions/A/CFNetwork
0x000000000877d000 	/System/Library/Frameworks/SystemConfiguration.framework/Versions/A/SystemConfiguration
0x000000000877d000 	/usr/lib/libCRFSuite.dylib
0x000000000877d000 	/usr/lib/libc++.1.dylib
0x000000000877d000 	/usr/lib/libc++abi.dylib
0x000000000877d000 	/usr/lib/system/libcache.dylib
0x000000000877d000 	/usr/lib/system/libcommonCrypto.dylib
0x000000000877d000 	/usr/lib/system/libcompiler_rt.dylib
0x000000000877d000 	/usr/lib/system/libcopyfile.dylib
0x000000000877d000 	/usr/lib/system/libcorecrypto.dylib
0x000000000877d000 	/usr/lib/system/libdispatch.dylib
0x000000000877d000 	/usr/lib/system/libdyld.dylib
0x000000000877d000 	/usr/lib/system/libkeymgr.dylib
0x000000000877d000 	/usr/lib/system/liblaunch.dylib
0x000000000877d000 	/usr/lib/system/libmacho.dylib
0x000000000877d000 	/usr/lib/system/libquarantine.dylib
0x000000000877d000 	/usr/lib/system/libremovefile.dylib
0x000000000877d000 	/usr/lib/system/libsystem_asl.dylib
0x000000000877d000 	/usr/lib/system/libsystem_blocks.dylib
0x000000000877d000 	/usr/lib/system/libsystem_c.dylib
0x000000000877d000 	/usr/lib/system/libsystem_configuration.dylib
0x000000000877d000 	/usr/lib/system/libsystem_coreservices.dylib
0x000000000877d000 	/usr/lib/system/libsystem_coretls.dylib
0x000000000877d000 	/usr/lib/system/libsystem_dnssd.dylib
0x000000000877d000 	/usr/lib/system/libsystem_info.dylib
0x000000000877d000 	/usr/lib/system/libsystem_kernel.dylib
0x000000000877d000 	/usr/lib/system/libsystem_m.dylib
0x000000000877d000 	/usr/lib/system/libsystem_malloc.dylib
0x000000000877d000 	/usr/lib/system/libsystem_network.dylib
0x000000000877d000 	/usr/lib/system/libsystem_networkextension.dylib
0x000000000877d000 	/usr/lib/system/libsystem_notify.dylib
0x000000000877d000 	/usr/lib/system/libsystem_platform.dylib
0x000000000877d000 	/usr/lib/system/libsystem_pthread.dylib
0x000000000877d000 	/usr/lib/system/libsystem_sandbox.dylib
0x000000000877d000 	/usr/lib/system/libsystem_secinit.dylib
0x000000000877d000 	/usr/lib/system/libsystem_stats.dylib
0x000000000877d000 	/usr/lib/system/libsystem_trace.dylib
0x000000000877d000 	/usr/lib/system/libunc.dylib
0x000000000877d000 	/usr/lib/system/libunwind.dylib
0x000000000877d000 	/usr/lib/system/libxpc.dylib
0x000000000877d000 	/usr/lib/libbz2.1.0.dylib
0x000000000877d000 	/usr/lib/liblzma.5.dylib
0x000000000877d000 	/usr/lib/libbsm.0.dylib
0x000000000877d000 	/usr/lib/libsqlite3.dylib
0x000000000877d000 	/usr/lib/system/libkxld.dylib
0x000000000877d000 	/usr/lib/libxar.1.dylib
0x000000000877d000 	/usr/lib/libpam.2.dylib
0x000000000877d000 	/usr/lib/libOpenScriptingUtil.dylib
0x000000000877d000 	/System/Library/Frameworks/CoreServices.framework/Versions/A/Frameworks/FSEvents.framework/Versions/A/FSEvents
0x000000000877d000 	/System/Library/Frameworks/CoreServices.framework/Versions/A/Frameworks/CarbonCore.framework/Versions/A/CarbonCore
0x000000000877d000 	/System/Library/Frameworks/CoreServices.framework/Versions/A/Frameworks/Metadata.framework/Versions/A/Metadata
0x000000000877d000 	/System/Library/Frameworks/CoreServices.framework/Versions/A/Frameworks/OSServices.framework/Versions/A/OSServices
0x000000000877d000 	/System/Library/Frameworks/CoreServices.framework/Versions/A/Frameworks/SearchKit.framework/Versions/A/SearchKit
0x000000000877d000 	/System/Library/Frameworks/CoreServices.framework/Versions/A/Frameworks/AE.framework/Versions/A/AE
0x000000000877d000 	/System/Library/Frameworks/CoreServices.framework/Versions/A/Frameworks/LaunchServices.framework/Versions/A/LaunchServices
0x000000000877d000 	/System/Library/Frameworks/CoreServices.framework/Versions/A/Frameworks/DictionaryServices.framework/Versions/A/DictionaryServices
0x000000000877d000 	/System/Library/Frameworks/NetFS.framework/Versions/A/NetFS
0x000000000877d000 	/System/Library/PrivateFrameworks/NetAuth.framework/Versions/A/NetAuth
0x000000000877d000 	/System/Library/PrivateFrameworks/login.framework/Versions/A/Frameworks/loginsupport.framework/Versions/A/loginsupport
0x000000000877d000 	/System/Library/PrivateFrameworks/TCC.framework/Versions/A/TCC
0x000000000877d000 	/usr/lib/libmecabra.dylib
0x000000000877d000 	/System/Library/Frameworks/ApplicationServices.framework/Versions/A/Frameworks/ATS.framework/Versions/A/ATS
0x000000000877d000 	/System/Library/Frameworks/ApplicationServices.framework/Versions/A/Frameworks/ColorSync.framework/Versions/A/ColorSync
0x000000000877d000 	/System/Library/Frameworks/ApplicationServices.framework/Versions/A/Frameworks/HIServices.framework/Versions/A/HIServices
0x000000000877d000 	/System/Library/Frameworks/ApplicationServices.framework/Versions/A/Frameworks/LangAnalysis.framework/Versions/A/LangAnalysis
0x000000000877d000 	/System/Library/Frameworks/ApplicationServices.framework/Versions/A/Frameworks/PrintCore.framework/Versions/A/PrintCore
0x000000000877d000 	/System/Library/Frameworks/ApplicationServices.framework/Versions/A/Frameworks/QD.framework/Versions/A/QD
0x000000000877d000 	/System/Library/Frameworks/ApplicationServices.framework/Versions/A/Frameworks/SpeechSynthesis.framework/Versions/A/SpeechSynthesis
0x000000000877d000 	/System/Library/Frameworks/Accelerate.framework/Versions/A/Accelerate
0x000000000877d000 	/System/Library/Frameworks/Accelerate.framework/Versions/A/Frameworks/vImage.framework/Versions/A/vImage
0x000000000877d000 	/System/Library/Frameworks/Accelerate.framework/Versions/A/Frameworks/vecLib.framework/Versions/A/vecLib
0x000000000877d000 	/System/Library/Frameworks/Accelerate.framework/Versions/A/Frameworks/vecLib.framework/Versions/A/libvDSP.dylib
0x000000000877d000 	/System/Library/Frameworks/Accelerate.framework/Versions/A/Frameworks/vecLib.framework/Versions/A/libvMisc.dylib
0x000000000877d000 	/System/Library/Frameworks/Accelerate.framework/Versions/A/Frameworks/vecLib.framework/Versions/A/libLAPACK.dylib
0x000000000877d000 	/System/Library/Frameworks/Accelerate.framework/Versions/A/Frameworks/vecLib.framework/Versions/A/libBLAS.dylib
0x000000000877d000 	/System/Library/Frameworks/Accelerate.framework/Versions/A/Frameworks/vecLib.framework/Versions/A/libLinearAlgebra.dylib
0x000000000877d000 	/System/Library/Frameworks/ApplicationServices.framework/Versions/A/Frameworks/ATS.framework/Versions/A/Resources/libFontParser.dylib
0x000000000877d000 	/System/Library/Frameworks/ApplicationServices.framework/Versions/A/Frameworks/ATS.framework/Versions/A/Resources/libFontRegistry.dylib
0x000000000877d000 	/System/Library/PrivateFrameworks/AppleVPA.framework/Versions/A/AppleVPA
0x000000000877d000 	/System/Library/PrivateFrameworks/AppleJPEG.framework/Versions/A/AppleJPEG
0x000000000877d000 	/System/Library/Frameworks/ImageIO.framework/Versions/A/Resources/libJPEG.dylib
0x000000000877d000 	/System/Library/Frameworks/ImageIO.framework/Versions/A/Resources/libTIFF.dylib
0x000000000877d000 	/System/Library/Frameworks/ImageIO.framework/Versions/A/Resources/libPng.dylib
0x000000000877d000 	/System/Library/Frameworks/ImageIO.framework/Versions/A/Resources/libGIF.dylib
0x000000000877d000 	/System/Library/Frameworks/ImageIO.framework/Versions/A/Resources/libJP2.dylib
0x000000000877d000 	/System/Library/Frameworks/ImageIO.framework/Versions/A/Resources/libRadiance.dylib
0x000000000877d000 	/System/Library/Frameworks/CoreVideo.framework/Versions/A/CoreVideo
0x000000000877d000 	/System/Library/Frameworks/OpenGL.framework/Versions/A/Libraries/libGLU.dylib
0x000000000877d000 	/System/Library/Frameworks/OpenGL.framework/Versions/A/Libraries/libGFXShared.dylib
0x000000000877d000 	/System/Library/Frameworks/OpenGL.framework/Versions/A/Libraries/libGL.dylib
0x000000000877d000 	/System/Library/Frameworks/OpenGL.framework/Versions/A/Libraries/libGLImage.dylib
0x000000000877d000 	/System/Library/Frameworks/OpenGL.framework/Versions/A/Libraries/libCVMSPluginSupport.dylib
0x000000000877d000 	/System/Library/Frameworks/OpenGL.framework/Versions/A/Libraries/libCoreVMClient.dylib
0x000000000877d000 	/usr/lib/libcups.2.dylib
0x000000000877d000 	/System/Library/Frameworks/Kerberos.framework/Versions/A/Kerberos
0x000000000877d000 	/System/Library/Frameworks/GSS.framework/Versions/A/GSS
0x000000000877d000 	/usr/lib/libresolv.9.dylib
0x000000000877d000 	/usr/lib/libiconv.2.dylib
0x000000000877d000 	/System/Library/PrivateFrameworks/Heimdal.framework/Versions/A/Heimdal
0x000000000877d000 	/usr/lib/libheimdal-asn1.dylib
0x000000000877d000 	/System/Library/Frameworks/OpenDirectory.framework/Versions/A/OpenDirectory
0x000000000877d000 	/System/Library/PrivateFrameworks/CommonAuth.framework/Versions/A/CommonAuth
0x000000000877d000 	/System/Library/Frameworks/OpenDirectory.framework/Versions/A/Frameworks/CFOpenDirectory.framework/Versions/A/CFOpenDirectory
0x000000000877d000 	/System/Library/Frameworks/SecurityFoundation.framework/Versions/A/SecurityFoundation
0x000000000877d000 	/System/Library/PrivateFrameworks/LanguageModeling.framework/Versions/A/LanguageModeling
0x000000000877d000 	/usr/lib/libcmph.dylib
0x000000000877d000 	/System/Library/Frameworks/ServiceManagement.framework/Versions/A/ServiceManagement
0x000000000877d000 	/usr/lib/libxslt.1.dylib
0x000000000877d000 	/System/Library/Frameworks/Carbon.framework/Versions/A/Frameworks/Ink.framework/Versions/A/Ink
0x000000000877d000 	/System/Library/Frameworks/QuartzCore.framework/Versions/A/Frameworks/CoreImage.framework/Versions/A/CoreImage
0x000000000877d000 	/System/Library/PrivateFrameworks/CrashReporterSupport.framework/Versions/A/CrashReporterSupport
0x000000000877d000 	/System/Library/Frameworks/OpenCL.framework/Versions/A/OpenCL
0x000000000877d000 	/System/Library/PrivateFrameworks/FaceCore.framework/Versions/A/FaceCore
0x000000000877d000 	/System/Library/PrivateFrameworks/Ubiquity.framework/Versions/A/Ubiquity
0x000000000877d000 	/System/Library/PrivateFrameworks/IconServices.framework/Versions/A/IconServices
0x000000000877d000 	/System/Library/PrivateFrameworks/ChunkingLibrary.framework/Versions/A/ChunkingLibrary
0x000000000877d000 	/System/Library/PrivateFrameworks/Apple80211.framework/Versions/A/Apple80211
0x000000000877d000 	/System/Library/Frameworks/CoreWLAN.framework/Versions/A/CoreWLAN
0x000000000877d000 	/System/Library/Frameworks/IOBluetooth.framework/Versions/A/IOBluetooth
0x000000000877d000 	/System/Library/PrivateFrameworks/CoreWiFi.framework/Versions/A/CoreWiFi
0x000000000877d000 	/System/Library/Frameworks/CoreBluetooth.framework/Versions/A/CoreBluetooth
0x000000000877d000 	/System/Library/PrivateFrameworks/DebugSymbols.framework/Versions/A/DebugSymbols
0x000000000877d000 	/System/Library/PrivateFrameworks/CoreSymbolication.framework/Versions/A/CoreSymbolication
0x000000000877d000 	/System/Library/PrivateFrameworks/Symbolication.framework/Versions/A/Symbolication
0x000000000877d000 	/System/Library/PrivateFrameworks/SpeechRecognitionCore.framework/Versions/A/SpeechRecognitionCore
0x0000000105e00000 	/Library/Java/JavaVirtualMachines/jdk1.7.0_51.jdk/Contents/Home/jre/lib/server/libjvm.dylib
0x000000000877d000 	/usr/lib/libstdc++.6.dylib
0x00000001055e6000 	/Library/Java/JavaVirtualMachines/jdk1.7.0_51.jdk/Contents/Home/jre/lib/libverify.dylib
0x0000000106956000 	/Library/Java/JavaVirtualMachines/jdk1.7.0_51.jdk/Contents/Home/jre/lib/libjava.dylib
0x0000000106986000 	/Library/Java/JavaVirtualMachines/jdk1.7.0_51.jdk/Contents/Home/jre/lib/libzip.dylib
0x00000001101fb000 	/System/Library/Frameworks/JavaVM.framework/Frameworks/JavaRuntimeSupport.framework/JavaRuntimeSupport
0x0000000110211000 	/System/Library/Frameworks/JavaVM.framework/Versions/A/Frameworks/JavaNativeFoundation.framework/Versions/A/JavaNativeFoundation
0x0000000110225000 	/System/Library/Frameworks/JavaVM.framework/Versions/A/JavaVM
0x000000000877d000 	/System/Library/Frameworks/Carbon.framework/Versions/A/Carbon
0x0000000110231000 	/System/Library/PrivateFrameworks/JavaLaunching.framework/Versions/A/JavaLaunching
0x000000000877d000 	/System/Library/Frameworks/Carbon.framework/Versions/A/Frameworks/CommonPanels.framework/Versions/A/CommonPanels
0x000000000877d000 	/System/Library/Frameworks/Carbon.framework/Versions/A/Frameworks/Help.framework/Versions/A/Help
0x000000000877d000 	/System/Library/Frameworks/Carbon.framework/Versions/A/Frameworks/ImageCapture.framework/Versions/A/ImageCapture
0x000000000877d000 	/System/Library/Frameworks/Carbon.framework/Versions/A/Frameworks/OpenScripting.framework/Versions/A/OpenScripting
0x000000000877d000 	/System/Library/Frameworks/Carbon.framework/Versions/A/Frameworks/Print.framework/Versions/A/Print
0x000000000877d000 	/System/Library/Frameworks/Carbon.framework/Versions/A/Frameworks/SecurityHI.framework/Versions/A/SecurityHI
0x0000000112053000 	/Library/Java/JavaVirtualMachines/jdk1.7.0_51.jdk/Contents/Home/jre/lib/libawt.dylib
0x0000000112102000 	/Library/Java/JavaVirtualMachines/jdk1.7.0_51.jdk/Contents/Home/jre/lib/./libmlib_image.dylib
0x00000001121ce000 	/Library/Java/JavaVirtualMachines/jdk1.7.0_51.jdk/Contents/Home/jre/lib/lwawt/liblwawt.dylib
0x0000000112282000 	/Library/Java/JavaVirtualMachines/jdk1.7.0_51.jdk/Contents/Home/jre/lib/libosxapp.dylib
0x000000000877d000 	/System/Library/Frameworks/ExceptionHandling.framework/Versions/A/ExceptionHandling
0x000000000877d000 	/System/Library/PrivateFrameworks/CoreServicesInternal.framework/Versions/A/CoreServicesInternal
0x000000000877d000 	/System/Library/PrivateFrameworks/CloudDocs.framework/Versions/A/CloudDocs
0x000000000877d000 	/System/Library/PrivateFrameworks/CoreDuet.framework/Versions/A/CoreDuet
0x000000000877d000 	/System/Library/Frameworks/CloudKit.framework/Versions/A/CloudKit
0x000000000877d000 	/System/Library/PrivateFrameworks/ProtocolBuffer.framework/Versions/A/ProtocolBuffer
0x000000000877d000 	/System/Library/PrivateFrameworks/CoreDuetDaemonProtocol.framework/Versions/A/CoreDuetDaemonProtocol
0x000000000877d000 	/System/Library/PrivateFrameworks/CoreDuetDebugLogging.framework/Versions/A/CoreDuetDebugLogging
0x000000000877d000 	/System/Library/PrivateFrameworks/MMCS.framework/Versions/A/MMCS
0x000000000877d000 	/System/Library/Frameworks/CoreLocation.framework/Versions/A/CoreLocation
0x000000000877d000 	/System/Library/PrivateFrameworks/ProtectedCloudStorage.framework/Versions/A/ProtectedCloudStorage
0x000000000877d000 	/System/Library/PrivateFrameworks/GeoServices.framework/Versions/A/GeoServices
0x000000000877d000 	/System/Library/Frameworks/CoreGraphics.framework/Versions/A/Resources/libCGCMS.A.dylib
0x000000000877d000 	/System/Library/Frameworks/CoreGraphics.framework/Versions/A/Resources/libRIP.A.dylib
0x000000000877d000 	/System/Library/Frameworks/CoreGraphics.framework/Versions/A/Resources/libCGXType.A.dylib
0x000000000877d000 	/System/Library/Frameworks/OpenCL.framework/Versions/A/Libraries/libcldcpuengine.dylib
0x000000000877d000 	/System/Library/PrivateFrameworks/DiskImages.framework/Versions/A/DiskImages
0x000000000877d000 	/System/Library/Frameworks/DiscRecording.framework/Versions/A/DiscRecording
0x000000000877d000 	/usr/lib/libcsfde.dylib
0x000000000877d000 	/usr/lib/libcurl.4.dylib
0x000000000877d000 	/System/Library/PrivateFrameworks/MediaKit.framework/Versions/A/MediaKit
0x000000000877d000 	/usr/lib/libCoreStorage.dylib
0x000000000877d000 	/System/Library/PrivateFrameworks/EFILogin.framework/Versions/A/EFILogin
0x000000000877d000 	/usr/lib/libutil.dylib
0x000000000877d000 	/System/Library/PrivateFrameworks/FindMyDevice.framework/Versions/A/FindMyDevice
0x000000000877d000 	/System/Library/Frameworks/LDAP.framework/Versions/A/LDAP
0x000000000877d000 	/usr/lib/libsasl2.2.dylib
0x000000000877d000 	/System/Library/PrivateFrameworks/CoreDaemon.framework/Versions/B/CoreDaemon
0x000000000877d000 	/usr/lib/libcrypto.0.9.8.dylib
0x000000000877d000 	/System/Library/PrivateFrameworks/AppleSRP.framework/Versions/A/AppleSRP
0x000000000877d000 	/System/Library/PrivateFrameworks/TrustEvaluationAgent.framework/Versions/A/TrustEvaluationAgent
0x0000000112619000 	cl_kernels
0x00000001150f6000 	/System/Library/Frameworks/OpenCL.framework/Versions/A/Libraries/ImageFormats/unorm8_bgra.dylib
0x000000011522e000 	cl_kernels
0x000000000877d000 	/System/Library/PrivateFrameworks/FamilyControls.framework/Versions/A/FamilyControls
0x000000000877d000 	/System/Library/PrivateFrameworks/CommerceKit.framework/Versions/A/Frameworks/CommerceCore.framework/Versions/A/CommerceCore
0x000000000877d000 	/System/Library/PrivateFrameworks/SystemAdministration.framework/Versions/A/SystemAdministration
0x000000000877d000 	/System/Library/PrivateFrameworks/AppContainer.framework/Versions/A/AppContainer
0x000000000877d000 	/System/Library/PrivateFrameworks/SecCodeWrapper.framework/Versions/A/SecCodeWrapper
0x000000000877d000 	/System/Library/Frameworks/DirectoryService.framework/Versions/A/DirectoryService
0x000000000877d000 	/System/Library/PrivateFrameworks/LoginUIKit.framework/Versions/A/Frameworks/LoginUICore.framework/Versions/A/LoginUICore
0x000000000877d000 	/usr/lib/libodfde.dylib
0x00000001162cb000 	/Library/Java/JavaVirtualMachines/jdk1.7.0_51.jdk/Contents/Home/jre/lib/libfontmanager.dylib
0x0000000116332000 	/Users/Alina/NetBeansProjects/OrangePickingGame/slick/liblwjgl.dylib
0x0000000114660000 	/Library/Java/JavaVirtualMachines/jdk1.7.0_51.jdk/Contents/Home/jre/lib/libjawt.dylib
0x0000000114663000 	/Library/Java/JavaVirtualMachines/jdk1.7.0_51.jdk/Contents/Home/jre/lib/libnio.dylib
0x0000000114672000 	/Library/Java/JavaVirtualMachines/jdk1.7.0_51.jdk/Contents/Home/jre/lib/./libnet.dylib
0x000000000877d000 	/System/Library/Frameworks/OpenGL.framework/Versions/A/Resources/GLEngine.bundle/GLEngine
0x000000000877d000 	/System/Library/Frameworks/OpenGL.framework/Versions/A/Libraries/libGLProgrammability.dylib
0x00000001163fc000 	/System/Library/Extensions/AppleIntelHD4000GraphicsGLDriver.bundle/Contents/MacOS/AppleIntelHD4000GraphicsGLDriver
0x000000000877d000 	/System/Library/PrivateFrameworks/IOAccelerator.framework/Versions/A/IOAccelerator
0x000000000877d000 	/System/Library/PrivateFrameworks/GPUSupport.framework/Versions/A/Libraries/libGPUSupportMercury.dylib
0x000000000877d000 	/System/Library/Frameworks/OpenGL.framework/Versions/A/Resources/GLRendererFloat.bundle/GLRendererFloat
0x00000001171e8000 	/Users/Alina/NetBeansProjects/OrangePickingGame/slick/libjinput-osx.dylib
0x00000001171ed000 	/System/Library/Extensions/IOHIDFamily.kext/Contents/PlugIns/IOHIDLib.plugin/Contents/MacOS/IOHIDLib

VM Arguments:
jvm_args: -Dfile.encoding=UTF-8 -Djava.library.path=/Users/Alina/NetBeansProjects/OrangePickingGame/slick 
java_command: orangepickinggame.OrangePickingGame
Launcher Type: SUN_STANDARD

Environment Variables:
PATH=/usr/bin:/bin:/usr/sbin:/sbin
LD_LIBRARY_PATH=/Library/Java/JavaVirtualMachines/jdk1.7.0_51.jdk/Contents/Home/jre/lib/amd64:/Library/Java/JavaVirtualMachines/jdk1.7.0_51.jdk/Contents/Home/jre/lib/i386:
SHELL=/bin/bash
DISPLAY=/private/tmp/com.apple.launchd.KWeCoTOs5h/org.macosforge.xquartz:0
DYLD_LIBRARY_PATH=/Applications/NetBeans/NetBeans 7.4.app/Contents/Resources/NetBeans/webcommon/bin:

Signal Handlers:
SIGSEGV: [libjvm.dylib+0x525425], sa_mask[0]=0xfffefeff, sa_flags=0x00000043
SIGBUS: [libjvm.dylib+0x525425], sa_mask[0]=0xfffefeff, sa_flags=0x00000042
SIGFPE: [libjvm.dylib+0x41892a], sa_mask[0]=0xfffefeff, sa_flags=0x00000042
SIGPIPE: [libjvm.dylib+0x41892a], sa_mask[0]=0xfffefeff, sa_flags=0x00000042
SIGXFSZ: [libjvm.dylib+0x41892a], sa_mask[0]=0xfffefeff, sa_flags=0x00000042
SIGILL: [libjvm.dylib+0x41892a], sa_mask[0]=0xfffefeff, sa_flags=0x00000042
SIGUSR1: SIG_DFL, sa_mask[0]=0x00000000, sa_flags=0x00000000
SIGUSR2: [libjvm.dylib+0x41841c], sa_mask[0]=0x00000004, sa_flags=0x00000042
SIGHUP: [libjvm.dylib+0x4166ab], sa_mask[0]=0xfffefeff, sa_flags=0x00000042
SIGINT: SIG_IGN, sa_mask[0]=0x00000000, sa_flags=0x00000000
SIGTERM: [libjvm.dylib+0x4166ab], sa_mask[0]=0xfffefeff, sa_flags=0x00000042
SIGQUIT: [libjvm.dylib+0x4166ab], sa_mask[0]=0xfffefeff, sa_flags=0x00000042


---------------  S Y S T E M  ---------------

OS:Bsduname:Darwin 14.5.0 Darwin Kernel Version 14.5.0: Wed Jul 29 02:26:53 PDT 2015; root:xnu-2782.40.9~1/RELEASE_X86_64 x86_64
rlimit: STACK 8192k, CORE 0k, NPROC 709, NOFILE 10240, AS infinity
load average:1.79 1.87 2.37

CPU:total 4 (2 cores per cpu, 2 threads per core) family 6 model 58 stepping 9, cmov, cx8, fxsr, mmx, sse, sse2, sse3, ssse3, sse4.1, sse4.2, popcnt, avx, aes, erms, ht, tsc, tscinvbit, tscinv

Memory: 4k page, physical 8388608k(2097152k free)

/proc/meminfo:


vm_info: Java HotSpot(TM) 64-Bit Server VM (24.51-b03) for bsd-amd64 JRE (1.7.0_51-b13), built on Dec 18 2013 18:45:56 by "java_re" with gcc 4.2.1 (Based on Apple Inc. build 5658) (LLVM build 2336.11.00)

time: Sat Nov  5 14:56:45 2016
elapsed time: 4 seconds

