#
# A fatal error has been detected by the Java Runtime Environment:
#
#  SIGSEGV (0xb) at pc=0x00007fff974308f2, pid=18819, tid=1299
#
# JRE version: Java(TM) SE Runtime Environment (7.0_51-b13) (build 1.7.0_51-b13)
# Java VM: Java HotSpot(TM) 64-Bit Server VM (24.51-b03 mixed mode bsd-amd64 compressed oops)
# Problematic frame:
# C  [libGPUSupportMercury.dylib+0xb8f2]  gldAttachDrawable+0x60
#
# Failed to write core dump. Core dumps have been disabled. To enable core dumping, try "ulimit -c unlimited" before starting Java again
#
# If you would like to submit a bug report, please visit:
#   http://bugreport.sun.com/bugreport/crash.jsp
# The crash happened outside the Java Virtual Machine in native code.
# See problematic frame for where to report the bug.
#

---------------  T H R E A D  ---------------

Current thread (0x00007fbc7209e000):  JavaThread "AppKit Thread" daemon [_thread_in_native, id=1299, stack(0x00007fff59948000,0x00007fff599c8000)]

siginfo:si_signo=SIGSEGV: si_errno=0, si_code=0 (SEGV0), si_addr=0x0000000000000000

Registers:
RAX=0x2000000000000000, RBX=0x000000000000271e, RCX=0x0000000000000000, RDX=0x00007fbc717acab8
RSP=0x00007fff599c15f0, RBP=0x00007fff599c16f0, RSI=0x0000000000000050, RDI=0x00007fff78aa7070
R8 =0x00007fbc7400aa60, R9 =0x00007fbc74000000, R10=0x000000000000003c, R11=0x0000000000000206
R12=0x0000000000002718, R13=0x00007fbc730b5e00, R14=0x0000000000000050, R15=0x0000000000000000
RIP=0x00007fff974308f2, EFLAGS=0x0000000000010212, ERR=0x0000000000000000
  TRAPNO=0x000000000000000d

Top of Stack: (sp=0x00007fff599c15f0)
0x00007fff599c15f0:   00007fff599c1664 00007fbc71635e50
0x00007fff599c1600:   ffffffffffffffff 0000206000000040
0x00007fff599c1610:   00007fbc71635e68 00007fff9144264f
0x00007fff599c1620:   0000000000000000 2000000000000000
0x00007fff599c1630:   0000000300000003 00007fff599c1778
0x00007fff599c1640:   00007fff599c1704 000000000001f707
0x00007fff599c1650:   00007fff599c16fc 00007fff599c1700
0x00007fff599c1660:   00007fff599c16e0 00007fff92869541
0x00007fff599c1670:   0000000000000000 0000000000000793
0x00007fff599c1680:   0000003400001200 0000020b00000000
0x00007fff599c1690:   00007fff599c16c0 00007fff927ffc5c
0x00007fff599c16a0:   00007fff599c16f0 0000000000000793
0x00007fff599c16b0:   00000000042731c0 000000003c554f98
0x00007fff599c16c0:   480084d23507eec7 00007fbc74000c00
0x00007fff599c16d0:   0000000000002718 0000000000000000
0x00007fff599c16e0:   0000000000000050 0000000000000000
0x00007fff599c16f0:   00007fff599c1740 00007fff8f0dc7e8
0x00007fff599c1700:   00007fbc7400aa60 0000000000000000
0x00007fff599c1710:   00007fbc717acab8 00007fbc7166ee70
0x00007fff599c1720:   0000000000000000 00007fbc7188bf50
0x00007fff599c1730:   00007fbc7188a000 00007fff78aa7070
0x00007fff599c1740:   00007fff599c1830 00007fff90173870
0x00007fff599c1750:   4089000000000000 4074a00000000000
0x00007fff599c1760:   404f800000000000 4083600000000000
0x00007fff599c1770:   4084600000000000 0000000000000000
0x00007fff599c1780:   4036000000000000 4083600000000000
0x00007fff599c1790:   4083b00000000000 0000000000000000
0x00007fff599c17a0:   0000000000000000 0000000000000001
0x00007fff599c17b0:   00007fbc717acab8 0000000000000001
0x00007fff599c17c0:   00007fff599c1830 00007fff9017866b
0x00007fff599c17d0:   0000000100000003 00007fbc7188bf50
0x00007fff599c17e0:   00007fbc7188be88 0000000296ceffff 

Instructions: (pc=0x00007fff974308f2)
0x00007fff974308d2:   48 85 d2 b8 01 00 00 00 bb 15 27 00 00 0f 44 d8
0x00007fff974308e2:   e9 7f 01 00 00 49 8b 45 08 48 89 85 38 ff ff ff
0x00007fff974308f2:   48 8b 00 48 89 85 30 ff ff ff 83 fe 4f 0f 8f fd
0x00007fff97430902:   00 00 00 48 89 d0 bb 15 27 00 00 83 fe 35 0f 84 

Register to memory mapping:

RAX=0x2000000000000000 is an unknown value
RBX=0x000000000000271e is an unknown value
RCX=0x0000000000000000 is an unknown value
RDX=0x00007fbc717acab8 is an unknown value
RSP=0x00007fff599c15f0 is pointing into the stack for thread: 0x00007fbc7209e000
RBP=0x00007fff599c16f0 is pointing into the stack for thread: 0x00007fbc7209e000
RSI=0x0000000000000050 is an unknown value
RDI=0x00007fff78aa7070: __stack_chk_guard+0 in /usr/lib/system/libsystem_c.dylib at 0x00007fff8e0e1000
R8 =0x00007fbc7400aa60 is an unknown value
R9 =0x00007fbc74000000 is an unknown value
R10=0x000000000000003c is an unknown value
R11=0x0000000000000206 is an unknown value
R12=0x0000000000002718 is an unknown value
R13=0x00007fbc730b5e00 is an unknown value
R14=0x0000000000000050 is an unknown value
R15=0x0000000000000000 is an unknown value


Stack: [0x00007fff59948000,0x00007fff599c8000],  sp=0x00007fff599c15f0,  free space=485k
Native frames: (J=compiled Java code, j=interpreted, Vv=VM code, C=native code)
C  [libGPUSupportMercury.dylib+0xb8f2]  gldAttachDrawable+0x60
C  [GLEngine+0x167e8]  gliAttachDrawableWithOptions+0x101
C  [OpenGL+0x3870]  glcGetIOAccelService+0xe03
C  [OpenGL+0x7412]  CGLSetPBuffer+0xb90
C  [OpenGL+0x7735]  CGLSetSurface+0x124
C  [AppKit+0x332c34]  NSOpenGLContextAttachOnScreenViewSurface+0x109
C  [AppKit+0x31db7c]  -[NSOpenGLContext setView:]+0x83
C  [liblwjgl.dylib+0xa586]  -[MacOSXOpenGLView lockFocus]+0x76
C  [AppKit+0xe1f45]  -[NSView _recursiveDisplayRectIfNeededIgnoringOpacity:isVisibleRect:rectIsVisibleRectForView:topView:]+0x740
C  [AppKit+0xe2fa0]  -[NSView _recursiveDisplayRectIfNeededIgnoringOpacity:isVisibleRect:rectIsVisibleRectForView:topView:]+0x179b
C  [AppKit+0xe12f3]  -[NSThemeFrame _recursiveDisplayRectIfNeededIgnoringOpacity:isVisibleRect:rectIsVisibleRectForView:topView:]+0x14d
C  [AppKit+0xdd68b]  -[NSView _displayRectIgnoringOpacity:isVisibleRect:rectIsVisibleRectForView:]+0xac9
C  [AppKit+0x951ae]  -[NSView displayIfNeeded]+0x754
C  [AppKit+0x94a09]  -[NSWindow displayIfNeeded]+0xec
C  [AppKit+0x94672]  _handleWindowNeedsDisplayOrLayoutOrUpdateConstraints+0x3a8
C  [Foundation+0x4ba23]  __NSFireTimer+0x5f
C  [CoreFoundation+0xb72e4]  __CFRUNLOOP_IS_CALLING_OUT_TO_A_TIMER_CALLBACK_FUNCTION__+0x14
C  [CoreFoundation+0xb6f73]  __CFRunLoopDoTimer+0x423
C  [CoreFoundation+0x12a53d]  __CFRunLoopDoTimers+0x12d
C  [CoreFoundation+0x72608]  __CFRunLoopRun+0x7e8
C  [CoreFoundation+0x71bd8]  CFRunLoopRunSpecific+0x128
C  [HIToolbox+0x3256f]  RunCurrentEventLoopInMode+0xeb
C  [HIToolbox+0x322ea]  ReceiveNextEventCommon+0x1af
C  [HIToolbox+0x3212b]  _BlockUntilNextEventMatchingListInModeWithFilter+0x47
C  [AppKit+0x918ab]  _DPSNextEvent+0x3d2
C  [AppKit+0x90e58]  -[NSApplication nextEventMatchingMask:untilDate:inMode:dequeue:]+0x15a
C  [libosxapp.dylib+0x16f4]  -[NSApplicationAWT nextEventMatchingMask:untilDate:inMode:dequeue:]+0x7c
C  [AppKit+0x86af3]  -[NSApplication run]+0x252
C  [libosxapp.dylib+0x1557]  +[NSApplicationAWT runAWTLoopWithApp:]+0x9c
C  [liblwawt.dylib+0xdba9]  -[AWTStarter starter:]+0x369
C  [Foundation+0x92dd0]  __NSThreadPerformPerform+0x125
C  [CoreFoundation+0x80a01]  __CFRUNLOOP_IS_CALLING_OUT_TO_A_SOURCE0_PERFORM_FUNCTION__+0x11
C  [CoreFoundation+0x72b8d]  __CFRunLoopDoSources0+0x10d
C  [CoreFoundation+0x721bf]  __CFRunLoopRun+0x39f
C  [CoreFoundation+0x71bd8]  CFRunLoopRunSpecific+0x128
C  [java+0x73b0]  CreateExecutionEnvironment+0x367
C  [java+0x1b5c]  JLI_Launch+0x7a0
C  [java+0x770d]  main+0x65
C  [java+0x13b4]  start+0x34


---------------  P R O C E S S  ---------------

Java Threads: ( => current thread )
  0x00007fbc7317b800 JavaThread "AWT-Shutdown" [_thread_blocked, id=21271, stack(0x00000001186ce000,0x00000001187ce000)]
  0x00007fbc730f1800 JavaThread "Java2D Queue Flusher" daemon [_thread_blocked, id=55815, stack(0x000000011a0f7000,0x000000011a1f7000)]
  0x00007fbc72176000 JavaThread "Java2D Disposer" daemon [_thread_blocked, id=53767, stack(0x0000000119d29000,0x0000000119e29000)]
=>0x00007fbc7209e000 JavaThread "AppKit Thread" daemon [_thread_in_native, id=1299, stack(0x00007fff59948000,0x00007fff599c8000)]
  0x00007fbc72054800 JavaThread "Service Thread" daemon [_thread_blocked, id=17667, stack(0x0000000112b88000,0x0000000112c88000)]
  0x00007fbc72053800 JavaThread "C2 CompilerThread1" daemon [_thread_blocked, id=17155, stack(0x0000000112a85000,0x0000000112b85000)]
  0x00007fbc72825800 JavaThread "C2 CompilerThread0" daemon [_thread_blocked, id=16643, stack(0x0000000112982000,0x0000000112a82000)]
  0x00007fbc72052000 JavaThread "Signal Dispatcher" daemon [_thread_blocked, id=13331, stack(0x000000011287f000,0x000000011297f000)]
  0x00007fbc7280f800 JavaThread "Finalizer" daemon [_thread_blocked, id=11523, stack(0x0000000110e6d000,0x0000000110f6d000)]
  0x00007fbc7280d000 JavaThread "Reference Handler" daemon [_thread_blocked, id=11011, stack(0x0000000110d6a000,0x0000000110e6a000)]
  0x00007fbc72801800 JavaThread "main" [_thread_in_native, id=4867, stack(0x0000000107601000,0x0000000107701000)]

Other Threads:
  0x00007fbc72047000 VMThread [stack: 0x0000000110c67000,0x0000000110d67000] [id=10499]
  0x00007fbc72810800 WatcherThread [stack: 0x0000000112c8b000,0x0000000112d8b000] [id=18179]

VM state:not at safepoint (normal execution)

VM Mutex/Monitor currently owned by a thread: None

Heap
 PSYoungGen      total 72704K, used 44425K [0x00000007d5500000, 0x00000007de800000, 0x0000000800000000)
  eden space 67584K, 58% used [0x00000007d5500000,0x00000007d7b6a4d0,0x00000007d9700000)
  from space 5120K, 99% used [0x00000007d9700000,0x00000007d9bf8040,0x00000007d9c00000)
  to   space 7680K, 0% used [0x00000007de080000,0x00000007de080000,0x00000007de800000)
 ParOldGen       total 87040K, used 6720K [0x0000000780000000, 0x0000000785500000, 0x00000007d5500000)
  object space 87040K, 7% used [0x0000000780000000,0x0000000780690060,0x0000000785500000)
 PSPermGen       total 21504K, used 11175K [0x000000077ae00000, 0x000000077c300000, 0x0000000780000000)
  object space 21504K, 51% used [0x000000077ae00000,0x000000077b8e9cf0,0x000000077c300000)

Card table byte_map: [0x000000010a7c3000,0x000000010abed000] byte_map_base: 0x0000000106bec000

Polling page: 0x0000000106ddd000

Code Cache  [0x0000000107703000, 0x0000000107973000, 0x000000010a703000)
 total_blobs=861 nmethods=373 adapters=442 free_code_cache=47660Kb largest_free_block=48762496

Compilation events (10 events):
Event: 35.443 Thread 0x00007fbc72825800  376             java.io.BufferedWriter::ensureOpen (18 bytes)
Event: 35.443 Thread 0x00007fbc72825800 nmethod 376 0x0000000107877850 code [0x0000000107877980, 0x00000001078779f8]
Event: 35.443 Thread 0x00007fbc72825800  377   !         java.io.BufferedWriter::write (117 bytes)
Event: 35.449 Thread 0x00007fbc72825800 nmethod 377 0x0000000107879a50 code [0x0000000107879bc0, 0x000000010787a2a8]
Event: 35.464 Thread 0x00007fbc72053800  378  s          java.io.BufferedOutputStream::flush (12 bytes)
Event: 35.466 Thread 0x00007fbc72825800  379             java.io.BufferedOutputStream::flushBuffer (29 bytes)
Event: 35.467 Thread 0x00007fbc72825800 nmethod 379 0x000000010787a650 code [0x000000010787a7a0, 0x000000010787a888]
Event: 35.467 Thread 0x00007fbc72825800  380             java.io.OutputStream::flush (1 bytes)
Event: 35.467 Thread 0x00007fbc72053800 nmethod 378 0x0000000107877150 code [0x00000001078772c0, 0x00000001078776a8]
Event: 35.468 Thread 0x00007fbc72825800 nmethod 380 0x000000010787ab10 code [0x000000010787ac40, 0x000000010787ac98]

GC Heap History (10 events):
Event: 1.302 GC heap before
{Heap before GC invocations=1 (full 0):
 PSYoungGen      total 38912K, used 33792K [0x00000007d5500000, 0x00000007d8000000, 0x0000000800000000)
  eden space 33792K, 100% used [0x00000007d5500000,0x00000007d7600000,0x00000007d7600000)
  from space 5120K, 0% used [0x00000007d7b00000,0x00000007d7b00000,0x00000007d8000000)
  to   space 5120K, 0% used [0x00000007d7600000,0x00000007d7600000,0x00000007d7b00000)
 ParOldGen       total 87040K, used 0K [0x0000000780000000, 0x0000000785500000, 0x00000007d5500000)
  object space 87040K, 0% used [0x0000000780000000,0x0000000780000000,0x0000000785500000)
 PSPermGen       total 21504K, used 10185K [0x000000077ae00000, 0x000000077c300000, 0x0000000780000000)
  object space 21504K, 47% used [0x000000077ae00000,0x000000077b7f24a8,0x000000077c300000)
Event: 1.312 GC heap after
Heap after GC invocations=1 (full 0):
 PSYoungGen      total 38912K, used 3270K [0x00000007d5500000, 0x00000007d8000000, 0x0000000800000000)
  eden space 33792K, 0% used [0x00000007d5500000,0x00000007d5500000,0x00000007d7600000)
  from space 5120K, 63% used [0x00000007d7600000,0x00000007d7931828,0x00000007d7b00000)
  to   space 5120K, 0% used [0x00000007d7b00000,0x00000007d7b00000,0x00000007d8000000)
 ParOldGen       total 87040K, used 8K [0x0000000780000000, 0x0000000785500000, 0x00000007d5500000)
  object space 87040K, 0% used [0x0000000780000000,0x0000000780002000,0x0000000785500000)
 PSPermGen       total 21504K, used 10185K [0x000000077ae00000, 0x000000077c300000, 0x0000000780000000)
  object space 21504K, 47% used [0x000000077ae00000,0x000000077b7f24a8,0x000000077c300000)
}
Event: 1.544 GC heap before
{Heap before GC invocations=2 (full 0):
 PSYoungGen      total 38912K, used 37062K [0x00000007d5500000, 0x00000007d8000000, 0x0000000800000000)
  eden space 33792K, 100% used [0x00000007d5500000,0x00000007d7600000,0x00000007d7600000)
  from space 5120K, 63% used [0x00000007d7600000,0x00000007d7931828,0x00000007d7b00000)
  to   space 5120K, 0% used [0x00000007d7b00000,0x00000007d7b00000,0x00000007d8000000)
 ParOldGen       total 87040K, used 8K [0x0000000780000000, 0x0000000785500000, 0x00000007d5500000)
  object space 87040K, 0% used [0x0000000780000000,0x0000000780002000,0x0000000785500000)
 PSPermGen       total 21504K, used 10505K [0x000000077ae00000, 0x000000077c300000, 0x0000000780000000)
  object space 21504K, 48% used [0x000000077ae00000,0x000000077b8426c8,0x000000077c300000)
Event: 1.549 GC heap after
Heap after GC invocations=2 (full 0):
 PSYoungGen      total 38912K, used 5080K [0x00000007d5500000, 0x00000007da100000, 0x0000000800000000)
  eden space 33792K, 0% used [0x00000007d5500000,0x00000007d5500000,0x00000007d7600000)
  from space 5120K, 99% used [0x00000007d7b00000,0x00000007d7ff6188,0x00000007d8000000)
  to   space 5120K, 0% used [0x00000007d7600000,0x00000007d7600000,0x00000007d7b00000)
 ParOldGen       total 87040K, used 1040K [0x0000000780000000, 0x0000000785500000, 0x00000007d5500000)
  object space 87040K, 1% used [0x0000000780000000,0x0000000780104010,0x0000000785500000)
 PSPermGen       total 21504K, used 10505K [0x000000077ae00000, 0x000000077c300000, 0x0000000780000000)
  object space 21504K, 48% used [0x000000077ae00000,0x000000077b8426c8,0x000000077c300000)
}
Event: 1.753 GC heap before
{Heap before GC invocations=3 (full 0):
 PSYoungGen      total 38912K, used 38872K [0x00000007d5500000, 0x00000007da100000, 0x0000000800000000)
  eden space 33792K, 100% used [0x00000007d5500000,0x00000007d7600000,0x00000007d7600000)
  from space 5120K, 99% used [0x00000007d7b00000,0x00000007d7ff6188,0x00000007d8000000)
  to   space 5120K, 0% used [0x00000007d7600000,0x00000007d7600000,0x00000007d7b00000)
 ParOldGen       total 87040K, used 1040K [0x0000000780000000, 0x0000000785500000, 0x00000007d5500000)
  object space 87040K, 1% used [0x0000000780000000,0x0000000780104010,0x0000000785500000)
 PSPermGen       total 21504K, used 10515K [0x000000077ae00000, 0x000000077c300000, 0x0000000780000000)
  object space 21504K, 48% used [0x000000077ae00000,0x000000077b844da8,0x000000077c300000)
Event: 1.759 GC heap after
Heap after GC invocations=3 (full 0):
 PSYoungGen      total 38912K, used 3968K [0x00000007d5500000, 0x00000007da100000, 0x0000000800000000)
  eden space 33792K, 0% used [0x00000007d5500000,0x00000007d5500000,0x00000007d7600000)
  from space 5120K, 77% used [0x00000007d7600000,0x00000007d79e0030,0x00000007d7b00000)
  to   space 5120K, 0% used [0x00000007d9c00000,0x00000007d9c00000,0x00000007da100000)
 ParOldGen       total 87040K, used 1112K [0x0000000780000000, 0x0000000785500000, 0x00000007d5500000)
  object space 87040K, 1% used [0x0000000780000000,0x0000000780116020,0x0000000785500000)
 PSPermGen       total 21504K, used 10515K [0x000000077ae00000, 0x000000077c300000, 0x0000000780000000)
  object space 21504K, 48% used [0x000000077ae00000,0x000000077b844da8,0x000000077c300000)
}
Event: 1.887 GC heap before
{Heap before GC invocations=4 (full 0):
 PSYoungGen      total 38912K, used 37760K [0x00000007d5500000, 0x00000007da100000, 0x0000000800000000)
  eden space 33792K, 100% used [0x00000007d5500000,0x00000007d7600000,0x00000007d7600000)
  from space 5120K, 77% used [0x00000007d7600000,0x00000007d79e0030,0x00000007d7b00000)
  to   space 5120K, 0% used [0x00000007d9c00000,0x00000007d9c00000,0x00000007da100000)
 ParOldGen       total 87040K, used 1112K [0x0000000780000000, 0x0000000785500000, 0x00000007d5500000)
  object space 87040K, 1% used [0x0000000780000000,0x0000000780116020,0x0000000785500000)
 PSPermGen       total 21504K, used 10520K [0x000000077ae00000, 0x000000077c300000, 0x0000000780000000)
  object space 21504K, 48% used [0x000000077ae00000,0x000000077b846318,0x000000077c300000)
Event: 1.893 GC heap after
Heap after GC invocations=4 (full 0):
 PSYoungGen      total 72704K, used 4880K [0x00000007d5500000, 0x00000007da100000, 0x0000000800000000)
  eden space 67584K, 0% used [0x00000007d5500000,0x00000007d5500000,0x00000007d9700000)
  from space 5120K, 95% used [0x00000007d9c00000,0x00000007da0c4050,0x00000007da100000)
  to   space 5120K, 0% used [0x00000007d9700000,0x00000007d9700000,0x00000007d9c00000)
 ParOldGen       total 87040K, used 4192K [0x0000000780000000, 0x0000000785500000, 0x00000007d5500000)
  object space 87040K, 4% used [0x0000000780000000,0x0000000780418050,0x0000000785500000)
 PSPermGen       total 21504K, used 10520K [0x000000077ae00000, 0x000000077c300000, 0x0000000780000000)
  object space 21504K, 48% used [0x000000077ae00000,0x000000077b846318,0x000000077c300000)
}
Event: 2.264 GC heap before
{Heap before GC invocations=5 (full 0):
 PSYoungGen      total 72704K, used 72464K [0x00000007d5500000, 0x00000007da100000, 0x0000000800000000)
  eden space 67584K, 100% used [0x00000007d5500000,0x00000007d9700000,0x00000007d9700000)
  from space 5120K, 95% used [0x00000007d9c00000,0x00000007da0c4050,0x00000007da100000)
  to   space 5120K, 0% used [0x00000007d9700000,0x00000007d9700000,0x00000007d9c00000)
 ParOldGen       total 87040K, used 4192K [0x0000000780000000, 0x0000000785500000, 0x00000007d5500000)
  object space 87040K, 4% used [0x0000000780000000,0x0000000780418050,0x0000000785500000)
 PSPermGen       total 21504K, used 10559K [0x000000077ae00000, 0x000000077c300000, 0x0000000780000000)
  object space 21504K, 49% used [0x000000077ae00000,0x000000077b84ff58,0x000000077c300000)
Event: 2.270 GC heap after
Heap after GC invocations=5 (full 0):
 PSYoungGen      total 72704K, used 5088K [0x00000007d5500000, 0x00000007de800000, 0x0000000800000000)
  eden space 67584K, 0% used [0x00000007d5500000,0x00000007d5500000,0x00000007d9700000)
  from space 5120K, 99% used [0x00000007d9700000,0x00000007d9bf8040,0x00000007d9c00000)
  to   space 7680K, 0% used [0x00000007de080000,0x00000007de080000,0x00000007de800000)
 ParOldGen       total 87040K, used 6720K [0x0000000780000000, 0x0000000785500000, 0x00000007d5500000)
  object space 87040K, 7% used [0x0000000780000000,0x0000000780690060,0x0000000785500000)
 PSPermGen       total 21504K, used 10559K [0x000000077ae00000, 0x000000077c300000, 0x0000000780000000)
  object space 21504K, 49% used [0x000000077ae00000,0x000000077b84ff58,0x000000077c300000)
}

Deoptimization events (10 events):
Event: 1.495 Thread 0x00007fbc72801800 Uncommon trap: reason=class_check action=maybe_recompile pc=0x00000001077b3488 method=java.util.zip.InflaterInputStream.read([BII)I @ 100
Event: 1.589 Thread 0x00007fbc72801800 Uncommon trap: reason=null_check action=make_not_entrant pc=0x00000001077c3d20 method=org.newdawn.slick.tiled.Layer.<init>(Lorg/newdawn/slick/tiled/TiledMap;Lorg/w3c/dom/Element;)V @ 82
Event: 2.272 Thread 0x00007fbc72801800 Uncommon trap: reason=class_check action=maybe_recompile pc=0x00000001077b3488 method=java.util.zip.InflaterInputStream.read([BII)I @ 100
Event: 18.645 Thread 0x00007fbc72801800 Uncommon trap: reason=unloaded action=reinterpret pc=0x00000001077fce44 method=sun.misc.FloatingDecimal.dtoa(IJI)V @ 1008
Event: 31.830 Thread 0x00007fbc72801800 Uncommon trap: reason=bimorphic action=maybe_recompile pc=0x000000010785a9c4 method=org.newdawn.slick.state.StateBasedGame.update(Lorg/newdawn/slick/GameContainer;I)V @ 154
Event: 31.833 Thread 0x00007fbc72801800 Uncommon trap: reason=bimorphic action=maybe_recompile pc=0x000000010785a9c4 method=org.newdawn.slick.state.StateBasedGame.update(Lorg/newdawn/slick/GameContainer;I)V @ 154
Event: 31.836 Thread 0x00007fbc72801800 Uncommon trap: reason=bimorphic action=maybe_recompile pc=0x000000010785a9c4 method=org.newdawn.slick.state.StateBasedGame.update(Lorg/newdawn/slick/GameContainer;I)V @ 154
Event: 31.838 Thread 0x00007fbc72801800 Uncommon trap: reason=bimorphic action=maybe_recompile pc=0x000000010785a9c4 method=org.newdawn.slick.state.StateBasedGame.update(Lorg/newdawn/slick/GameContainer;I)V @ 154
Event: 31.841 Thread 0x00007fbc72801800 Uncommon trap: reason=bimorphic action=maybe_recompile pc=0x0000000107849f68 method=org.newdawn.slick.state.StateBasedGame.update(Lorg/newdawn/slick/GameContainer;I)V @ 154
Event: 31.965 Thread 0x00007fbc72801800 Uncommon trap: reason=null_assert action=make_not_entrant pc=0x0000000107854744 method=orangepickinggame.PlayLevelThree.render(Lorg/newdawn/slick/GameContainer;Lorg/newdawn/slick/state/StateBasedGame;Lorg/newdawn/slick/Graphics;)V @ 114

Internal exceptions (10 events):
Event: 8.123 Thread 0x00007fbc72801800 Threw 0x00000007d59efdc0 at /HUDSON/workspace/7u-2-build-macosx-x86_64/jdk7u51/527/hotspot/src/share/vm/prims/jvm.cpp:1244
Event: 8.124 Thread 0x00007fbc72801800 Threw 0x00000007d59f4130 at /HUDSON/workspace/7u-2-build-macosx-x86_64/jdk7u51/527/hotspot/src/share/vm/prims/jvm.cpp:1244
Event: 31.965 Thread 0x00007fbc72801800 Threw 0x00000007d74a2a90 at /HUDSON/workspace/7u-2-build-macosx-x86_64/jdk7u51/527/hotspot/src/share/vm/prims/jvm.cpp:1244
Event: 31.965 Thread 0x00007fbc72801800 Threw 0x00000007d74a5a18 at /HUDSON/workspace/7u-2-build-macosx-x86_64/jdk7u51/527/hotspot/src/share/vm/prims/jvm.cpp:1244
Event: 31.966 Thread 0x00007fbc72801800 Threw 0x00000007d74ac1e0 at /HUDSON/workspace/7u-2-build-macosx-x86_64/jdk7u51/527/hotspot/src/share/vm/prims/jvm.cpp:1244
Event: 31.966 Thread 0x00007fbc72801800 Threw 0x00000007d74aef98 at /HUDSON/workspace/7u-2-build-macosx-x86_64/jdk7u51/527/hotspot/src/share/vm/prims/jvm.cpp:1244
Event: 31.967 Thread 0x00007fbc72801800 Threw 0x00000007d74b8260 at /HUDSON/workspace/7u-2-build-macosx-x86_64/jdk7u51/527/hotspot/src/share/vm/prims/jvm.cpp:1244
Event: 31.967 Thread 0x00007fbc72801800 Threw 0x00000007d74bb940 at /HUDSON/workspace/7u-2-build-macosx-x86_64/jdk7u51/527/hotspot/src/share/vm/prims/jvm.cpp:1244
Event: 31.967 Thread 0x00007fbc72801800 Threw 0x00000007d74beb38 at /HUDSON/workspace/7u-2-build-macosx-x86_64/jdk7u51/527/hotspot/src/share/vm/prims/jvm.cpp:1244
Event: 31.968 Thread 0x00007fbc72801800 Threw 0x00000007d74c1f08 at /HUDSON/workspace/7u-2-build-macosx-x86_64/jdk7u51/527/hotspot/src/share/vm/prims/jvm.cpp:1244

Events (10 events):
Event: 35.352 loading class 0x00007fbc72adc060
Event: 35.352 loading class 0x00007fbc72adc060 done
Event: 35.352 loading class 0x00007fbc72ae0a00
Event: 35.390 loading class 0x00007fbc72ae0a00 done
Event: 35.390 loading class 0x00007fbc72537ba0
Event: 35.390 loading class 0x00007fbc72537ba0 done
Event: 35.391 loading class 0x00007fbc72ae0ed0
Event: 35.391 loading class 0x00007fbc72ae0ed0 done
Event: 35.391 loading class 0x00007fbc72537bd0
Event: 35.391 loading class 0x00007fbc72537bd0 done


Dynamic libraries:
0x0000000007a20000 	/System/Library/Frameworks/Cocoa.framework/Versions/A/Cocoa
0x0000000007a20000 	/System/Library/Frameworks/Security.framework/Versions/A/Security
0x0000000007a20000 	/System/Library/Frameworks/ApplicationServices.framework/Versions/A/ApplicationServices
0x0000000007a20000 	/usr/lib/libz.1.dylib
0x0000000007a20000 	/usr/lib/libSystem.B.dylib
0x0000000007a20000 	/usr/lib/libobjc.A.dylib
0x0000000007a20000 	/System/Library/Frameworks/CoreFoundation.framework/Versions/A/CoreFoundation
0x0000000007a20000 	/System/Library/Frameworks/Foundation.framework/Versions/C/Foundation
0x0000000007a20000 	/System/Library/Frameworks/AppKit.framework/Versions/C/AppKit
0x0000000007a20000 	/System/Library/Frameworks/CoreData.framework/Versions/A/CoreData
0x0000000007a20000 	/System/Library/PrivateFrameworks/RemoteViewServices.framework/Versions/A/RemoteViewServices
0x0000000007a20000 	/System/Library/PrivateFrameworks/UIFoundation.framework/Versions/A/UIFoundation
0x0000000007a20000 	/System/Library/Frameworks/IOSurface.framework/Versions/A/IOSurface
0x0000000007a20000 	/System/Library/Frameworks/AudioToolbox.framework/Versions/A/AudioToolbox
0x0000000007a20000 	/System/Library/Frameworks/AudioUnit.framework/Versions/A/AudioUnit
0x0000000007a20000 	/System/Library/PrivateFrameworks/DataDetectorsCore.framework/Versions/A/DataDetectorsCore
0x0000000007a20000 	/System/Library/PrivateFrameworks/DesktopServicesPriv.framework/Versions/A/DesktopServicesPriv
0x0000000007a20000 	/System/Library/Frameworks/Carbon.framework/Versions/A/Frameworks/HIToolbox.framework/Versions/A/HIToolbox
0x0000000007a20000 	/System/Library/Frameworks/QuartzCore.framework/Versions/A/QuartzCore
0x0000000007a20000 	/System/Library/Frameworks/Carbon.framework/Versions/A/Frameworks/SpeechRecognition.framework/Versions/A/SpeechRecognition
0x0000000007a20000 	/usr/lib/libauto.dylib
0x0000000007a20000 	/usr/lib/libicucore.A.dylib
0x0000000007a20000 	/usr/lib/libxml2.2.dylib
0x0000000007a20000 	/System/Library/PrivateFrameworks/CoreUI.framework/Versions/A/CoreUI
0x0000000007a20000 	/System/Library/Frameworks/CoreAudio.framework/Versions/A/CoreAudio
0x0000000007a20000 	/System/Library/Frameworks/DiskArbitration.framework/Versions/A/DiskArbitration
0x0000000007a20000 	/usr/lib/liblangid.dylib
0x0000000007a20000 	/System/Library/PrivateFrameworks/MultitouchSupport.framework/Versions/A/MultitouchSupport
0x0000000007a20000 	/System/Library/Frameworks/IOKit.framework/Versions/A/IOKit
0x0000000007a20000 	/usr/lib/libDiagnosticMessagesClient.dylib
0x0000000007a20000 	/System/Library/Frameworks/CoreServices.framework/Versions/A/CoreServices
0x0000000007a20000 	/System/Library/PrivateFrameworks/PerformanceAnalysis.framework/Versions/A/PerformanceAnalysis
0x0000000007a20000 	/System/Library/PrivateFrameworks/GenerationalStorage.framework/Versions/A/GenerationalStorage
0x0000000007a20000 	/System/Library/Frameworks/OpenGL.framework/Versions/A/OpenGL
0x0000000007a20000 	/System/Library/PrivateFrameworks/Sharing.framework/Versions/A/Sharing
0x0000000007a20000 	/System/Library/Frameworks/CoreGraphics.framework/Versions/A/CoreGraphics
0x0000000007a20000 	/System/Library/Frameworks/CoreText.framework/Versions/A/CoreText
0x0000000007a20000 	/System/Library/Frameworks/ImageIO.framework/Versions/A/ImageIO
0x0000000007a20000 	/usr/lib/libextension.dylib
0x0000000007a20000 	/System/Library/PrivateFrameworks/Backup.framework/Versions/A/Backup
0x0000000007a20000 	/usr/lib/libarchive.2.dylib
0x0000000007a20000 	/System/Library/Frameworks/CFNetwork.framework/Versions/A/CFNetwork
0x0000000007a20000 	/System/Library/Frameworks/SystemConfiguration.framework/Versions/A/SystemConfiguration
0x0000000007a20000 	/usr/lib/libCRFSuite.dylib
0x0000000007a20000 	/usr/lib/libc++.1.dylib
0x0000000007a20000 	/usr/lib/libc++abi.dylib
0x0000000007a20000 	/usr/lib/system/libcache.dylib
0x0000000007a20000 	/usr/lib/system/libcommonCrypto.dylib
0x0000000007a20000 	/usr/lib/system/libcompiler_rt.dylib
0x0000000007a20000 	/usr/lib/system/libcopyfile.dylib
0x0000000007a20000 	/usr/lib/system/libcorecrypto.dylib
0x0000000007a20000 	/usr/lib/system/libdispatch.dylib
0x0000000007a20000 	/usr/lib/system/libdyld.dylib
0x0000000007a20000 	/usr/lib/system/libkeymgr.dylib
0x0000000007a20000 	/usr/lib/system/liblaunch.dylib
0x0000000007a20000 	/usr/lib/system/libmacho.dylib
0x0000000007a20000 	/usr/lib/system/libquarantine.dylib
0x0000000007a20000 	/usr/lib/system/libremovefile.dylib
0x0000000007a20000 	/usr/lib/system/libsystem_asl.dylib
0x0000000007a20000 	/usr/lib/system/libsystem_blocks.dylib
0x0000000007a20000 	/usr/lib/system/libsystem_c.dylib
0x0000000007a20000 	/usr/lib/system/libsystem_configuration.dylib
0x0000000007a20000 	/usr/lib/system/libsystem_coreservices.dylib
0x0000000007a20000 	/usr/lib/system/libsystem_coretls.dylib
0x0000000007a20000 	/usr/lib/system/libsystem_dnssd.dylib
0x0000000007a20000 	/usr/lib/system/libsystem_info.dylib
0x0000000007a20000 	/usr/lib/system/libsystem_kernel.dylib
0x0000000007a20000 	/usr/lib/system/libsystem_m.dylib
0x0000000007a20000 	/usr/lib/system/libsystem_malloc.dylib
0x0000000007a20000 	/usr/lib/system/libsystem_network.dylib
0x0000000007a20000 	/usr/lib/system/libsystem_networkextension.dylib
0x0000000007a20000 	/usr/lib/system/libsystem_notify.dylib
0x0000000007a20000 	/usr/lib/system/libsystem_platform.dylib
0x0000000007a20000 	/usr/lib/system/libsystem_pthread.dylib
0x0000000007a20000 	/usr/lib/system/libsystem_sandbox.dylib
0x0000000007a20000 	/usr/lib/system/libsystem_secinit.dylib
0x0000000007a20000 	/usr/lib/system/libsystem_stats.dylib
0x0000000007a20000 	/usr/lib/system/libsystem_trace.dylib
0x0000000007a20000 	/usr/lib/system/libunc.dylib
0x0000000007a20000 	/usr/lib/system/libunwind.dylib
0x0000000007a20000 	/usr/lib/system/libxpc.dylib
0x0000000007a20000 	/usr/lib/libbz2.1.0.dylib
0x0000000007a20000 	/usr/lib/liblzma.5.dylib
0x0000000007a20000 	/usr/lib/libbsm.0.dylib
0x0000000007a20000 	/usr/lib/libsqlite3.dylib
0x0000000007a20000 	/usr/lib/system/libkxld.dylib
0x0000000007a20000 	/usr/lib/libxar.1.dylib
0x0000000007a20000 	/usr/lib/libpam.2.dylib
0x0000000007a20000 	/usr/lib/libOpenScriptingUtil.dylib
0x0000000007a20000 	/System/Library/Frameworks/CoreServices.framework/Versions/A/Frameworks/FSEvents.framework/Versions/A/FSEvents
0x0000000007a20000 	/System/Library/Frameworks/CoreServices.framework/Versions/A/Frameworks/CarbonCore.framework/Versions/A/CarbonCore
0x0000000007a20000 	/System/Library/Frameworks/CoreServices.framework/Versions/A/Frameworks/Metadata.framework/Versions/A/Metadata
0x0000000007a20000 	/System/Library/Frameworks/CoreServices.framework/Versions/A/Frameworks/OSServices.framework/Versions/A/OSServices
0x0000000007a20000 	/System/Library/Frameworks/CoreServices.framework/Versions/A/Frameworks/SearchKit.framework/Versions/A/SearchKit
0x0000000007a20000 	/System/Library/Frameworks/CoreServices.framework/Versions/A/Frameworks/AE.framework/Versions/A/AE
0x0000000007a20000 	/System/Library/Frameworks/CoreServices.framework/Versions/A/Frameworks/LaunchServices.framework/Versions/A/LaunchServices
0x0000000007a20000 	/System/Library/Frameworks/CoreServices.framework/Versions/A/Frameworks/DictionaryServices.framework/Versions/A/DictionaryServices
0x0000000007a20000 	/System/Library/Frameworks/NetFS.framework/Versions/A/NetFS
0x0000000007a20000 	/System/Library/PrivateFrameworks/NetAuth.framework/Versions/A/NetAuth
0x0000000007a20000 	/System/Library/PrivateFrameworks/login.framework/Versions/A/Frameworks/loginsupport.framework/Versions/A/loginsupport
0x0000000007a20000 	/System/Library/PrivateFrameworks/TCC.framework/Versions/A/TCC
0x0000000007a20000 	/usr/lib/libmecabra.dylib
0x0000000007a20000 	/System/Library/Frameworks/ApplicationServices.framework/Versions/A/Frameworks/ATS.framework/Versions/A/ATS
0x0000000007a20000 	/System/Library/Frameworks/ApplicationServices.framework/Versions/A/Frameworks/ColorSync.framework/Versions/A/ColorSync
0x0000000007a20000 	/System/Library/Frameworks/ApplicationServices.framework/Versions/A/Frameworks/HIServices.framework/Versions/A/HIServices
0x0000000007a20000 	/System/Library/Frameworks/ApplicationServices.framework/Versions/A/Frameworks/LangAnalysis.framework/Versions/A/LangAnalysis
0x0000000007a20000 	/System/Library/Frameworks/ApplicationServices.framework/Versions/A/Frameworks/PrintCore.framework/Versions/A/PrintCore
0x0000000007a20000 	/System/Library/Frameworks/ApplicationServices.framework/Versions/A/Frameworks/QD.framework/Versions/A/QD
0x0000000007a20000 	/System/Library/Frameworks/ApplicationServices.framework/Versions/A/Frameworks/SpeechSynthesis.framework/Versions/A/SpeechSynthesis
0x0000000007a20000 	/System/Library/Frameworks/Accelerate.framework/Versions/A/Accelerate
0x0000000007a20000 	/System/Library/Frameworks/Accelerate.framework/Versions/A/Frameworks/vImage.framework/Versions/A/vImage
0x0000000007a20000 	/System/Library/Frameworks/Accelerate.framework/Versions/A/Frameworks/vecLib.framework/Versions/A/vecLib
0x0000000007a20000 	/System/Library/Frameworks/Accelerate.framework/Versions/A/Frameworks/vecLib.framework/Versions/A/libvDSP.dylib
0x0000000007a20000 	/System/Library/Frameworks/Accelerate.framework/Versions/A/Frameworks/vecLib.framework/Versions/A/libvMisc.dylib
0x0000000007a20000 	/System/Library/Frameworks/Accelerate.framework/Versions/A/Frameworks/vecLib.framework/Versions/A/libLAPACK.dylib
0x0000000007a20000 	/System/Library/Frameworks/Accelerate.framework/Versions/A/Frameworks/vecLib.framework/Versions/A/libBLAS.dylib
0x0000000007a20000 	/System/Library/Frameworks/Accelerate.framework/Versions/A/Frameworks/vecLib.framework/Versions/A/libLinearAlgebra.dylib
0x0000000007a20000 	/System/Library/Frameworks/ApplicationServices.framework/Versions/A/Frameworks/ATS.framework/Versions/A/Resources/libFontParser.dylib
0x0000000007a20000 	/System/Library/Frameworks/ApplicationServices.framework/Versions/A/Frameworks/ATS.framework/Versions/A/Resources/libFontRegistry.dylib
0x0000000007a20000 	/System/Library/PrivateFrameworks/AppleVPA.framework/Versions/A/AppleVPA
0x0000000007a20000 	/System/Library/PrivateFrameworks/AppleJPEG.framework/Versions/A/AppleJPEG
0x0000000007a20000 	/System/Library/Frameworks/ImageIO.framework/Versions/A/Resources/libJPEG.dylib
0x0000000007a20000 	/System/Library/Frameworks/ImageIO.framework/Versions/A/Resources/libTIFF.dylib
0x0000000007a20000 	/System/Library/Frameworks/ImageIO.framework/Versions/A/Resources/libPng.dylib
0x0000000007a20000 	/System/Library/Frameworks/ImageIO.framework/Versions/A/Resources/libGIF.dylib
0x0000000007a20000 	/System/Library/Frameworks/ImageIO.framework/Versions/A/Resources/libJP2.dylib
0x0000000007a20000 	/System/Library/Frameworks/ImageIO.framework/Versions/A/Resources/libRadiance.dylib
0x0000000007a20000 	/System/Library/Frameworks/CoreVideo.framework/Versions/A/CoreVideo
0x0000000007a20000 	/System/Library/Frameworks/OpenGL.framework/Versions/A/Libraries/libGLU.dylib
0x0000000007a20000 	/System/Library/Frameworks/OpenGL.framework/Versions/A/Libraries/libGFXShared.dylib
0x0000000007a20000 	/System/Library/Frameworks/OpenGL.framework/Versions/A/Libraries/libGL.dylib
0x0000000007a20000 	/System/Library/Frameworks/OpenGL.framework/Versions/A/Libraries/libGLImage.dylib
0x0000000007a20000 	/System/Library/Frameworks/OpenGL.framework/Versions/A/Libraries/libCVMSPluginSupport.dylib
0x0000000007a20000 	/System/Library/Frameworks/OpenGL.framework/Versions/A/Libraries/libCoreVMClient.dylib
0x0000000007a20000 	/usr/lib/libcups.2.dylib
0x0000000007a20000 	/System/Library/Frameworks/Kerberos.framework/Versions/A/Kerberos
0x0000000007a20000 	/System/Library/Frameworks/GSS.framework/Versions/A/GSS
0x0000000007a20000 	/usr/lib/libresolv.9.dylib
0x0000000007a20000 	/usr/lib/libiconv.2.dylib
0x0000000007a20000 	/System/Library/PrivateFrameworks/Heimdal.framework/Versions/A/Heimdal
0x0000000007a20000 	/usr/lib/libheimdal-asn1.dylib
0x0000000007a20000 	/System/Library/Frameworks/OpenDirectory.framework/Versions/A/OpenDirectory
0x0000000007a20000 	/System/Library/PrivateFrameworks/CommonAuth.framework/Versions/A/CommonAuth
0x0000000007a20000 	/System/Library/Frameworks/OpenDirectory.framework/Versions/A/Frameworks/CFOpenDirectory.framework/Versions/A/CFOpenDirectory
0x0000000007a20000 	/System/Library/Frameworks/SecurityFoundation.framework/Versions/A/SecurityFoundation
0x0000000007a20000 	/System/Library/PrivateFrameworks/LanguageModeling.framework/Versions/A/LanguageModeling
0x0000000007a20000 	/usr/lib/libcmph.dylib
0x0000000007a20000 	/System/Library/Frameworks/ServiceManagement.framework/Versions/A/ServiceManagement
0x0000000007a20000 	/usr/lib/libxslt.1.dylib
0x0000000007a20000 	/System/Library/Frameworks/Carbon.framework/Versions/A/Frameworks/Ink.framework/Versions/A/Ink
0x0000000007a20000 	/System/Library/Frameworks/QuartzCore.framework/Versions/A/Frameworks/CoreImage.framework/Versions/A/CoreImage
0x0000000007a20000 	/System/Library/PrivateFrameworks/CrashReporterSupport.framework/Versions/A/CrashReporterSupport
0x0000000007a20000 	/System/Library/Frameworks/OpenCL.framework/Versions/A/OpenCL
0x0000000007a20000 	/System/Library/PrivateFrameworks/FaceCore.framework/Versions/A/FaceCore
0x0000000007a20000 	/System/Library/PrivateFrameworks/Ubiquity.framework/Versions/A/Ubiquity
0x0000000007a20000 	/System/Library/PrivateFrameworks/IconServices.framework/Versions/A/IconServices
0x0000000007a20000 	/System/Library/PrivateFrameworks/ChunkingLibrary.framework/Versions/A/ChunkingLibrary
0x0000000007a20000 	/System/Library/PrivateFrameworks/Apple80211.framework/Versions/A/Apple80211
0x0000000007a20000 	/System/Library/Frameworks/CoreWLAN.framework/Versions/A/CoreWLAN
0x0000000007a20000 	/System/Library/Frameworks/IOBluetooth.framework/Versions/A/IOBluetooth
0x0000000007a20000 	/System/Library/PrivateFrameworks/CoreWiFi.framework/Versions/A/CoreWiFi
0x0000000007a20000 	/System/Library/Frameworks/CoreBluetooth.framework/Versions/A/CoreBluetooth
0x0000000007a20000 	/System/Library/PrivateFrameworks/DebugSymbols.framework/Versions/A/DebugSymbols
0x0000000007a20000 	/System/Library/PrivateFrameworks/CoreSymbolication.framework/Versions/A/CoreSymbolication
0x0000000007a20000 	/System/Library/PrivateFrameworks/Symbolication.framework/Versions/A/Symbolication
0x0000000007a20000 	/System/Library/PrivateFrameworks/SpeechRecognitionCore.framework/Versions/A/SpeechRecognitionCore
0x0000000106336000 	/Library/Java/JavaVirtualMachines/jdk1.7.0_51.jdk/Contents/Home/jre/lib/server/libjvm.dylib
0x0000000007a20000 	/usr/lib/libstdc++.6.dylib
0x0000000106da0000 	/Library/Java/JavaVirtualMachines/jdk1.7.0_51.jdk/Contents/Home/jre/lib/libverify.dylib
0x0000000106dad000 	/Library/Java/JavaVirtualMachines/jdk1.7.0_51.jdk/Contents/Home/jre/lib/libjava.dylib
0x0000000106de7000 	/Library/Java/JavaVirtualMachines/jdk1.7.0_51.jdk/Contents/Home/jre/lib/libzip.dylib
0x0000000110f6f000 	/System/Library/Frameworks/JavaVM.framework/Frameworks/JavaRuntimeSupport.framework/JavaRuntimeSupport
0x0000000110f85000 	/System/Library/Frameworks/JavaVM.framework/Versions/A/Frameworks/JavaNativeFoundation.framework/Versions/A/JavaNativeFoundation
0x0000000106df1000 	/System/Library/Frameworks/JavaVM.framework/Versions/A/JavaVM
0x0000000007a20000 	/System/Library/Frameworks/Carbon.framework/Versions/A/Carbon
0x0000000110f99000 	/System/Library/PrivateFrameworks/JavaLaunching.framework/Versions/A/JavaLaunching
0x0000000007a20000 	/System/Library/Frameworks/Carbon.framework/Versions/A/Frameworks/CommonPanels.framework/Versions/A/CommonPanels
0x0000000007a20000 	/System/Library/Frameworks/Carbon.framework/Versions/A/Frameworks/Help.framework/Versions/A/Help
0x0000000007a20000 	/System/Library/Frameworks/Carbon.framework/Versions/A/Frameworks/ImageCapture.framework/Versions/A/ImageCapture
0x0000000007a20000 	/System/Library/Frameworks/Carbon.framework/Versions/A/Frameworks/OpenScripting.framework/Versions/A/OpenScripting
0x0000000007a20000 	/System/Library/Frameworks/Carbon.framework/Versions/A/Frameworks/Print.framework/Versions/A/Print
0x0000000007a20000 	/System/Library/Frameworks/Carbon.framework/Versions/A/Frameworks/SecurityHI.framework/Versions/A/SecurityHI
0x0000000112dba000 	/Library/Java/JavaVirtualMachines/jdk1.7.0_51.jdk/Contents/Home/jre/lib/libawt.dylib
0x0000000112e69000 	/Library/Java/JavaVirtualMachines/jdk1.7.0_51.jdk/Contents/Home/jre/lib/./libmlib_image.dylib
0x0000000112f35000 	/Library/Java/JavaVirtualMachines/jdk1.7.0_51.jdk/Contents/Home/jre/lib/lwawt/liblwawt.dylib
0x0000000112fe9000 	/Library/Java/JavaVirtualMachines/jdk1.7.0_51.jdk/Contents/Home/jre/lib/libosxapp.dylib
0x0000000007a20000 	/System/Library/Frameworks/ExceptionHandling.framework/Versions/A/ExceptionHandling
0x0000000007a20000 	/System/Library/PrivateFrameworks/CoreServicesInternal.framework/Versions/A/CoreServicesInternal
0x0000000007a20000 	/System/Library/PrivateFrameworks/CloudDocs.framework/Versions/A/CloudDocs
0x0000000007a20000 	/System/Library/PrivateFrameworks/CoreDuet.framework/Versions/A/CoreDuet
0x0000000007a20000 	/System/Library/Frameworks/CloudKit.framework/Versions/A/CloudKit
0x0000000007a20000 	/System/Library/PrivateFrameworks/ProtocolBuffer.framework/Versions/A/ProtocolBuffer
0x0000000007a20000 	/System/Library/PrivateFrameworks/CoreDuetDaemonProtocol.framework/Versions/A/CoreDuetDaemonProtocol
0x0000000007a20000 	/System/Library/PrivateFrameworks/CoreDuetDebugLogging.framework/Versions/A/CoreDuetDebugLogging
0x0000000007a20000 	/System/Library/PrivateFrameworks/MMCS.framework/Versions/A/MMCS
0x0000000007a20000 	/System/Library/Frameworks/CoreLocation.framework/Versions/A/CoreLocation
0x0000000007a20000 	/System/Library/PrivateFrameworks/ProtectedCloudStorage.framework/Versions/A/ProtectedCloudStorage
0x0000000007a20000 	/System/Library/PrivateFrameworks/GeoServices.framework/Versions/A/GeoServices
0x0000000007a20000 	/System/Library/Frameworks/CoreGraphics.framework/Versions/A/Resources/libCGCMS.A.dylib
0x0000000007a20000 	/System/Library/Frameworks/CoreGraphics.framework/Versions/A/Resources/libRIP.A.dylib
0x0000000007a20000 	/System/Library/Frameworks/CoreGraphics.framework/Versions/A/Resources/libCGXType.A.dylib
0x0000000007a20000 	/System/Library/Frameworks/OpenCL.framework/Versions/A/Libraries/libcldcpuengine.dylib
0x0000000007a20000 	/System/Library/PrivateFrameworks/DiskImages.framework/Versions/A/DiskImages
0x0000000007a20000 	/System/Library/Frameworks/DiscRecording.framework/Versions/A/DiscRecording
0x0000000007a20000 	/usr/lib/libcsfde.dylib
0x0000000007a20000 	/usr/lib/libcurl.4.dylib
0x0000000007a20000 	/System/Library/PrivateFrameworks/MediaKit.framework/Versions/A/MediaKit
0x0000000007a20000 	/usr/lib/libCoreStorage.dylib
0x0000000007a20000 	/System/Library/PrivateFrameworks/EFILogin.framework/Versions/A/EFILogin
0x0000000007a20000 	/usr/lib/libutil.dylib
0x0000000007a20000 	/System/Library/PrivateFrameworks/FindMyDevice.framework/Versions/A/FindMyDevice
0x0000000007a20000 	/System/Library/Frameworks/LDAP.framework/Versions/A/LDAP
0x0000000007a20000 	/usr/lib/libsasl2.2.dylib
0x0000000007a20000 	/System/Library/PrivateFrameworks/CoreDaemon.framework/Versions/B/CoreDaemon
0x0000000007a20000 	/usr/lib/libcrypto.0.9.8.dylib
0x0000000007a20000 	/System/Library/PrivateFrameworks/AppleSRP.framework/Versions/A/AppleSRP
0x0000000007a20000 	/System/Library/PrivateFrameworks/TrustEvaluationAgent.framework/Versions/A/TrustEvaluationAgent
0x0000000115de5000 	cl_kernels
0x0000000115de7000 	/System/Library/Frameworks/OpenCL.framework/Versions/A/Libraries/ImageFormats/unorm8_bgra.dylib
0x0000000115dd6000 	cl_kernels
0x0000000007a20000 	/System/Library/PrivateFrameworks/FamilyControls.framework/Versions/A/FamilyControls
0x0000000007a20000 	/System/Library/PrivateFrameworks/CommerceKit.framework/Versions/A/Frameworks/CommerceCore.framework/Versions/A/CommerceCore
0x0000000007a20000 	/System/Library/PrivateFrameworks/SystemAdministration.framework/Versions/A/SystemAdministration
0x0000000007a20000 	/System/Library/PrivateFrameworks/AppContainer.framework/Versions/A/AppContainer
0x0000000007a20000 	/System/Library/PrivateFrameworks/SecCodeWrapper.framework/Versions/A/SecCodeWrapper
0x0000000007a20000 	/System/Library/Frameworks/DirectoryService.framework/Versions/A/DirectoryService
0x0000000007a20000 	/System/Library/PrivateFrameworks/LoginUIKit.framework/Versions/A/Frameworks/LoginUICore.framework/Versions/A/LoginUICore
0x0000000007a20000 	/usr/lib/libodfde.dylib
0x0000000116faa000 	/Library/Java/JavaVirtualMachines/jdk1.7.0_51.jdk/Contents/Home/jre/lib/libfontmanager.dylib
0x0000000117011000 	/Users/Alina/NetBeansProjects/OrangePickingGame/slick/liblwjgl.dylib
0x000000011531b000 	/Library/Java/JavaVirtualMachines/jdk1.7.0_51.jdk/Contents/Home/jre/lib/libjawt.dylib
0x000000011531e000 	/Library/Java/JavaVirtualMachines/jdk1.7.0_51.jdk/Contents/Home/jre/lib/libnio.dylib
0x000000011532d000 	/Library/Java/JavaVirtualMachines/jdk1.7.0_51.jdk/Contents/Home/jre/lib/./libnet.dylib
0x0000000007a20000 	/System/Library/Frameworks/OpenGL.framework/Versions/A/Resources/GLEngine.bundle/GLEngine
0x0000000007a20000 	/System/Library/Frameworks/OpenGL.framework/Versions/A/Libraries/libGLProgrammability.dylib
0x00000001170db000 	/System/Library/Extensions/AppleIntelHD4000GraphicsGLDriver.bundle/Contents/MacOS/AppleIntelHD4000GraphicsGLDriver
0x0000000007a20000 	/System/Library/PrivateFrameworks/IOAccelerator.framework/Versions/A/IOAccelerator
0x0000000007a20000 	/System/Library/PrivateFrameworks/GPUSupport.framework/Versions/A/Libraries/libGPUSupportMercury.dylib
0x0000000007a20000 	/System/Library/Frameworks/OpenGL.framework/Versions/A/Resources/GLRendererFloat.bundle/GLRendererFloat
0x0000000117ecc000 	/Users/Alina/NetBeansProjects/OrangePickingGame/slick/libjinput-osx.dylib
0x0000000117ed1000 	/System/Library/Extensions/IOHIDFamily.kext/Contents/PlugIns/IOHIDLib.plugin/Contents/MacOS/IOHIDLib
0x000000011aa59000 	/Library/Java/JavaVirtualMachines/jdk1.7.0_51.jdk/Contents/Home/jre/lib/libt2k.dylib

VM Arguments:
jvm_args: -Dfile.encoding=UTF-8 -Djava.library.path=/Users/Alina/NetBeansProjects/OrangePickingGame/slick 
java_command: orangepickinggame.OrangePickingGame
Launcher Type: SUN_STANDARD

Environment Variables:
PATH=/usr/bin:/bin:/usr/sbin:/sbin
LD_LIBRARY_PATH=/Library/Java/JavaVirtualMachines/jdk1.7.0_51.jdk/Contents/Home/jre/lib/amd64:/Library/Java/JavaVirtualMachines/jdk1.7.0_51.jdk/Contents/Home/jre/lib/i386:
SHELL=/bin/bash
DISPLAY=/private/tmp/com.apple.launchd.MTP8kmxM28/org.macosforge.xquartz:0
DYLD_LIBRARY_PATH=/Applications/NetBeans/NetBeans 7.4.app/Contents/Resources/NetBeans/webcommon/bin:

Signal Handlers:
SIGSEGV: [libjvm.dylib+0x525425], sa_mask[0]=0xfffefeff, sa_flags=0x00000043
SIGBUS: [libjvm.dylib+0x525425], sa_mask[0]=0xfffefeff, sa_flags=0x00000042
SIGFPE: [libjvm.dylib+0x41892a], sa_mask[0]=0xfffefeff, sa_flags=0x00000042
SIGPIPE: [libjvm.dylib+0x41892a], sa_mask[0]=0xfffefeff, sa_flags=0x00000042
SIGXFSZ: [libjvm.dylib+0x41892a], sa_mask[0]=0xfffefeff, sa_flags=0x00000042
SIGILL: [libjvm.dylib+0x41892a], sa_mask[0]=0xfffefeff, sa_flags=0x00000042
SIGUSR1: SIG_DFL, sa_mask[0]=0x00000000, sa_flags=0x00000000
SIGUSR2: [libjvm.dylib+0x41841c], sa_mask[0]=0x00000004, sa_flags=0x00000042
SIGHUP: [libjvm.dylib+0x4166ab], sa_mask[0]=0xfffefeff, sa_flags=0x00000042
SIGINT: SIG_IGN, sa_mask[0]=0x00000000, sa_flags=0x00000000
SIGTERM: [libjvm.dylib+0x4166ab], sa_mask[0]=0xfffefeff, sa_flags=0x00000042
SIGQUIT: [libjvm.dylib+0x4166ab], sa_mask[0]=0xfffefeff, sa_flags=0x00000042


---------------  S Y S T E M  ---------------

OS:Bsduname:Darwin 14.5.0 Darwin Kernel Version 14.5.0: Wed Jul 29 02:26:53 PDT 2015; root:xnu-2782.40.9~1/RELEASE_X86_64 x86_64
rlimit: STACK 8192k, CORE 0k, NPROC 709, NOFILE 10240, AS infinity
load average:2.27 2.58 3.48

CPU:total 4 (2 cores per cpu, 2 threads per core) family 6 model 58 stepping 9, cmov, cx8, fxsr, mmx, sse, sse2, sse3, ssse3, sse4.1, sse4.2, popcnt, avx, aes, erms, ht, tsc, tscinvbit, tscinv

Memory: 4k page, physical 8388608k(2097152k free)

/proc/meminfo:


vm_info: Java HotSpot(TM) 64-Bit Server VM (24.51-b03) for bsd-amd64 JRE (1.7.0_51-b13), built on Dec 18 2013 18:45:56 by "java_re" with gcc 4.2.1 (Based on Apple Inc. build 5658) (LLVM build 2336.11.00)

time: Mon Dec 12 13:15:00 2016
elapsed time: 39 seconds

