#
# A fatal error has been detected by the Java Runtime Environment:
#
#  SIGSEGV (0xb) at pc=0x00007fff9186a0dd, pid=16024, tid=1299
#
# JRE version: Java(TM) SE Runtime Environment (7.0_51-b13) (build 1.7.0_51-b13)
# Java VM: Java HotSpot(TM) 64-Bit Server VM (24.51-b03 mixed mode bsd-amd64 compressed oops)
# Problematic frame:
# C  [libobjc.A.dylib+0x10dd]  objc_msgSend+0x1d
#
# Failed to write core dump. Core dumps have been disabled. To enable core dumping, try "ulimit -c unlimited" before starting Java again
#
# If you would like to submit a bug report, please visit:
#   http://bugreport.sun.com/bugreport/crash.jsp
# The crash happened outside the Java Virtual Machine in native code.
# See problematic frame for where to report the bug.
#

---------------  T H R E A D  ---------------

Current thread (0x00007fc3a30a0800):  JavaThread "AppKit Thread" daemon [_thread_in_native, id=1299, stack(0x00007fff56069000,0x00007fff560e9000)]

siginfo:si_signo=SIGSEGV: si_errno=0, si_code=1 (SEGV_MAPERR), si_addr=0x000007fc3a263280

Registers:
RAX=0x00007fc3a262dcc0, RBX=0x00007fff560e4618, RCX=0x0000000000000000, RDX=0x00007fc3a2551470
RSP=0x00007fff560e4438, RBP=0x00007fff560e4440, RSI=0x00007fff94cce41e, RDI=0x00007fc3a262dcc0
R8 =0x00007fff560e4420, R9 =0x0000000000000062, R10=0x00007fff94cce41e, R11=0x000007fc3a263268
R12=0x00007fc3a2508b40, R13=0x00000000000f4301, R14=0x00007fc3a2474260, R15=0x00007fff560e4578
RIP=0x00007fff9186a0dd, EFLAGS=0x0000000000010202, ERR=0x0000000000000004
  TRAPNO=0x000000000000000e

Top of Stack: (sp=0x00007fff560e4438)
0x00007fff560e4438:   00007fff8c79e45c 00007fff560e47a0
0x00007fff560e4448:   00007fff8c68e634 00007fff560e44cc
0x00007fff560e4458:   00007fff560e44d0 00007fff560e44d4
0x00007fff560e4468:   00007fff7a87ce00 ffffffffffffffff
0x00007fff560e4478:   0000000000000930 00007fff7a87ce18
0x00007fff560e4488:   00007fc3a2474260 0000000000000000
0x00007fff560e4498:   00007fff560e4570 0000000000000000
0x00007fff560e44a8:   00007fc3a273ea00 00007fff560e45f0
0x00007fff560e44b8:   0000000000000062 00000000000f4303
0x00007fff560e44c8:   00007fc3a2551470 00007fc3a273e430
0x00007fff560e44d8:   00007fc3a2508b40 0000000000000001
0x00007fff560e44e8:   00000000000f4301 00007fc3a2508b30
0x00007fff560e44f8:   00007fff9542cc05 00000001a2465b10
0x00007fff560e4508:   00007fff795d70d0 0000000042000000
0x00007fff560e4518:   00007fff95433e63 00007fff7a847240
0x00007fff560e4528:   00007fff560e45f8 00007fff560e4550
0x00007fff560e4538:   00007fff560e4570 0000000000000000
0x00007fff560e4548:   0000000000000024 00026e03a2545c95
0x00007fff560e4558:   00007fc3a2508b64 0000000000000000
0x00007fff560e4568:   0000000000000000 00007fc3a273ea80
0x00007fff560e4578:   00007fc3a2474260 0000002000000000
0x00007fff560e4588:   0000000000000000 00007fff795d70d0
0x00007fff560e4598:   0000000042000000 00007fff954334f8
0x00007fff560e45a8:   00007fff7a847350 00007fff560e4508
0x00007fff560e45b8:   0000000000000000 00007fff560e4688
0x00007fff560e45c8:   00007fff7a4c8ea0 00007fff560e46c0
0x00007fff560e45d8:   00007fff953cc770 00007fff560e4670
0x00007fff560e45e8:   00007fff944024ed 0000000000000051
0x00007fff560e45f8:   0000000000000000 00000000000f42e1
0x00007fff560e4608:   0000000000000053 0000000000000000
0x00007fff560e4618:   00000000000f4301 00007fff560e4694
0x00007fff560e4628:   000000000041d801 00000000ffffffff 

Instructions: (pc=0x00007fff9186a0dd)
0x00007fff9186a0bd:   00 00 00 48 85 ff 2e 74 7a 40 f6 c7 01 2e 75 7e
0x00007fff9186a0cd:   49 bb f8 ff ff ff ff 7f 00 00 4c 23 1f 49 89 f2
0x00007fff9186a0dd:   45 23 53 18 49 c1 e2 04 4d 03 53 10 49 3b 32 75
0x00007fff9186a0ed:   04 41 ff 62 08 49 83 3a 00 74 6a 4d 3b 53 10 74 

Register to memory mapping:

RAX=0x00007fc3a262dcc0 is an unknown value
RBX=0x00007fff560e4618 is pointing into the stack for thread: 0x00007fc3a30a0800
RCX=0x0000000000000000 is an unknown value
RDX=0x00007fc3a2551470 is an unknown value
RSP=0x00007fff560e4438 is pointing into the stack for thread: 0x00007fc3a30a0800
RBP=0x00007fff560e4440 is pointing into the stack for thread: 0x00007fc3a30a0800
RSI=0x00007fff94cce41e: -[NSTitlebarContainerView transparent]+0x5e312 in /System/Library/Frameworks/AppKit.framework/Versions/C/AppKit at 0x00007fff942cd000
RDI=0x00007fc3a262dcc0 is an unknown value
R8 =0x00007fff560e4420 is pointing into the stack for thread: 0x00007fc3a30a0800
R9 =0x0000000000000062 is an unknown value
R10=0x00007fff94cce41e: -[NSTitlebarContainerView transparent]+0x5e312 in /System/Library/Frameworks/AppKit.framework/Versions/C/AppKit at 0x00007fff942cd000
R11=0x000007fc3a263268 is an unknown value
R12=0x00007fc3a2508b40 is an unknown value
R13=0x00000000000f4301 is an unknown value
R14=0x00007fc3a2474260 is an unknown value
R15=0x00007fff560e4578 is pointing into the stack for thread: 0x00007fc3a30a0800


Stack: [0x00007fff56069000,0x00007fff560e9000],  sp=0x00007fff560e4438,  free space=493k
Native frames: (J=compiled Java code, j=interpreted, Vv=VM code, C=native code)
C  [libobjc.A.dylib+0x10dd]  objc_msgSend+0x1d
C  [CoreFoundation+0x10634]  _CFXNotificationPost+0xc44
C  [Foundation+0x7aa1]  -[NSNotificationCenter postNotificationName:object:userInfo:]+0x42
C  [AppKit+0x439c2]  -[NSSurface _disposeSurface]+0x98
C  [AppKit+0x43426]  -[NSSurface setWindow:]+0x42
C  [AppKit+0x33910]  -[NSView _setWindow:]+0xa33
C  [AppKit+0x6af91]  -[NSView removeFromSuperview]+0x1c5
C  [AppKit+0x14bd99]  -[NSView removeFromSuperviewWithoutNeedingDisplay]+0x26
C  [liblwjgl.dylib+0xa205]  +[MacOSXKeyableWindow destroyWindow]+0xb5
C  [Foundation+0x92dd0]  __NSThreadPerformPerform+0x125
C  [CoreFoundation+0x80a01]  __CFRUNLOOP_IS_CALLING_OUT_TO_A_SOURCE0_PERFORM_FUNCTION__+0x11
C  [CoreFoundation+0x72b8d]  __CFRunLoopDoSources0+0x10d
C  [CoreFoundation+0x721bf]  __CFRunLoopRun+0x39f
C  [CoreFoundation+0x71bd8]  CFRunLoopRunSpecific+0x128
C  [HIToolbox+0x3256f]  RunCurrentEventLoopInMode+0xeb
C  [HIToolbox+0x322ea]  ReceiveNextEventCommon+0x1af
C  [HIToolbox+0x3212b]  _BlockUntilNextEventMatchingListInModeWithFilter+0x47
C  [AppKit+0x918ab]  _DPSNextEvent+0x3d2
C  [AppKit+0x90e58]  -[NSApplication nextEventMatchingMask:untilDate:inMode:dequeue:]+0x15a
C  [libosxapp.dylib+0x16f4]  -[NSApplicationAWT nextEventMatchingMask:untilDate:inMode:dequeue:]+0x7c
C  [AppKit+0x86af3]  -[NSApplication run]+0x252
C  [libosxapp.dylib+0x1557]  +[NSApplicationAWT runAWTLoopWithApp:]+0x9c
C  [liblwawt.dylib+0xdba9]  -[AWTStarter starter:]+0x369
C  [Foundation+0x92dd0]  __NSThreadPerformPerform+0x125
C  [CoreFoundation+0x80a01]  __CFRUNLOOP_IS_CALLING_OUT_TO_A_SOURCE0_PERFORM_FUNCTION__+0x11
C  [CoreFoundation+0x72b8d]  __CFRunLoopDoSources0+0x10d
C  [CoreFoundation+0x721bf]  __CFRunLoopRun+0x39f
C  [CoreFoundation+0x71bd8]  CFRunLoopRunSpecific+0x128
C  [java+0x73b0]  CreateExecutionEnvironment+0x367
C  [java+0x1b5c]  JLI_Launch+0x7a0
C  [java+0x770d]  main+0x65
C  [java+0x13b4]  start+0x34


---------------  P R O C E S S  ---------------

Java Threads: ( => current thread )
  0x00007fc3a3109000 JavaThread "AWT-Shutdown" [_thread_blocked, id=36103, stack(0x000000011ca39000,0x000000011cb39000)]
  0x00007fc3a31b6000 JavaThread "Java2D Queue Flusher" daemon [_thread_blocked, id=54791, stack(0x000000011b820000,0x000000011b920000)]
  0x00007fc3a4139000 JavaThread "Java2D Disposer" daemon [_thread_blocked, id=49451, stack(0x000000011b71d000,0x000000011b81d000)]
=>0x00007fc3a30a0800 JavaThread "AppKit Thread" daemon [_thread_in_native, id=1299, stack(0x00007fff56069000,0x00007fff560e9000)]
  0x00007fc3a2842000 JavaThread "Service Thread" daemon [_thread_blocked, id=17667, stack(0x0000000116467000,0x0000000116567000)]
  0x00007fc3a4008800 JavaThread "C2 CompilerThread1" daemon [_thread_blocked, id=17155, stack(0x0000000116364000,0x0000000116464000)]
  0x00007fc3a2841800 JavaThread "C2 CompilerThread0" daemon [_thread_blocked, id=16643, stack(0x0000000116261000,0x0000000116361000)]
  0x00007fc3a381a000 JavaThread "Signal Dispatcher" daemon [_thread_blocked, id=13579, stack(0x000000011615e000,0x000000011625e000)]
  0x00007fc3a3817800 JavaThread "Finalizer" daemon [_thread_blocked, id=11523, stack(0x0000000114742000,0x0000000114842000)]
  0x00007fc3a3815000 JavaThread "Reference Handler" daemon [_thread_blocked, id=11011, stack(0x000000011463f000,0x000000011473f000)]
  0x00007fc3a3802800 JavaThread "main" [_thread_in_native, id=4867, stack(0x0000000109c2d000,0x0000000109d2d000)]

Other Threads:
  0x00007fc3a3814800 VMThread [stack: 0x000000011453c000,0x000000011463c000] [id=10499]
  0x00007fc3a280e000 WatcherThread [stack: 0x000000011656a000,0x000000011666a000] [id=18179]

VM state:not at safepoint (normal execution)

VM Mutex/Monitor currently owned by a thread: None

Heap
 PSYoungGen      total 38912K, used 16424K [0x00000007d5500000, 0x00000007d8000000, 0x0000000800000000)
  eden space 33792K, 48% used [0x00000007d5500000,0x00000007d650a308,0x00000007d7600000)
  from space 5120K, 0% used [0x00000007d7b00000,0x00000007d7b00000,0x00000007d8000000)
  to   space 5120K, 0% used [0x00000007d7600000,0x00000007d7600000,0x00000007d7b00000)
 ParOldGen       total 87040K, used 0K [0x0000000780000000, 0x0000000785500000, 0x00000007d5500000)
  object space 87040K, 0% used [0x0000000780000000,0x0000000780000000,0x0000000785500000)
 PSPermGen       total 21504K, used 9845K [0x000000077ae00000, 0x000000077c300000, 0x0000000780000000)
  object space 21504K, 45% used [0x000000077ae00000,0x000000077b79d7f8,0x000000077c300000)

Card table byte_map: [0x000000010e113000,0x000000010e53d000] byte_map_base: 0x000000010a53c000

Polling page: 0x0000000109d6c000

Code Cache  [0x000000010b053000, 0x000000010b2c3000, 0x000000010e053000)
 total_blobs=618 nmethods=164 adapters=408 free_code_cache=48313Kb largest_free_block=49445696

Compilation events (10 events):
Event: 21.979 Thread 0x00007fc3a2841800 nmethod 157 0x000000010b117810 code [0x000000010b117960, 0x000000010b117a88]
Event: 21.979 Thread 0x00007fc3a2841800  160             org.lwjgl.opengl.GL11::glTranslatef (24 bytes)
Event: 21.979 Thread 0x00007fc3a4008800 nmethod 159 0x000000010b114310 code [0x000000010b114460, 0x000000010b114538]
Event: 21.980 Thread 0x00007fc3a2841800 nmethod 160 0x000000010b117410 code [0x000000010b117560, 0x000000010b117688]
Event: 21.980 Thread 0x00007fc3a4008800  162             org.newdawn.slick.opengl.renderer.ImmediateModeOGLRenderer::glTranslatef (7 bytes)
Event: 21.982 Thread 0x00007fc3a4008800 nmethod 162 0x000000010b116c10 code [0x000000010b116d60, 0x000000010b116ea8]
Event: 22.625 Thread 0x00007fc3a2841800  163  s          org.lwjgl.opengl.EventQueue::copyEvents (77 bytes)
Event: 22.631 Thread 0x00007fc3a2841800 nmethod 163 0x000000010b114d90 code [0x000000010b114f40, 0x000000010b115838]
Event: 27.084 Thread 0x00007fc3a4008800  164   !         org.lwjgl.input.Mouse::isGrabbed (17 bytes)
Event: 27.085 Thread 0x00007fc3a4008800 nmethod 164 0x000000010b114950 code [0x000000010b114aa0, 0x000000010b114cf8]

GC Heap History (0 events):
No events

Deoptimization events (9 events):
Event: 0.471 Thread 0x00007fc3a3802800 Uncommon trap: reason=unloaded action=reinterpret pc=0x000000010b0cbd04 method=java.io.BufferedReader.readLine(Z)Ljava/lang/String; @ 268
Event: 0.730 Thread 0x00007fc3a3802800 Uncommon trap: reason=null_check action=make_not_entrant pc=0x000000010b0c36a0 method=java.lang.String.equals(Ljava/lang/Object;)Z @ 8
Event: 0.751 Thread 0x00007fc3a3802800 Uncommon trap: reason=class_check action=maybe_recompile pc=0x000000010b0d1b84 method=java.util.HashMap.put(Ljava/lang/Object;Ljava/lang/Object;)Ljava/lang/Object; @ 137
Event: 0.751 Thread 0x00007fc3a3802800 Uncommon trap: reason=class_check action=maybe_recompile pc=0x000000010b0d1b84 method=java.util.HashMap.put(Ljava/lang/Object;Ljava/lang/Object;)Ljava/lang/Object; @ 137
Event: 0.751 Thread 0x00007fc3a3802800 Uncommon trap: reason=class_check action=maybe_recompile pc=0x000000010b0d1b84 method=java.util.HashMap.put(Ljava/lang/Object;Ljava/lang/Object;)Ljava/lang/Object; @ 137
Event: 0.752 Thread 0x00007fc3a3802800 Uncommon trap: reason=class_check action=maybe_recompile pc=0x000000010b0d1b84 method=java.util.HashMap.put(Ljava/lang/Object;Ljava/lang/Object;)Ljava/lang/Object; @ 137
Event: 0.971 Thread 0x00007fc3a3802800 Uncommon trap: reason=class_check action=maybe_recompile pc=0x000000010b0fba08 method=java.util.zip.InflaterInputStream.read([BII)I @ 100
Event: 0.994 Thread 0x00007fc3a3802800 Uncommon trap: reason=class_check action=maybe_recompile pc=0x000000010b0fba08 method=java.util.zip.InflaterInputStream.read([BII)I @ 100
Event: 29.507 Thread 0x00007fc3a3802800 Uncommon trap: reason=class_check action=maybe_recompile pc=0x000000010b0fba08 method=java.util.zip.InflaterInputStream.read([BII)I @ 100

Internal exceptions (10 events):
Event: 0.706 Thread 0x00007fc3a3802800 Threw 0x00000007d5d70408 at /HUDSON/workspace/7u-2-build-macosx-x86_64/jdk7u51/527/hotspot/src/share/vm/prims/jvm.cpp:1244
Event: 0.707 Thread 0x00007fc3a3802800 Threw 0x00000007d5d73660 at /HUDSON/workspace/7u-2-build-macosx-x86_64/jdk7u51/527/hotspot/src/share/vm/prims/jvm.cpp:1244
Event: 0.723 Thread 0x00007fc3a3802800 Threw 0x00000007d5d99c20 at /HUDSON/workspace/7u-2-build-macosx-x86_64/jdk7u51/527/hotspot/src/share/vm/prims/jvm.cpp:1244
Event: 0.730 Thread 0x00007fc3a3802800 Implicit null exception at 0x000000010b0c349b to 0x000000010b0c3691
Event: 0.735 Thread 0x00007fc3a3802800 Threw 0x00000007d5dc2c48 at /HUDSON/workspace/7u-2-build-macosx-x86_64/jdk7u51/527/hotspot/src/share/vm/prims/jvm.cpp:1244
Event: 0.935 Thread 0x00007fc3a3802800 Threw 0x00000007d5f8e180 at /HUDSON/workspace/7u-2-build-macosx-x86_64/jdk7u51/527/hotspot/src/share/vm/prims/jvm.cpp:1244
Event: 0.940 Thread 0x00007fc3a3802800 Threw 0x00000007d5fa0608 at /HUDSON/workspace/7u-2-build-macosx-x86_64/jdk7u51/527/hotspot/src/share/vm/prims/jvm.cpp:1244
Event: 0.971 Thread 0x00007fc3a3802800 Threw 0x00000007d5fd6e98 at /HUDSON/workspace/7u-2-build-macosx-x86_64/jdk7u51/527/hotspot/src/share/vm/prims/jvm.cpp:1244
Event: 0.994 Thread 0x00007fc3a3802800 Threw 0x00000007d5fde8f8 at /HUDSON/workspace/7u-2-build-macosx-x86_64/jdk7u51/527/hotspot/src/share/vm/prims/jvm.cpp:1244
Event: 29.507 Thread 0x00007fc3a3802800 Threw 0x00000007d64a0a68 at /HUDSON/workspace/7u-2-build-macosx-x86_64/jdk7u51/527/hotspot/src/share/vm/prims/jvm.cpp:1244

Events (10 events):
Event: 21.306 Executing VM operation: RevokeBias done
Event: 21.306 Thread 0x00007fc3a30d5000 Thread exited: 0x00007fc3a30d5000
Event: 21.910 loading class 0x00000001132df560
Event: 21.910 loading class 0x00000001132df560 done
Event: 28.462 Thread 0x00007fc3a3109000 Thread added: 0x00007fc3a3109000
Event: 29.507 loading class 0x00007fc3a273d9f0
Event: 29.507 loading class 0x00007fc3a273d9f0 done
Event: 29.507 Thread 0x00007fc3a3802800 Uncommon trap: trap_request=0xffffffde fr.pc=0x000000010b0fba08
Event: 29.507 Thread 0x00007fc3a3802800 DEOPT PACKING pc=0x000000010b0fba08 sp=0x0000000109d2a8a0
Event: 29.507 Thread 0x00007fc3a3802800 DEOPT UNPACKING pc=0x000000010b08c045 sp=0x0000000109d2a878 mode 2


Dynamic libraries:
0x000000000877d000 	/System/Library/Frameworks/Cocoa.framework/Versions/A/Cocoa
0x000000000877d000 	/System/Library/Frameworks/Security.framework/Versions/A/Security
0x000000000877d000 	/System/Library/Frameworks/ApplicationServices.framework/Versions/A/ApplicationServices
0x000000000877d000 	/usr/lib/libz.1.dylib
0x000000000877d000 	/usr/lib/libSystem.B.dylib
0x000000000877d000 	/usr/lib/libobjc.A.dylib
0x000000000877d000 	/System/Library/Frameworks/CoreFoundation.framework/Versions/A/CoreFoundation
0x000000000877d000 	/System/Library/Frameworks/Foundation.framework/Versions/C/Foundation
0x000000000877d000 	/System/Library/Frameworks/AppKit.framework/Versions/C/AppKit
0x000000000877d000 	/System/Library/Frameworks/CoreData.framework/Versions/A/CoreData
0x000000000877d000 	/System/Library/PrivateFrameworks/RemoteViewServices.framework/Versions/A/RemoteViewServices
0x000000000877d000 	/System/Library/PrivateFrameworks/UIFoundation.framework/Versions/A/UIFoundation
0x000000000877d000 	/System/Library/Frameworks/IOSurface.framework/Versions/A/IOSurface
0x000000000877d000 	/System/Library/Frameworks/AudioToolbox.framework/Versions/A/AudioToolbox
0x000000000877d000 	/System/Library/Frameworks/AudioUnit.framework/Versions/A/AudioUnit
0x000000000877d000 	/System/Library/PrivateFrameworks/DataDetectorsCore.framework/Versions/A/DataDetectorsCore
0x000000000877d000 	/System/Library/PrivateFrameworks/DesktopServicesPriv.framework/Versions/A/DesktopServicesPriv
0x000000000877d000 	/System/Library/Frameworks/Carbon.framework/Versions/A/Frameworks/HIToolbox.framework/Versions/A/HIToolbox
0x000000000877d000 	/System/Library/Frameworks/QuartzCore.framework/Versions/A/QuartzCore
0x000000000877d000 	/System/Library/Frameworks/Carbon.framework/Versions/A/Frameworks/SpeechRecognition.framework/Versions/A/SpeechRecognition
0x000000000877d000 	/usr/lib/libauto.dylib
0x000000000877d000 	/usr/lib/libicucore.A.dylib
0x000000000877d000 	/usr/lib/libxml2.2.dylib
0x000000000877d000 	/System/Library/PrivateFrameworks/CoreUI.framework/Versions/A/CoreUI
0x000000000877d000 	/System/Library/Frameworks/CoreAudio.framework/Versions/A/CoreAudio
0x000000000877d000 	/System/Library/Frameworks/DiskArbitration.framework/Versions/A/DiskArbitration
0x000000000877d000 	/usr/lib/liblangid.dylib
0x000000000877d000 	/System/Library/PrivateFrameworks/MultitouchSupport.framework/Versions/A/MultitouchSupport
0x000000000877d000 	/System/Library/Frameworks/IOKit.framework/Versions/A/IOKit
0x000000000877d000 	/usr/lib/libDiagnosticMessagesClient.dylib
0x000000000877d000 	/System/Library/Frameworks/CoreServices.framework/Versions/A/CoreServices
0x000000000877d000 	/System/Library/PrivateFrameworks/PerformanceAnalysis.framework/Versions/A/PerformanceAnalysis
0x000000000877d000 	/System/Library/PrivateFrameworks/GenerationalStorage.framework/Versions/A/GenerationalStorage
0x000000000877d000 	/System/Library/Frameworks/OpenGL.framework/Versions/A/OpenGL
0x000000000877d000 	/System/Library/PrivateFrameworks/Sharing.framework/Versions/A/Sharing
0x000000000877d000 	/System/Library/Frameworks/CoreGraphics.framework/Versions/A/CoreGraphics
0x000000000877d000 	/System/Library/Frameworks/CoreText.framework/Versions/A/CoreText
0x000000000877d000 	/System/Library/Frameworks/ImageIO.framework/Versions/A/ImageIO
0x000000000877d000 	/usr/lib/libextension.dylib
0x000000000877d000 	/System/Library/PrivateFrameworks/Backup.framework/Versions/A/Backup
0x000000000877d000 	/usr/lib/libarchive.2.dylib
0x000000000877d000 	/System/Library/Frameworks/CFNetwork.framework/Versions/A/CFNetwork
0x000000000877d000 	/System/Library/Frameworks/SystemConfiguration.framework/Versions/A/SystemConfiguration
0x000000000877d000 	/usr/lib/libCRFSuite.dylib
0x000000000877d000 	/usr/lib/libc++.1.dylib
0x000000000877d000 	/usr/lib/libc++abi.dylib
0x000000000877d000 	/usr/lib/system/libcache.dylib
0x000000000877d000 	/usr/lib/system/libcommonCrypto.dylib
0x000000000877d000 	/usr/lib/system/libcompiler_rt.dylib
0x000000000877d000 	/usr/lib/system/libcopyfile.dylib
0x000000000877d000 	/usr/lib/system/libcorecrypto.dylib
0x000000000877d000 	/usr/lib/system/libdispatch.dylib
0x000000000877d000 	/usr/lib/system/libdyld.dylib
0x000000000877d000 	/usr/lib/system/libkeymgr.dylib
0x000000000877d000 	/usr/lib/system/liblaunch.dylib
0x000000000877d000 	/usr/lib/system/libmacho.dylib
0x000000000877d000 	/usr/lib/system/libquarantine.dylib
0x000000000877d000 	/usr/lib/system/libremovefile.dylib
0x000000000877d000 	/usr/lib/system/libsystem_asl.dylib
0x000000000877d000 	/usr/lib/system/libsystem_blocks.dylib
0x000000000877d000 	/usr/lib/system/libsystem_c.dylib
0x000000000877d000 	/usr/lib/system/libsystem_configuration.dylib
0x000000000877d000 	/usr/lib/system/libsystem_coreservices.dylib
0x000000000877d000 	/usr/lib/system/libsystem_coretls.dylib
0x000000000877d000 	/usr/lib/system/libsystem_dnssd.dylib
0x000000000877d000 	/usr/lib/system/libsystem_info.dylib
0x000000000877d000 	/usr/lib/system/libsystem_kernel.dylib
0x000000000877d000 	/usr/lib/system/libsystem_m.dylib
0x000000000877d000 	/usr/lib/system/libsystem_malloc.dylib
0x000000000877d000 	/usr/lib/system/libsystem_network.dylib
0x000000000877d000 	/usr/lib/system/libsystem_networkextension.dylib
0x000000000877d000 	/usr/lib/system/libsystem_notify.dylib
0x000000000877d000 	/usr/lib/system/libsystem_platform.dylib
0x000000000877d000 	/usr/lib/system/libsystem_pthread.dylib
0x000000000877d000 	/usr/lib/system/libsystem_sandbox.dylib
0x000000000877d000 	/usr/lib/system/libsystem_secinit.dylib
0x000000000877d000 	/usr/lib/system/libsystem_stats.dylib
0x000000000877d000 	/usr/lib/system/libsystem_trace.dylib
0x000000000877d000 	/usr/lib/system/libunc.dylib
0x000000000877d000 	/usr/lib/system/libunwind.dylib
0x000000000877d000 	/usr/lib/system/libxpc.dylib
0x000000000877d000 	/usr/lib/libbz2.1.0.dylib
0x000000000877d000 	/usr/lib/liblzma.5.dylib
0x000000000877d000 	/usr/lib/libbsm.0.dylib
0x000000000877d000 	/usr/lib/libsqlite3.dylib
0x000000000877d000 	/usr/lib/system/libkxld.dylib
0x000000000877d000 	/usr/lib/libxar.1.dylib
0x000000000877d000 	/usr/lib/libpam.2.dylib
0x000000000877d000 	/usr/lib/libOpenScriptingUtil.dylib
0x000000000877d000 	/System/Library/Frameworks/CoreServices.framework/Versions/A/Frameworks/FSEvents.framework/Versions/A/FSEvents
0x000000000877d000 	/System/Library/Frameworks/CoreServices.framework/Versions/A/Frameworks/CarbonCore.framework/Versions/A/CarbonCore
0x000000000877d000 	/System/Library/Frameworks/CoreServices.framework/Versions/A/Frameworks/Metadata.framework/Versions/A/Metadata
0x000000000877d000 	/System/Library/Frameworks/CoreServices.framework/Versions/A/Frameworks/OSServices.framework/Versions/A/OSServices
0x000000000877d000 	/System/Library/Frameworks/CoreServices.framework/Versions/A/Frameworks/SearchKit.framework/Versions/A/SearchKit
0x000000000877d000 	/System/Library/Frameworks/CoreServices.framework/Versions/A/Frameworks/AE.framework/Versions/A/AE
0x000000000877d000 	/System/Library/Frameworks/CoreServices.framework/Versions/A/Frameworks/LaunchServices.framework/Versions/A/LaunchServices
0x000000000877d000 	/System/Library/Frameworks/CoreServices.framework/Versions/A/Frameworks/DictionaryServices.framework/Versions/A/DictionaryServices
0x000000000877d000 	/System/Library/Frameworks/NetFS.framework/Versions/A/NetFS
0x000000000877d000 	/System/Library/PrivateFrameworks/NetAuth.framework/Versions/A/NetAuth
0x000000000877d000 	/System/Library/PrivateFrameworks/login.framework/Versions/A/Frameworks/loginsupport.framework/Versions/A/loginsupport
0x000000000877d000 	/System/Library/PrivateFrameworks/TCC.framework/Versions/A/TCC
0x000000000877d000 	/usr/lib/libmecabra.dylib
0x000000000877d000 	/System/Library/Frameworks/ApplicationServices.framework/Versions/A/Frameworks/ATS.framework/Versions/A/ATS
0x000000000877d000 	/System/Library/Frameworks/ApplicationServices.framework/Versions/A/Frameworks/ColorSync.framework/Versions/A/ColorSync
0x000000000877d000 	/System/Library/Frameworks/ApplicationServices.framework/Versions/A/Frameworks/HIServices.framework/Versions/A/HIServices
0x000000000877d000 	/System/Library/Frameworks/ApplicationServices.framework/Versions/A/Frameworks/LangAnalysis.framework/Versions/A/LangAnalysis
0x000000000877d000 	/System/Library/Frameworks/ApplicationServices.framework/Versions/A/Frameworks/PrintCore.framework/Versions/A/PrintCore
0x000000000877d000 	/System/Library/Frameworks/ApplicationServices.framework/Versions/A/Frameworks/QD.framework/Versions/A/QD
0x000000000877d000 	/System/Library/Frameworks/ApplicationServices.framework/Versions/A/Frameworks/SpeechSynthesis.framework/Versions/A/SpeechSynthesis
0x000000000877d000 	/System/Library/Frameworks/Accelerate.framework/Versions/A/Accelerate
0x000000000877d000 	/System/Library/Frameworks/Accelerate.framework/Versions/A/Frameworks/vImage.framework/Versions/A/vImage
0x000000000877d000 	/System/Library/Frameworks/Accelerate.framework/Versions/A/Frameworks/vecLib.framework/Versions/A/vecLib
0x000000000877d000 	/System/Library/Frameworks/Accelerate.framework/Versions/A/Frameworks/vecLib.framework/Versions/A/libvDSP.dylib
0x000000000877d000 	/System/Library/Frameworks/Accelerate.framework/Versions/A/Frameworks/vecLib.framework/Versions/A/libvMisc.dylib
0x000000000877d000 	/System/Library/Frameworks/Accelerate.framework/Versions/A/Frameworks/vecLib.framework/Versions/A/libLAPACK.dylib
0x000000000877d000 	/System/Library/Frameworks/Accelerate.framework/Versions/A/Frameworks/vecLib.framework/Versions/A/libBLAS.dylib
0x000000000877d000 	/System/Library/Frameworks/Accelerate.framework/Versions/A/Frameworks/vecLib.framework/Versions/A/libLinearAlgebra.dylib
0x000000000877d000 	/System/Library/Frameworks/ApplicationServices.framework/Versions/A/Frameworks/ATS.framework/Versions/A/Resources/libFontParser.dylib
0x000000000877d000 	/System/Library/Frameworks/ApplicationServices.framework/Versions/A/Frameworks/ATS.framework/Versions/A/Resources/libFontRegistry.dylib
0x000000000877d000 	/System/Library/PrivateFrameworks/AppleVPA.framework/Versions/A/AppleVPA
0x000000000877d000 	/System/Library/PrivateFrameworks/AppleJPEG.framework/Versions/A/AppleJPEG
0x000000000877d000 	/System/Library/Frameworks/ImageIO.framework/Versions/A/Resources/libJPEG.dylib
0x000000000877d000 	/System/Library/Frameworks/ImageIO.framework/Versions/A/Resources/libTIFF.dylib
0x000000000877d000 	/System/Library/Frameworks/ImageIO.framework/Versions/A/Resources/libPng.dylib
0x000000000877d000 	/System/Library/Frameworks/ImageIO.framework/Versions/A/Resources/libGIF.dylib
0x000000000877d000 	/System/Library/Frameworks/ImageIO.framework/Versions/A/Resources/libJP2.dylib
0x000000000877d000 	/System/Library/Frameworks/ImageIO.framework/Versions/A/Resources/libRadiance.dylib
0x000000000877d000 	/System/Library/Frameworks/CoreVideo.framework/Versions/A/CoreVideo
0x000000000877d000 	/System/Library/Frameworks/OpenGL.framework/Versions/A/Libraries/libGLU.dylib
0x000000000877d000 	/System/Library/Frameworks/OpenGL.framework/Versions/A/Libraries/libGFXShared.dylib
0x000000000877d000 	/System/Library/Frameworks/OpenGL.framework/Versions/A/Libraries/libGL.dylib
0x000000000877d000 	/System/Library/Frameworks/OpenGL.framework/Versions/A/Libraries/libGLImage.dylib
0x000000000877d000 	/System/Library/Frameworks/OpenGL.framework/Versions/A/Libraries/libCVMSPluginSupport.dylib
0x000000000877d000 	/System/Library/Frameworks/OpenGL.framework/Versions/A/Libraries/libCoreVMClient.dylib
0x000000000877d000 	/usr/lib/libcups.2.dylib
0x000000000877d000 	/System/Library/Frameworks/Kerberos.framework/Versions/A/Kerberos
0x000000000877d000 	/System/Library/Frameworks/GSS.framework/Versions/A/GSS
0x000000000877d000 	/usr/lib/libresolv.9.dylib
0x000000000877d000 	/usr/lib/libiconv.2.dylib
0x000000000877d000 	/System/Library/PrivateFrameworks/Heimdal.framework/Versions/A/Heimdal
0x000000000877d000 	/usr/lib/libheimdal-asn1.dylib
0x000000000877d000 	/System/Library/Frameworks/OpenDirectory.framework/Versions/A/OpenDirectory
0x000000000877d000 	/System/Library/PrivateFrameworks/CommonAuth.framework/Versions/A/CommonAuth
0x000000000877d000 	/System/Library/Frameworks/OpenDirectory.framework/Versions/A/Frameworks/CFOpenDirectory.framework/Versions/A/CFOpenDirectory
0x000000000877d000 	/System/Library/Frameworks/SecurityFoundation.framework/Versions/A/SecurityFoundation
0x000000000877d000 	/System/Library/PrivateFrameworks/LanguageModeling.framework/Versions/A/LanguageModeling
0x000000000877d000 	/usr/lib/libcmph.dylib
0x000000000877d000 	/System/Library/Frameworks/ServiceManagement.framework/Versions/A/ServiceManagement
0x000000000877d000 	/usr/lib/libxslt.1.dylib
0x000000000877d000 	/System/Library/Frameworks/Carbon.framework/Versions/A/Frameworks/Ink.framework/Versions/A/Ink
0x000000000877d000 	/System/Library/Frameworks/QuartzCore.framework/Versions/A/Frameworks/CoreImage.framework/Versions/A/CoreImage
0x000000000877d000 	/System/Library/PrivateFrameworks/CrashReporterSupport.framework/Versions/A/CrashReporterSupport
0x000000000877d000 	/System/Library/Frameworks/OpenCL.framework/Versions/A/OpenCL
0x000000000877d000 	/System/Library/PrivateFrameworks/FaceCore.framework/Versions/A/FaceCore
0x000000000877d000 	/System/Library/PrivateFrameworks/Ubiquity.framework/Versions/A/Ubiquity
0x000000000877d000 	/System/Library/PrivateFrameworks/IconServices.framework/Versions/A/IconServices
0x000000000877d000 	/System/Library/PrivateFrameworks/ChunkingLibrary.framework/Versions/A/ChunkingLibrary
0x000000000877d000 	/System/Library/PrivateFrameworks/Apple80211.framework/Versions/A/Apple80211
0x000000000877d000 	/System/Library/Frameworks/CoreWLAN.framework/Versions/A/CoreWLAN
0x000000000877d000 	/System/Library/Frameworks/IOBluetooth.framework/Versions/A/IOBluetooth
0x000000000877d000 	/System/Library/PrivateFrameworks/CoreWiFi.framework/Versions/A/CoreWiFi
0x000000000877d000 	/System/Library/Frameworks/CoreBluetooth.framework/Versions/A/CoreBluetooth
0x000000000877d000 	/System/Library/PrivateFrameworks/DebugSymbols.framework/Versions/A/DebugSymbols
0x000000000877d000 	/System/Library/PrivateFrameworks/CoreSymbolication.framework/Versions/A/CoreSymbolication
0x000000000877d000 	/System/Library/PrivateFrameworks/Symbolication.framework/Versions/A/Symbolication
0x000000000877d000 	/System/Library/PrivateFrameworks/SpeechRecognitionCore.framework/Versions/A/SpeechRecognitionCore
0x000000010a600000 	/Library/Java/JavaVirtualMachines/jdk1.7.0_51.jdk/Contents/Home/jre/lib/server/libjvm.dylib
0x000000000877d000 	/usr/lib/libstdc++.6.dylib
0x0000000109d2f000 	/Library/Java/JavaVirtualMachines/jdk1.7.0_51.jdk/Contents/Home/jre/lib/libverify.dylib
0x0000000109d3c000 	/Library/Java/JavaVirtualMachines/jdk1.7.0_51.jdk/Contents/Home/jre/lib/libjava.dylib
0x0000000109d76000 	/Library/Java/JavaVirtualMachines/jdk1.7.0_51.jdk/Contents/Home/jre/lib/libzip.dylib
0x0000000114844000 	/System/Library/Frameworks/JavaVM.framework/Frameworks/JavaRuntimeSupport.framework/JavaRuntimeSupport
0x000000011485a000 	/System/Library/Frameworks/JavaVM.framework/Versions/A/Frameworks/JavaNativeFoundation.framework/Versions/A/JavaNativeFoundation
0x000000011486e000 	/System/Library/Frameworks/JavaVM.framework/Versions/A/JavaVM
0x000000000877d000 	/System/Library/Frameworks/Carbon.framework/Versions/A/Carbon
0x000000011487a000 	/System/Library/PrivateFrameworks/JavaLaunching.framework/Versions/A/JavaLaunching
0x000000000877d000 	/System/Library/Frameworks/Carbon.framework/Versions/A/Frameworks/CommonPanels.framework/Versions/A/CommonPanels
0x000000000877d000 	/System/Library/Frameworks/Carbon.framework/Versions/A/Frameworks/Help.framework/Versions/A/Help
0x000000000877d000 	/System/Library/Frameworks/Carbon.framework/Versions/A/Frameworks/ImageCapture.framework/Versions/A/ImageCapture
0x000000000877d000 	/System/Library/Frameworks/Carbon.framework/Versions/A/Frameworks/OpenScripting.framework/Versions/A/OpenScripting
0x000000000877d000 	/System/Library/Frameworks/Carbon.framework/Versions/A/Frameworks/Print.framework/Versions/A/Print
0x000000000877d000 	/System/Library/Frameworks/Carbon.framework/Versions/A/Frameworks/SecurityHI.framework/Versions/A/SecurityHI
0x0000000116699000 	/Library/Java/JavaVirtualMachines/jdk1.7.0_51.jdk/Contents/Home/jre/lib/libawt.dylib
0x0000000116748000 	/Library/Java/JavaVirtualMachines/jdk1.7.0_51.jdk/Contents/Home/jre/lib/./libmlib_image.dylib
0x0000000116814000 	/Library/Java/JavaVirtualMachines/jdk1.7.0_51.jdk/Contents/Home/jre/lib/lwawt/liblwawt.dylib
0x00000001168c8000 	/Library/Java/JavaVirtualMachines/jdk1.7.0_51.jdk/Contents/Home/jre/lib/libosxapp.dylib
0x000000000877d000 	/System/Library/Frameworks/ExceptionHandling.framework/Versions/A/ExceptionHandling
0x000000000877d000 	/System/Library/PrivateFrameworks/CoreServicesInternal.framework/Versions/A/CoreServicesInternal
0x000000000877d000 	/System/Library/PrivateFrameworks/CloudDocs.framework/Versions/A/CloudDocs
0x000000000877d000 	/System/Library/PrivateFrameworks/CoreDuet.framework/Versions/A/CoreDuet
0x000000000877d000 	/System/Library/Frameworks/CloudKit.framework/Versions/A/CloudKit
0x000000000877d000 	/System/Library/PrivateFrameworks/ProtocolBuffer.framework/Versions/A/ProtocolBuffer
0x000000000877d000 	/System/Library/PrivateFrameworks/CoreDuetDaemonProtocol.framework/Versions/A/CoreDuetDaemonProtocol
0x000000000877d000 	/System/Library/PrivateFrameworks/CoreDuetDebugLogging.framework/Versions/A/CoreDuetDebugLogging
0x000000000877d000 	/System/Library/PrivateFrameworks/MMCS.framework/Versions/A/MMCS
0x000000000877d000 	/System/Library/Frameworks/CoreLocation.framework/Versions/A/CoreLocation
0x000000000877d000 	/System/Library/PrivateFrameworks/ProtectedCloudStorage.framework/Versions/A/ProtectedCloudStorage
0x000000000877d000 	/System/Library/PrivateFrameworks/GeoServices.framework/Versions/A/GeoServices
0x000000000877d000 	/System/Library/Frameworks/CoreGraphics.framework/Versions/A/Resources/libCGCMS.A.dylib
0x000000000877d000 	/System/Library/Frameworks/CoreGraphics.framework/Versions/A/Resources/libRIP.A.dylib
0x000000000877d000 	/System/Library/Frameworks/CoreGraphics.framework/Versions/A/Resources/libCGXType.A.dylib
0x000000000877d000 	/System/Library/Frameworks/OpenCL.framework/Versions/A/Libraries/libcldcpuengine.dylib
0x000000000877d000 	/System/Library/PrivateFrameworks/DiskImages.framework/Versions/A/DiskImages
0x000000000877d000 	/System/Library/Frameworks/DiscRecording.framework/Versions/A/DiscRecording
0x000000000877d000 	/usr/lib/libcsfde.dylib
0x000000000877d000 	/usr/lib/libcurl.4.dylib
0x000000000877d000 	/System/Library/PrivateFrameworks/MediaKit.framework/Versions/A/MediaKit
0x000000000877d000 	/usr/lib/libCoreStorage.dylib
0x000000000877d000 	/System/Library/PrivateFrameworks/EFILogin.framework/Versions/A/EFILogin
0x000000000877d000 	/usr/lib/libutil.dylib
0x000000000877d000 	/System/Library/PrivateFrameworks/FindMyDevice.framework/Versions/A/FindMyDevice
0x000000000877d000 	/System/Library/Frameworks/LDAP.framework/Versions/A/LDAP
0x000000000877d000 	/usr/lib/libsasl2.2.dylib
0x000000000877d000 	/System/Library/PrivateFrameworks/CoreDaemon.framework/Versions/B/CoreDaemon
0x000000000877d000 	/usr/lib/libcrypto.0.9.8.dylib
0x000000000877d000 	/System/Library/PrivateFrameworks/AppleSRP.framework/Versions/A/AppleSRP
0x000000000877d000 	/System/Library/PrivateFrameworks/TrustEvaluationAgent.framework/Versions/A/TrustEvaluationAgent
0x00000001196c4000 	cl_kernels
0x00000001196c6000 	/System/Library/Frameworks/OpenCL.framework/Versions/A/Libraries/ImageFormats/unorm8_bgra.dylib
0x00000001196b5000 	cl_kernels
0x000000000877d000 	/System/Library/PrivateFrameworks/FamilyControls.framework/Versions/A/FamilyControls
0x000000000877d000 	/System/Library/PrivateFrameworks/CommerceKit.framework/Versions/A/Frameworks/CommerceCore.framework/Versions/A/CommerceCore
0x000000000877d000 	/System/Library/PrivateFrameworks/SystemAdministration.framework/Versions/A/SystemAdministration
0x000000000877d000 	/System/Library/PrivateFrameworks/AppContainer.framework/Versions/A/AppContainer
0x000000000877d000 	/System/Library/PrivateFrameworks/SecCodeWrapper.framework/Versions/A/SecCodeWrapper
0x000000000877d000 	/System/Library/Frameworks/DirectoryService.framework/Versions/A/DirectoryService
0x000000000877d000 	/System/Library/PrivateFrameworks/LoginUIKit.framework/Versions/A/Frameworks/LoginUICore.framework/Versions/A/LoginUICore
0x000000000877d000 	/usr/lib/libodfde.dylib
0x000000011a889000 	/Library/Java/JavaVirtualMachines/jdk1.7.0_51.jdk/Contents/Home/jre/lib/libfontmanager.dylib
0x000000011a8f0000 	/Users/Alina/NetBeansProjects/OrangePickingGame/slick/liblwjgl.dylib
0x0000000118bf5000 	/Library/Java/JavaVirtualMachines/jdk1.7.0_51.jdk/Contents/Home/jre/lib/libjawt.dylib
0x0000000118bf8000 	/Library/Java/JavaVirtualMachines/jdk1.7.0_51.jdk/Contents/Home/jre/lib/libnio.dylib
0x0000000118c07000 	/Library/Java/JavaVirtualMachines/jdk1.7.0_51.jdk/Contents/Home/jre/lib/./libnet.dylib
0x000000000877d000 	/System/Library/Frameworks/OpenGL.framework/Versions/A/Resources/GLEngine.bundle/GLEngine
0x000000000877d000 	/System/Library/Frameworks/OpenGL.framework/Versions/A/Libraries/libGLProgrammability.dylib
0x000000011a9ba000 	/System/Library/Extensions/AppleIntelHD4000GraphicsGLDriver.bundle/Contents/MacOS/AppleIntelHD4000GraphicsGLDriver
0x000000000877d000 	/System/Library/PrivateFrameworks/IOAccelerator.framework/Versions/A/IOAccelerator
0x000000000877d000 	/System/Library/PrivateFrameworks/GPUSupport.framework/Versions/A/Libraries/libGPUSupportMercury.dylib
0x000000000877d000 	/System/Library/Frameworks/OpenGL.framework/Versions/A/Resources/GLRendererFloat.bundle/GLRendererFloat
0x000000011b6da000 	/Users/Alina/NetBeansProjects/OrangePickingGame/slick/libjinput-osx.dylib
0x000000011b6df000 	/System/Library/Extensions/IOHIDFamily.kext/Contents/PlugIns/IOHIDLib.plugin/Contents/MacOS/IOHIDLib

VM Arguments:
jvm_args: -Dfile.encoding=UTF-8 -Djava.library.path=/Users/Alina/NetBeansProjects/OrangePickingGame/slick 
java_command: orangepickinggame.OrangePickingGame
Launcher Type: SUN_STANDARD

Environment Variables:
PATH=/usr/bin:/bin:/usr/sbin:/sbin
LD_LIBRARY_PATH=/Library/Java/JavaVirtualMachines/jdk1.7.0_51.jdk/Contents/Home/jre/lib/amd64:/Library/Java/JavaVirtualMachines/jdk1.7.0_51.jdk/Contents/Home/jre/lib/i386:
SHELL=/bin/bash
DISPLAY=/private/tmp/com.apple.launchd.KWeCoTOs5h/org.macosforge.xquartz:0
DYLD_LIBRARY_PATH=/Applications/NetBeans/NetBeans 7.4.app/Contents/Resources/NetBeans/webcommon/bin:

Signal Handlers:
SIGSEGV: [libjvm.dylib+0x525425], sa_mask[0]=0xfffefeff, sa_flags=0x00000043
SIGBUS: [libjvm.dylib+0x525425], sa_mask[0]=0xfffefeff, sa_flags=0x00000042
SIGFPE: [libjvm.dylib+0x41892a], sa_mask[0]=0xfffefeff, sa_flags=0x00000042
SIGPIPE: [libjvm.dylib+0x41892a], sa_mask[0]=0xfffefeff, sa_flags=0x00000042
SIGXFSZ: [libjvm.dylib+0x41892a], sa_mask[0]=0xfffefeff, sa_flags=0x00000042
SIGILL: [libjvm.dylib+0x41892a], sa_mask[0]=0xfffefeff, sa_flags=0x00000042
SIGUSR1: SIG_DFL, sa_mask[0]=0x00000000, sa_flags=0x00000000
SIGUSR2: [libjvm.dylib+0x41841c], sa_mask[0]=0x00000004, sa_flags=0x00000042
SIGHUP: [libjvm.dylib+0x4166ab], sa_mask[0]=0xfffefeff, sa_flags=0x00000042
SIGINT: SIG_IGN, sa_mask[0]=0x00000000, sa_flags=0x00000000
SIGTERM: [libjvm.dylib+0x4166ab], sa_mask[0]=0xfffefeff, sa_flags=0x00000042
SIGQUIT: [libjvm.dylib+0x4166ab], sa_mask[0]=0xfffefeff, sa_flags=0x00000042


---------------  S Y S T E M  ---------------

OS:Bsduname:Darwin 14.5.0 Darwin Kernel Version 14.5.0: Wed Jul 29 02:26:53 PDT 2015; root:xnu-2782.40.9~1/RELEASE_X86_64 x86_64
rlimit: STACK 8192k, CORE 0k, NPROC 709, NOFILE 10240, AS infinity
load average:1.92 1.94 2.08

CPU:total 4 (2 cores per cpu, 2 threads per core) family 6 model 58 stepping 9, cmov, cx8, fxsr, mmx, sse, sse2, sse3, ssse3, sse4.1, sse4.2, popcnt, avx, aes, erms, ht, tsc, tscinvbit, tscinv

Memory: 4k page, physical 8388608k(2097152k free)

/proc/meminfo:


vm_info: Java HotSpot(TM) 64-Bit Server VM (24.51-b03) for bsd-amd64 JRE (1.7.0_51-b13), built on Dec 18 2013 18:45:56 by "java_re" with gcc 4.2.1 (Based on Apple Inc. build 5658) (LLVM build 2336.11.00)

time: Sun Oct  9 21:16:13 2016
elapsed time: 29 seconds

