#
# A fatal error has been detected by the Java Runtime Environment:
#
#  SIGSEGV (0xb) at pc=0x00007fff8e4120dd, pid=10191, tid=1299
#
# JRE version: Java(TM) SE Runtime Environment (7.0_51-b13) (build 1.7.0_51-b13)
# Java VM: Java HotSpot(TM) 64-Bit Server VM (24.51-b03 mixed mode bsd-amd64 compressed oops)
# Problematic frame:
# C  [libobjc.A.dylib+0x10dd]  objc_msgSend+0x1d
#
# Failed to write core dump. Core dumps have been disabled. To enable core dumping, try "ulimit -c unlimited" before starting Java again
#
# If you would like to submit a bug report, please visit:
#   http://bugreport.sun.com/bugreport/crash.jsp
# The crash happened outside the Java Virtual Machine in native code.
# See problematic frame for where to report the bug.
#

---------------  T H R E A D  ---------------

Current thread (0x00007ff0590cd800):  JavaThread "AppKit Thread" daemon [_thread_in_native, id=1299, stack(0x00007fff5df9c000,0x00007fff5e01c000)]

siginfo:si_signo=SIGSEGV: si_errno=0, si_code=1 (SEGV_MAPERR), si_addr=0x000007ff05874888

Registers:
RAX=0x00007ff058725e60, RBX=0x00007fff5e0175d8, RCX=0x0000000000000000, RDX=0x00007ff0584b1240
RSP=0x00007fff5e0173f8, RBP=0x00007fff5e017400, RSI=0x00007fff8d04241e, RDI=0x00007ff058725e60
R8 =0x00007fff5e0173e0, R9 =0x0000000000000062, R10=0x00007fff8d04241e, R11=0x000007ff05874870
R12=0x00007ff05850d650, R13=0x00000000000f42ff, R14=0x00007ff05859dc40, R15=0x00007fff5e017538
RIP=0x00007fff8e4120dd, EFLAGS=0x0000000000010202, ERR=0x0000000000000004
  TRAPNO=0x000000000000000e

Top of Stack: (sp=0x00007fff5e0173f8)
0x00007fff5e0173f8:   00007fff8af6545c 00007fff5e017760
0x00007fff5e017408:   00007fff8ae55634 00007fff5e01748c
0x00007fff5e017418:   00007fff5e017490 00007fff5e017494
0x00007fff5e017428:   00007fff774eee00 ffffffffffffffff
0x00007fff5e017438:   0000000000000930 00007fff774eee18
0x00007fff5e017448:   00007ff05859dc40 0000000000000000
0x00007fff5e017458:   00007fff5e017530 0000000000000000
0x00007fff5e017468:   00007ff05859d200 00007fff5e0175b0
0x00007fff5e017478:   0000000000000062 00000000000f4301
0x00007fff5e017488:   00007ff0584b1240 00007ff05859cc30
0x00007fff5e017498:   00007ff05850d650 0000000000000001
0x00007fff5e0174a8:   00000000000f42ff 00007ff05850d640
0x00007fff5e0174b8:   00007fff8aa3fc05 0000000177b89070
0x00007fff5e0174c8:   00007fff77cef0d0 0000000042000000
0x00007fff5e0174d8:   00007fff8aa46e63 00007fff774b9240
0x00007fff5e0174e8:   00007fff5e0175b8 0000000000000000
0x00007fff5e0174f8:   00007fff77ed48c8 0000000000000000
0x00007fff5e017508:   000000000000000d 0007c6038e43297a
0x00007fff5e017518:   00007ff05850d674 0000000000000000
0x00007fff5e017528:   0000000000419e01 00007ff05859d280
0x00007fff5e017538:   00007ff05859dc40 0000000000000000
0x00007fff5e017548:   00007fff8d07b458 00007fff5e0175f0
0x00007fff5e017558:   00007fff95dc3483 00007fff5e0175d4
0x00007fff5e017568:   0000000000419f01 00000000ffffffff
0x00007fff5e017578:   00007fff77ed48c8 0000000000419f00
0x00007fff5e017588:   00007fff00000000 00007fff5e017680
0x00007fff5e017598:   00007fff89584770 00007fff77ed48e8
0x00007fff5e0175a8:   00007fff8d07b458 0000000000000051
0x00007fff5e0175b8:   0000000000000000 00000000000f42e2
0x00007fff5e0175c8:   0000000000000053 0000000000000000
0x00007fff5e0175d8:   00000000000f42ff 00007fff5e017654
0x00007fff5e0175e8:   000000000041ab01 00000000ffffffff 

Instructions: (pc=0x00007fff8e4120dd)
0x00007fff8e4120bd:   00 00 00 48 85 ff 2e 74 7a 40 f6 c7 01 2e 75 7e
0x00007fff8e4120cd:   49 bb f8 ff ff ff ff 7f 00 00 4c 23 1f 49 89 f2
0x00007fff8e4120dd:   45 23 53 18 49 c1 e2 04 4d 03 53 10 49 3b 32 75
0x00007fff8e4120ed:   04 41 ff 62 08 49 83 3a 00 74 6a 4d 3b 53 10 74 

Register to memory mapping:

RAX=0x00007ff058725e60 is an unknown value
RBX=0x00007fff5e0175d8 is pointing into the stack for thread: 0x00007ff0590cd800
RCX=0x0000000000000000 is an unknown value
RDX=0x00007ff0584b1240 is an unknown value
RSP=0x00007fff5e0173f8 is pointing into the stack for thread: 0x00007ff0590cd800
RBP=0x00007fff5e017400 is pointing into the stack for thread: 0x00007ff0590cd800
RSI=0x00007fff8d04241e: -[NSTitlebarContainerView transparent]+0x5e312 in /System/Library/Frameworks/AppKit.framework/Versions/C/AppKit at 0x00007fff8c641000
RDI=0x00007ff058725e60 is an unknown value
R8 =0x00007fff5e0173e0 is pointing into the stack for thread: 0x00007ff0590cd800
R9 =0x0000000000000062 is an unknown value
R10=0x00007fff8d04241e: -[NSTitlebarContainerView transparent]+0x5e312 in /System/Library/Frameworks/AppKit.framework/Versions/C/AppKit at 0x00007fff8c641000
R11=0x000007ff05874870 is an unknown value
R12=0x00007ff05850d650 is an unknown value
R13=0x00000000000f42ff is an unknown value
R14=0x00007ff05859dc40 is an unknown value
R15=0x00007fff5e017538 is pointing into the stack for thread: 0x00007ff0590cd800


Stack: [0x00007fff5df9c000,0x00007fff5e01c000],  sp=0x00007fff5e0173f8,  free space=492k
Native frames: (J=compiled Java code, j=interpreted, Vv=VM code, C=native code)
C  [libobjc.A.dylib+0x10dd]  objc_msgSend+0x1d
C  [CoreFoundation+0x10634]  _CFXNotificationPost+0xc44
C  [Foundation+0x7aa1]  -[NSNotificationCenter postNotificationName:object:userInfo:]+0x42
C  [AppKit+0x439c2]  -[NSSurface _disposeSurface]+0x98
C  [AppKit+0x43426]  -[NSSurface setWindow:]+0x42
C  [AppKit+0x33910]  -[NSView _setWindow:]+0xa33
C  [AppKit+0x6af91]  -[NSView removeFromSuperview]+0x1c5
C  [AppKit+0x14bd99]  -[NSView removeFromSuperviewWithoutNeedingDisplay]+0x26
C  [liblwjgl.dylib+0xa205]  +[MacOSXKeyableWindow destroyWindow]+0xb5
C  [Foundation+0x92dd0]  __NSThreadPerformPerform+0x125
C  [CoreFoundation+0x80a01]  __CFRUNLOOP_IS_CALLING_OUT_TO_A_SOURCE0_PERFORM_FUNCTION__+0x11
C  [CoreFoundation+0x72b8d]  __CFRunLoopDoSources0+0x10d
C  [CoreFoundation+0x721bf]  __CFRunLoopRun+0x39f
C  [CoreFoundation+0x71bd8]  CFRunLoopRunSpecific+0x128
C  [HIToolbox+0x3256f]  RunCurrentEventLoopInMode+0xeb
C  [HIToolbox+0x321ee]  ReceiveNextEventCommon+0xb3
C  [HIToolbox+0x3212b]  _BlockUntilNextEventMatchingListInModeWithFilter+0x47
C  [AppKit+0x918ab]  _DPSNextEvent+0x3d2
C  [AppKit+0x90e58]  -[NSApplication nextEventMatchingMask:untilDate:inMode:dequeue:]+0x15a
C  [libosxapp.dylib+0x16f4]  -[NSApplicationAWT nextEventMatchingMask:untilDate:inMode:dequeue:]+0x7c
C  [AppKit+0x86af3]  -[NSApplication run]+0x252
C  [libosxapp.dylib+0x1557]  +[NSApplicationAWT runAWTLoopWithApp:]+0x9c
C  [liblwawt.dylib+0xdba9]  -[AWTStarter starter:]+0x369
C  [Foundation+0x92dd0]  __NSThreadPerformPerform+0x125
C  [CoreFoundation+0x80a01]  __CFRUNLOOP_IS_CALLING_OUT_TO_A_SOURCE0_PERFORM_FUNCTION__+0x11
C  [CoreFoundation+0x72b8d]  __CFRunLoopDoSources0+0x10d
C  [CoreFoundation+0x721bf]  __CFRunLoopRun+0x39f
C  [CoreFoundation+0x71bd8]  CFRunLoopRunSpecific+0x128
C  [java+0x73b0]  CreateExecutionEnvironment+0x367
C  [java+0x1b5c]  JLI_Launch+0x7a0
C  [java+0x770d]  main+0x65
C  [java+0x13b4]  start+0x34


---------------  P R O C E S S  ---------------

Java Threads: ( => current thread )
  0x00007ff059811000 JavaThread "AWT-Shutdown" [_thread_blocked, id=13275, stack(0x0000000113aab000,0x0000000113bab000)]
  0x00007ff05a08e000 JavaThread "Java2D Queue Flusher" daemon [_thread_blocked, id=55559, stack(0x0000000115d8d000,0x0000000115e8d000)]
  0x00007ff058a56000 JavaThread "Java2D Disposer" daemon [_thread_blocked, id=53511, stack(0x00000001159c7000,0x0000000115ac7000)]
=>0x00007ff0590cd800 JavaThread "AppKit Thread" daemon [_thread_in_native, id=1299, stack(0x00007fff5df9c000,0x00007fff5e01c000)]
  0x00007ff05906f000 JavaThread "Service Thread" daemon [_thread_blocked, id=17667, stack(0x000000010e534000,0x000000010e634000)]
  0x00007ff05906e800 JavaThread "C2 CompilerThread1" daemon [_thread_blocked, id=17155, stack(0x000000010e431000,0x000000010e531000)]
  0x00007ff05906d800 JavaThread "C2 CompilerThread0" daemon [_thread_blocked, id=16643, stack(0x000000010e32e000,0x000000010e42e000)]
  0x00007ff05904e800 JavaThread "Signal Dispatcher" daemon [_thread_blocked, id=14095, stack(0x000000010e22b000,0x000000010e32b000)]
  0x00007ff058811000 JavaThread "Finalizer" daemon [_thread_blocked, id=11523, stack(0x000000010c80b000,0x000000010c90b000)]
  0x00007ff05a002000 JavaThread "Reference Handler" daemon [_thread_blocked, id=11011, stack(0x000000010c708000,0x000000010c808000)]
  0x00007ff059800800 JavaThread "main" [_thread_in_native, id=4867, stack(0x0000000101cfa000,0x0000000101dfa000)]

Other Threads:
  0x00007ff05980d000 VMThread [stack: 0x000000010c605000,0x000000010c705000] [id=10499]
  0x00007ff059047000 WatcherThread [stack: 0x000000010e637000,0x000000010e737000] [id=18179]

VM state:not at safepoint (normal execution)

VM Mutex/Monitor currently owned by a thread: None

Heap
 PSYoungGen      total 117248K, used 28479K [0x00000007d5500000, 0x00000007e6100000, 0x0000000800000000)
  eden space 115712K, 23% used [0x00000007d5500000,0x00000007d6fb7f78,0x00000007dc600000)
  from space 1536K, 72% used [0x00000007e4c80000,0x00000007e4d98000,0x00000007e4e00000)
  to   space 12288K, 0% used [0x00000007e5500000,0x00000007e5500000,0x00000007e6100000)
 ParOldGen       total 87040K, used 26296K [0x0000000780000000, 0x0000000785500000, 0x00000007d5500000)
  object space 87040K, 30% used [0x0000000780000000,0x00000007819ae2f8,0x0000000785500000)
 PSPermGen       total 21504K, used 10924K [0x000000077ae00000, 0x000000077c300000, 0x0000000780000000)
  object space 21504K, 50% used [0x000000077ae00000,0x000000077b8ab0d0,0x000000077c300000)

Card table byte_map: [0x0000000106161000,0x000000010658b000] byte_map_base: 0x000000010258a000

Polling page: 0x0000000101dfc000

Code Cache  [0x00000001030a1000, 0x0000000103311000, 0x00000001060a1000)
 total_blobs=847 nmethods=367 adapters=434 free_code_cache=47712Kb largest_free_block=48817536

Compilation events (10 events):
Event: 51.532 Thread 0x00007ff05906e800 nmethod 370 0x00000001031ff290 code [0x00000001031ff3c0, 0x00000001031ff418]
Event: 51.535 Thread 0x00007ff05906d800 nmethod 368 0x0000000103209b10 code [0x0000000103209d40, 0x000000010320a590]
Event: 52.175 Thread 0x00007ff05906d800  372             org.newdawn.slick.geom.Shape::calculateRadius (117 bytes)
Event: 52.175 Thread 0x00007ff05906e800  371             org.newdawn.slick.geom.Shape::findCenter (93 bytes)
Event: 52.178 Thread 0x00007ff05906e800 nmethod 371 0x0000000103209650 code [0x00000001032097a0, 0x0000000103209a18]
Event: 52.178 Thread 0x00007ff05906d800 nmethod 372 0x00000001031fedd0 code [0x00000001031fef20, 0x00000001031ff1b8]
Event: 52.662 Thread 0x00007ff05906e800  373             org.newdawn.slick.geom.NeatTriangulator::findEdge (70 bytes)
Event: 52.665 Thread 0x00007ff05906e800 nmethod 373 0x00000001031fea10 code [0x00000001031feb60, 0x00000001031fecd8]
Event: 53.771 Thread 0x00007ff05906d800  374             org.newdawn.slick.geom.NeatTriangulator::basicTriangulation (364 bytes)
Event: 53.827 Thread 0x00007ff05906d800 nmethod 374 0x000000010320ee50 code [0x000000010320f100, 0x0000000103211298]

GC Heap History (10 events):
Event: 59.930 GC heap before
{Heap before GC invocations=7 (full 0):
 PSYoungGen      total 146432K, used 142304K [0x00000007d5500000, 0x00000007def00000, 0x0000000800000000)
  eden space 135168K, 100% used [0x00000007d5500000,0x00000007dd900000,0x00000007dd900000)
  from space 11264K, 63% used [0x00000007de400000,0x00000007deaf8040,0x00000007def00000)
  to   space 11264K, 0% used [0x00000007dd900000,0x00000007dd900000,0x00000007de400000)
 ParOldGen       total 87040K, used 8748K [0x0000000780000000, 0x0000000785500000, 0x00000007d5500000)
  object space 87040K, 10% used [0x0000000780000000,0x000000078088b0b0,0x0000000785500000)
 PSPermGen       total 21504K, used 10916K [0x000000077ae00000, 0x000000077c300000, 0x0000000780000000)
  object space 21504K, 50% used [0x000000077ae00000,0x000000077b8a9378,0x000000077c300000)
Event: 59.939 GC heap after
Heap after GC invocations=7 (full 0):
 PSYoungGen      total 146432K, used 8992K [0x00000007d5500000, 0x00000007e7400000, 0x0000000800000000)
  eden space 135168K, 0% used [0x00000007d5500000,0x00000007d5500000,0x00000007dd900000)
  from space 11264K, 79% used [0x00000007dd900000,0x00000007de1c8020,0x00000007de400000)
  to   space 11776K, 0% used [0x00000007e6880000,0x00000007e6880000,0x00000007e7400000)
 ParOldGen       total 87040K, used 10260K [0x0000000780000000, 0x0000000785500000, 0x00000007d5500000)
  object space 87040K, 11% used [0x0000000780000000,0x0000000780a05100,0x0000000785500000)
 PSPermGen       total 21504K, used 10916K [0x000000077ae00000, 0x000000077c300000, 0x0000000780000000)
  object space 21504K, 50% used [0x000000077ae00000,0x000000077b8a9378,0x000000077c300000)
}
Event: 64.485 GC heap before
{Heap before GC invocations=8 (full 0):
 PSYoungGen      total 146432K, used 144160K [0x00000007d5500000, 0x00000007e7400000, 0x0000000800000000)
  eden space 135168K, 100% used [0x00000007d5500000,0x00000007dd900000,0x00000007dd900000)
  from space 11264K, 79% used [0x00000007dd900000,0x00000007de1c8020,0x00000007de400000)
  to   space 11776K, 0% used [0x00000007e6880000,0x00000007e6880000,0x00000007e7400000)
 ParOldGen       total 87040K, used 10260K [0x0000000780000000, 0x0000000785500000, 0x00000007d5500000)
  object space 87040K, 11% used [0x0000000780000000,0x0000000780a05100,0x0000000785500000)
 PSPermGen       total 21504K, used 10918K [0x000000077ae00000, 0x000000077c300000, 0x0000000780000000)
  object space 21504K, 50% used [0x000000077ae00000,0x000000077b8a9a80,0x000000077c300000)
Event: 64.492 GC heap after
Heap after GC invocations=8 (full 0):
 PSYoungGen      total 139264K, used 8752K [0x00000007d5500000, 0x00000007e7180000, 0x0000000800000000)
  eden space 130048K, 0% used [0x00000007d5500000,0x00000007d5500000,0x00000007dd400000)
  from space 9216K, 94% used [0x00000007e6880000,0x00000007e710c120,0x00000007e7180000)
  to   space 12288K, 0% used [0x00000007e5980000,0x00000007e5980000,0x00000007e6580000)
 ParOldGen       total 87040K, used 14572K [0x0000000780000000, 0x0000000785500000, 0x00000007d5500000)
  object space 87040K, 16% used [0x0000000780000000,0x0000000780e3b140,0x0000000785500000)
 PSPermGen       total 21504K, used 10918K [0x000000077ae00000, 0x000000077c300000, 0x0000000780000000)
  object space 21504K, 50% used [0x000000077ae00000,0x000000077b8a9a80,0x000000077c300000)
}
Event: 68.330 GC heap before
{Heap before GC invocations=9 (full 0):
 PSYoungGen      total 139264K, used 138800K [0x00000007d5500000, 0x00000007e7180000, 0x0000000800000000)
  eden space 130048K, 100% used [0x00000007d5500000,0x00000007dd400000,0x00000007dd400000)
  from space 9216K, 94% used [0x00000007e6880000,0x00000007e710c120,0x00000007e7180000)
  to   space 12288K, 0% used [0x00000007e5980000,0x00000007e5980000,0x00000007e6580000)
 ParOldGen       total 87040K, used 14572K [0x0000000780000000, 0x0000000785500000, 0x00000007d5500000)
  object space 87040K, 16% used [0x0000000780000000,0x0000000780e3b140,0x0000000785500000)
 PSPermGen       total 21504K, used 10918K [0x000000077ae00000, 0x000000077c300000, 0x0000000780000000)
  object space 21504K, 50% used [0x000000077ae00000,0x000000077b8a9a80,0x000000077c300000)
Event: 68.337 GC heap after
Heap after GC invocations=9 (full 0):
 PSYoungGen      total 132096K, used 7024K [0x00000007d5500000, 0x00000007e6900000, 0x0000000800000000)
  eden space 124928K, 0% used [0x00000007d5500000,0x00000007d5500000,0x00000007dcf00000)
  from space 7168K, 97% used [0x00000007e5980000,0x00000007e605c120,0x00000007e6080000)
  to   space 8704K, 0% used [0x00000007e6080000,0x00000007e6080000,0x00000007e6900000)
 ParOldGen       total 87040K, used 17888K [0x0000000780000000, 0x0000000785500000, 0x00000007d5500000)
  object space 87040K, 20% used [0x0000000780000000,0x0000000781178150,0x0000000785500000)
 PSPermGen       total 21504K, used 10918K [0x000000077ae00000, 0x000000077c300000, 0x0000000780000000)
  object space 21504K, 50% used [0x000000077ae00000,0x000000077b8a9a80,0x000000077c300000)
}
Event: 71.825 GC heap before
{Heap before GC invocations=10 (full 0):
 PSYoungGen      total 132096K, used 131952K [0x00000007d5500000, 0x00000007e6900000, 0x0000000800000000)
  eden space 124928K, 100% used [0x00000007d5500000,0x00000007dcf00000,0x00000007dcf00000)
  from space 7168K, 97% used [0x00000007e5980000,0x00000007e605c120,0x00000007e6080000)
  to   space 8704K, 0% used [0x00000007e6080000,0x00000007e6080000,0x00000007e6900000)
 ParOldGen       total 87040K, used 17888K [0x0000000780000000, 0x0000000785500000, 0x00000007d5500000)
  object space 87040K, 20% used [0x0000000780000000,0x0000000781178150,0x0000000785500000)
 PSPermGen       total 21504K, used 10918K [0x000000077ae00000, 0x000000077c300000, 0x0000000780000000)
  object space 21504K, 50% used [0x000000077ae00000,0x000000077b8a9a80,0x000000077c300000)
Event: 71.834 GC heap after
Heap after GC invocations=10 (full 0):
 PSYoungGen      total 123392K, used 2848K [0x00000007d5500000, 0x00000007e6380000, 0x0000000800000000)
  eden space 120320K, 0% used [0x00000007d5500000,0x00000007d5500000,0x00000007dca80000)
  from space 3072K, 92% used [0x00000007e6080000,0x00000007e6348000,0x00000007e6380000)
  to   space 11776K, 0% used [0x00000007e4c80000,0x00000007e4c80000,0x00000007e5800000)
 ParOldGen       total 87040K, used 23448K [0x0000000780000000, 0x0000000785500000, 0x00000007d5500000)
  object space 87040K, 26% used [0x0000000780000000,0x00000007816e6150,0x0000000785500000)
 PSPermGen       total 21504K, used 10918K [0x000000077ae00000, 0x000000077c300000, 0x0000000780000000)
  object space 21504K, 50% used [0x000000077ae00000,0x000000077b8a9a80,0x000000077c300000)
}
Event: 75.056 GC heap before
{Heap before GC invocations=11 (full 0):
 PSYoungGen      total 123392K, used 123168K [0x00000007d5500000, 0x00000007e6380000, 0x0000000800000000)
  eden space 120320K, 100% used [0x00000007d5500000,0x00000007dca80000,0x00000007dca80000)
  from space 3072K, 92% used [0x00000007e6080000,0x00000007e6348000,0x00000007e6380000)
  to   space 11776K, 0% used [0x00000007e4c80000,0x00000007e4c80000,0x00000007e5800000)
 ParOldGen       total 87040K, used 23448K [0x0000000780000000, 0x0000000785500000, 0x00000007d5500000)
  object space 87040K, 26% used [0x0000000780000000,0x00000007816e6150,0x0000000785500000)
 PSPermGen       total 21504K, used 10918K [0x000000077ae00000, 0x000000077c300000, 0x0000000780000000)
  object space 21504K, 50% used [0x000000077ae00000,0x000000077b8a9b80,0x000000077c300000)
Event: 75.062 GC heap after
Heap after GC invocations=11 (full 0):
 PSYoungGen      total 117248K, used 1120K [0x00000007d5500000, 0x00000007e6100000, 0x0000000800000000)
  eden space 115712K, 0% used [0x00000007d5500000,0x00000007d5500000,0x00000007dc600000)
  from space 1536K, 72% used [0x00000007e4c80000,0x00000007e4d98000,0x00000007e4e00000)
  to   space 12288K, 0% used [0x00000007e5500000,0x00000007e5500000,0x00000007e6100000)
 ParOldGen       total 87040K, used 26296K [0x0000000780000000, 0x0000000785500000, 0x00000007d5500000)
  object space 87040K, 30% used [0x0000000780000000,0x00000007819ae2f8,0x0000000785500000)
 PSPermGen       total 21504K, used 10918K [0x000000077ae00000, 0x000000077c300000, 0x0000000780000000)
  object space 21504K, 50% used [0x000000077ae00000,0x000000077b8a9b80,0x000000077c300000)
}

Deoptimization events (10 events):
Event: 0.898 Thread 0x00007ff059800800 Uncommon trap: reason=null_check action=make_not_entrant pc=0x0000000103112660 method=java.lang.String.equals(Ljava/lang/Object;)Z @ 8
Event: 1.442 Thread 0x00007ff059800800 Uncommon trap: reason=class_check action=maybe_recompile pc=0x000000010315c488 method=java.util.zip.InflaterInputStream.read([BII)I @ 100
Event: 1.443 Thread 0x00007ff059800800 Uncommon trap: reason=class_check action=maybe_recompile pc=0x000000010315c488 method=java.util.zip.InflaterInputStream.read([BII)I @ 100
Event: 1.536 Thread 0x00007ff059800800 Uncommon trap: reason=class_check action=maybe_recompile pc=0x000000010315c488 method=java.util.zip.InflaterInputStream.read([BII)I @ 100
Event: 1.636 Thread 0x00007ff059800800 Uncommon trap: reason=null_check action=make_not_entrant pc=0x000000010316252c method=org.newdawn.slick.tiled.Layer.<init>(Lorg/newdawn/slick/tiled/TiledMap;Lorg/w3c/dom/Element;)V @ 82
Event: 2.363 Thread 0x00007ff059800800 Uncommon trap: reason=class_check action=maybe_recompile pc=0x000000010315c488 method=java.util.zip.InflaterInputStream.read([BII)I @ 100
Event: 22.986 Thread 0x00007ff059800800 Uncommon trap: reason=unreached action=reinterpret pc=0x00000001031a3f64 method=java.text.DecimalFormat.expandAffix(Ljava/lang/String;)[Ljava/text/FieldPosition; @ 326
Event: 44.058 Thread 0x00007ff059800800 Uncommon trap: reason=unloaded action=reinterpret pc=0x000000010315c50c method=orangepickinggame.PlayLevelTwo.update(Lorg/newdawn/slick/GameContainer;Lorg/newdawn/slick/state/StateBasedGame;I)V @ 25
Event: 44.558 Thread 0x00007ff059800800 Uncommon trap: reason=bimorphic action=maybe_recompile pc=0x00000001031e7ed8 method=org.newdawn.slick.state.StateBasedGame.update(Lorg/newdawn/slick/GameContainer;I)V @ 43
Event: 50.556 Thread 0x00007ff059800800 Uncommon trap: reason=bimorphic action=maybe_recompile pc=0x00000001031e925c method=org.newdawn.slick.state.StateBasedGame.update(Lorg/newdawn/slick/GameContainer;I)V @ 77

Internal exceptions (10 events):
Event: 8.467 Thread 0x00007ff059800800 Threw 0x00000007d5b72c90 at /HUDSON/workspace/7u-2-build-macosx-x86_64/jdk7u51/527/hotspot/src/share/vm/prims/jvm.cpp:1244
Event: 8.467 Thread 0x00007ff059800800 Threw 0x00000007d5b77000 at /HUDSON/workspace/7u-2-build-macosx-x86_64/jdk7u51/527/hotspot/src/share/vm/prims/jvm.cpp:1244
Event: 51.054 Thread 0x00007ff059800800 Threw 0x00000007d808fac8 at /HUDSON/workspace/7u-2-build-macosx-x86_64/jdk7u51/527/hotspot/src/share/vm/prims/jvm.cpp:1244
Event: 51.055 Thread 0x00007ff059800800 Threw 0x00000007d8096290 at /HUDSON/workspace/7u-2-build-macosx-x86_64/jdk7u51/527/hotspot/src/share/vm/prims/jvm.cpp:1244
Event: 51.055 Thread 0x00007ff059800800 Threw 0x00000007d8099048 at /HUDSON/workspace/7u-2-build-macosx-x86_64/jdk7u51/527/hotspot/src/share/vm/prims/jvm.cpp:1244
Event: 51.089 Thread 0x00007ff059800800 Threw 0x00000007d80a2310 at /HUDSON/workspace/7u-2-build-macosx-x86_64/jdk7u51/527/hotspot/src/share/vm/prims/jvm.cpp:1244
Event: 51.090 Thread 0x00007ff059800800 Threw 0x00000007d80a59f0 at /HUDSON/workspace/7u-2-build-macosx-x86_64/jdk7u51/527/hotspot/src/share/vm/prims/jvm.cpp:1244
Event: 51.091 Thread 0x00007ff059800800 Threw 0x00000007d80a8be8 at /HUDSON/workspace/7u-2-build-macosx-x86_64/jdk7u51/527/hotspot/src/share/vm/prims/jvm.cpp:1244
Event: 51.091 Thread 0x00007ff059800800 Threw 0x00000007d80abfb8 at /HUDSON/workspace/7u-2-build-macosx-x86_64/jdk7u51/527/hotspot/src/share/vm/prims/jvm.cpp:1244
Event: 75.795 Thread 0x00007ff059800800 Threw 0x00000007d6eabae0 at /HUDSON/workspace/7u-2-build-macosx-x86_64/jdk7u51/527/hotspot/src/share/vm/prims/jvm.cpp:1244

Events (10 events):
Event: 68.519 Executing VM operation: RevokeBias
Event: 68.519 Executing VM operation: RevokeBias done
Event: 68.519 Thread 0x00007ff05a109800 Thread exited: 0x00007ff05a109800
Event: 68.526 Thread 0x00007ff059811000 Thread added: 0x00007ff059811000
Event: 71.825 Executing VM operation: ParallelGCFailedAllocation
Event: 71.834 Executing VM operation: ParallelGCFailedAllocation done
Event: 75.056 Executing VM operation: ParallelGCFailedAllocation
Event: 75.062 Executing VM operation: ParallelGCFailedAllocation done
Event: 75.795 loading class 0x00007ff0586175d0
Event: 75.795 loading class 0x00007ff0586175d0 done


Dynamic libraries:
0x0000000006b02000 	/System/Library/Frameworks/Cocoa.framework/Versions/A/Cocoa
0x0000000006b02000 	/System/Library/Frameworks/Security.framework/Versions/A/Security
0x0000000006b02000 	/System/Library/Frameworks/ApplicationServices.framework/Versions/A/ApplicationServices
0x0000000006b02000 	/usr/lib/libz.1.dylib
0x0000000006b02000 	/usr/lib/libSystem.B.dylib
0x0000000006b02000 	/usr/lib/libobjc.A.dylib
0x0000000006b02000 	/System/Library/Frameworks/CoreFoundation.framework/Versions/A/CoreFoundation
0x0000000006b02000 	/System/Library/Frameworks/Foundation.framework/Versions/C/Foundation
0x0000000006b02000 	/System/Library/Frameworks/AppKit.framework/Versions/C/AppKit
0x0000000006b02000 	/System/Library/Frameworks/CoreData.framework/Versions/A/CoreData
0x0000000006b02000 	/System/Library/PrivateFrameworks/RemoteViewServices.framework/Versions/A/RemoteViewServices
0x0000000006b02000 	/System/Library/PrivateFrameworks/UIFoundation.framework/Versions/A/UIFoundation
0x0000000006b02000 	/System/Library/Frameworks/IOSurface.framework/Versions/A/IOSurface
0x0000000006b02000 	/System/Library/Frameworks/AudioToolbox.framework/Versions/A/AudioToolbox
0x0000000006b02000 	/System/Library/Frameworks/AudioUnit.framework/Versions/A/AudioUnit
0x0000000006b02000 	/System/Library/PrivateFrameworks/DataDetectorsCore.framework/Versions/A/DataDetectorsCore
0x0000000006b02000 	/System/Library/PrivateFrameworks/DesktopServicesPriv.framework/Versions/A/DesktopServicesPriv
0x0000000006b02000 	/System/Library/Frameworks/Carbon.framework/Versions/A/Frameworks/HIToolbox.framework/Versions/A/HIToolbox
0x0000000006b02000 	/System/Library/Frameworks/QuartzCore.framework/Versions/A/QuartzCore
0x0000000006b02000 	/System/Library/Frameworks/Carbon.framework/Versions/A/Frameworks/SpeechRecognition.framework/Versions/A/SpeechRecognition
0x0000000006b02000 	/usr/lib/libauto.dylib
0x0000000006b02000 	/usr/lib/libicucore.A.dylib
0x0000000006b02000 	/usr/lib/libxml2.2.dylib
0x0000000006b02000 	/System/Library/PrivateFrameworks/CoreUI.framework/Versions/A/CoreUI
0x0000000006b02000 	/System/Library/Frameworks/CoreAudio.framework/Versions/A/CoreAudio
0x0000000006b02000 	/System/Library/Frameworks/DiskArbitration.framework/Versions/A/DiskArbitration
0x0000000006b02000 	/usr/lib/liblangid.dylib
0x0000000006b02000 	/System/Library/PrivateFrameworks/MultitouchSupport.framework/Versions/A/MultitouchSupport
0x0000000006b02000 	/System/Library/Frameworks/IOKit.framework/Versions/A/IOKit
0x0000000006b02000 	/usr/lib/libDiagnosticMessagesClient.dylib
0x0000000006b02000 	/System/Library/Frameworks/CoreServices.framework/Versions/A/CoreServices
0x0000000006b02000 	/System/Library/PrivateFrameworks/PerformanceAnalysis.framework/Versions/A/PerformanceAnalysis
0x0000000006b02000 	/System/Library/PrivateFrameworks/GenerationalStorage.framework/Versions/A/GenerationalStorage
0x0000000006b02000 	/System/Library/Frameworks/OpenGL.framework/Versions/A/OpenGL
0x0000000006b02000 	/System/Library/PrivateFrameworks/Sharing.framework/Versions/A/Sharing
0x0000000006b02000 	/System/Library/Frameworks/CoreGraphics.framework/Versions/A/CoreGraphics
0x0000000006b02000 	/System/Library/Frameworks/CoreText.framework/Versions/A/CoreText
0x0000000006b02000 	/System/Library/Frameworks/ImageIO.framework/Versions/A/ImageIO
0x0000000006b02000 	/usr/lib/libextension.dylib
0x0000000006b02000 	/System/Library/PrivateFrameworks/Backup.framework/Versions/A/Backup
0x0000000006b02000 	/usr/lib/libarchive.2.dylib
0x0000000006b02000 	/System/Library/Frameworks/CFNetwork.framework/Versions/A/CFNetwork
0x0000000006b02000 	/System/Library/Frameworks/SystemConfiguration.framework/Versions/A/SystemConfiguration
0x0000000006b02000 	/usr/lib/libCRFSuite.dylib
0x0000000006b02000 	/usr/lib/libc++.1.dylib
0x0000000006b02000 	/usr/lib/libc++abi.dylib
0x0000000006b02000 	/usr/lib/system/libcache.dylib
0x0000000006b02000 	/usr/lib/system/libcommonCrypto.dylib
0x0000000006b02000 	/usr/lib/system/libcompiler_rt.dylib
0x0000000006b02000 	/usr/lib/system/libcopyfile.dylib
0x0000000006b02000 	/usr/lib/system/libcorecrypto.dylib
0x0000000006b02000 	/usr/lib/system/libdispatch.dylib
0x0000000006b02000 	/usr/lib/system/libdyld.dylib
0x0000000006b02000 	/usr/lib/system/libkeymgr.dylib
0x0000000006b02000 	/usr/lib/system/liblaunch.dylib
0x0000000006b02000 	/usr/lib/system/libmacho.dylib
0x0000000006b02000 	/usr/lib/system/libquarantine.dylib
0x0000000006b02000 	/usr/lib/system/libremovefile.dylib
0x0000000006b02000 	/usr/lib/system/libsystem_asl.dylib
0x0000000006b02000 	/usr/lib/system/libsystem_blocks.dylib
0x0000000006b02000 	/usr/lib/system/libsystem_c.dylib
0x0000000006b02000 	/usr/lib/system/libsystem_configuration.dylib
0x0000000006b02000 	/usr/lib/system/libsystem_coreservices.dylib
0x0000000006b02000 	/usr/lib/system/libsystem_coretls.dylib
0x0000000006b02000 	/usr/lib/system/libsystem_dnssd.dylib
0x0000000006b02000 	/usr/lib/system/libsystem_info.dylib
0x0000000006b02000 	/usr/lib/system/libsystem_kernel.dylib
0x0000000006b02000 	/usr/lib/system/libsystem_m.dylib
0x0000000006b02000 	/usr/lib/system/libsystem_malloc.dylib
0x0000000006b02000 	/usr/lib/system/libsystem_network.dylib
0x0000000006b02000 	/usr/lib/system/libsystem_networkextension.dylib
0x0000000006b02000 	/usr/lib/system/libsystem_notify.dylib
0x0000000006b02000 	/usr/lib/system/libsystem_platform.dylib
0x0000000006b02000 	/usr/lib/system/libsystem_pthread.dylib
0x0000000006b02000 	/usr/lib/system/libsystem_sandbox.dylib
0x0000000006b02000 	/usr/lib/system/libsystem_secinit.dylib
0x0000000006b02000 	/usr/lib/system/libsystem_stats.dylib
0x0000000006b02000 	/usr/lib/system/libsystem_trace.dylib
0x0000000006b02000 	/usr/lib/system/libunc.dylib
0x0000000006b02000 	/usr/lib/system/libunwind.dylib
0x0000000006b02000 	/usr/lib/system/libxpc.dylib
0x0000000006b02000 	/usr/lib/libbz2.1.0.dylib
0x0000000006b02000 	/usr/lib/liblzma.5.dylib
0x0000000006b02000 	/usr/lib/libbsm.0.dylib
0x0000000006b02000 	/usr/lib/libsqlite3.dylib
0x0000000006b02000 	/usr/lib/system/libkxld.dylib
0x0000000006b02000 	/usr/lib/libxar.1.dylib
0x0000000006b02000 	/usr/lib/libpam.2.dylib
0x0000000006b02000 	/usr/lib/libOpenScriptingUtil.dylib
0x0000000006b02000 	/System/Library/Frameworks/CoreServices.framework/Versions/A/Frameworks/FSEvents.framework/Versions/A/FSEvents
0x0000000006b02000 	/System/Library/Frameworks/CoreServices.framework/Versions/A/Frameworks/CarbonCore.framework/Versions/A/CarbonCore
0x0000000006b02000 	/System/Library/Frameworks/CoreServices.framework/Versions/A/Frameworks/Metadata.framework/Versions/A/Metadata
0x0000000006b02000 	/System/Library/Frameworks/CoreServices.framework/Versions/A/Frameworks/OSServices.framework/Versions/A/OSServices
0x0000000006b02000 	/System/Library/Frameworks/CoreServices.framework/Versions/A/Frameworks/SearchKit.framework/Versions/A/SearchKit
0x0000000006b02000 	/System/Library/Frameworks/CoreServices.framework/Versions/A/Frameworks/AE.framework/Versions/A/AE
0x0000000006b02000 	/System/Library/Frameworks/CoreServices.framework/Versions/A/Frameworks/LaunchServices.framework/Versions/A/LaunchServices
0x0000000006b02000 	/System/Library/Frameworks/CoreServices.framework/Versions/A/Frameworks/DictionaryServices.framework/Versions/A/DictionaryServices
0x0000000006b02000 	/System/Library/Frameworks/NetFS.framework/Versions/A/NetFS
0x0000000006b02000 	/System/Library/PrivateFrameworks/NetAuth.framework/Versions/A/NetAuth
0x0000000006b02000 	/System/Library/PrivateFrameworks/login.framework/Versions/A/Frameworks/loginsupport.framework/Versions/A/loginsupport
0x0000000006b02000 	/System/Library/PrivateFrameworks/TCC.framework/Versions/A/TCC
0x0000000006b02000 	/usr/lib/libmecabra.dylib
0x0000000006b02000 	/System/Library/Frameworks/ApplicationServices.framework/Versions/A/Frameworks/ATS.framework/Versions/A/ATS
0x0000000006b02000 	/System/Library/Frameworks/ApplicationServices.framework/Versions/A/Frameworks/ColorSync.framework/Versions/A/ColorSync
0x0000000006b02000 	/System/Library/Frameworks/ApplicationServices.framework/Versions/A/Frameworks/HIServices.framework/Versions/A/HIServices
0x0000000006b02000 	/System/Library/Frameworks/ApplicationServices.framework/Versions/A/Frameworks/LangAnalysis.framework/Versions/A/LangAnalysis
0x0000000006b02000 	/System/Library/Frameworks/ApplicationServices.framework/Versions/A/Frameworks/PrintCore.framework/Versions/A/PrintCore
0x0000000006b02000 	/System/Library/Frameworks/ApplicationServices.framework/Versions/A/Frameworks/QD.framework/Versions/A/QD
0x0000000006b02000 	/System/Library/Frameworks/ApplicationServices.framework/Versions/A/Frameworks/SpeechSynthesis.framework/Versions/A/SpeechSynthesis
0x0000000006b02000 	/System/Library/Frameworks/Accelerate.framework/Versions/A/Accelerate
0x0000000006b02000 	/System/Library/Frameworks/Accelerate.framework/Versions/A/Frameworks/vImage.framework/Versions/A/vImage
0x0000000006b02000 	/System/Library/Frameworks/Accelerate.framework/Versions/A/Frameworks/vecLib.framework/Versions/A/vecLib
0x0000000006b02000 	/System/Library/Frameworks/Accelerate.framework/Versions/A/Frameworks/vecLib.framework/Versions/A/libvDSP.dylib
0x0000000006b02000 	/System/Library/Frameworks/Accelerate.framework/Versions/A/Frameworks/vecLib.framework/Versions/A/libvMisc.dylib
0x0000000006b02000 	/System/Library/Frameworks/Accelerate.framework/Versions/A/Frameworks/vecLib.framework/Versions/A/libLAPACK.dylib
0x0000000006b02000 	/System/Library/Frameworks/Accelerate.framework/Versions/A/Frameworks/vecLib.framework/Versions/A/libBLAS.dylib
0x0000000006b02000 	/System/Library/Frameworks/Accelerate.framework/Versions/A/Frameworks/vecLib.framework/Versions/A/libLinearAlgebra.dylib
0x0000000006b02000 	/System/Library/Frameworks/ApplicationServices.framework/Versions/A/Frameworks/ATS.framework/Versions/A/Resources/libFontParser.dylib
0x0000000006b02000 	/System/Library/Frameworks/ApplicationServices.framework/Versions/A/Frameworks/ATS.framework/Versions/A/Resources/libFontRegistry.dylib
0x0000000006b02000 	/System/Library/PrivateFrameworks/AppleVPA.framework/Versions/A/AppleVPA
0x0000000006b02000 	/System/Library/PrivateFrameworks/AppleJPEG.framework/Versions/A/AppleJPEG
0x0000000006b02000 	/System/Library/Frameworks/ImageIO.framework/Versions/A/Resources/libJPEG.dylib
0x0000000006b02000 	/System/Library/Frameworks/ImageIO.framework/Versions/A/Resources/libTIFF.dylib
0x0000000006b02000 	/System/Library/Frameworks/ImageIO.framework/Versions/A/Resources/libPng.dylib
0x0000000006b02000 	/System/Library/Frameworks/ImageIO.framework/Versions/A/Resources/libGIF.dylib
0x0000000006b02000 	/System/Library/Frameworks/ImageIO.framework/Versions/A/Resources/libJP2.dylib
0x0000000006b02000 	/System/Library/Frameworks/ImageIO.framework/Versions/A/Resources/libRadiance.dylib
0x0000000006b02000 	/System/Library/Frameworks/CoreVideo.framework/Versions/A/CoreVideo
0x0000000006b02000 	/System/Library/Frameworks/OpenGL.framework/Versions/A/Libraries/libGLU.dylib
0x0000000006b02000 	/System/Library/Frameworks/OpenGL.framework/Versions/A/Libraries/libGFXShared.dylib
0x0000000006b02000 	/System/Library/Frameworks/OpenGL.framework/Versions/A/Libraries/libGL.dylib
0x0000000006b02000 	/System/Library/Frameworks/OpenGL.framework/Versions/A/Libraries/libGLImage.dylib
0x0000000006b02000 	/System/Library/Frameworks/OpenGL.framework/Versions/A/Libraries/libCVMSPluginSupport.dylib
0x0000000006b02000 	/System/Library/Frameworks/OpenGL.framework/Versions/A/Libraries/libCoreVMClient.dylib
0x0000000006b02000 	/usr/lib/libcups.2.dylib
0x0000000006b02000 	/System/Library/Frameworks/Kerberos.framework/Versions/A/Kerberos
0x0000000006b02000 	/System/Library/Frameworks/GSS.framework/Versions/A/GSS
0x0000000006b02000 	/usr/lib/libresolv.9.dylib
0x0000000006b02000 	/usr/lib/libiconv.2.dylib
0x0000000006b02000 	/System/Library/PrivateFrameworks/Heimdal.framework/Versions/A/Heimdal
0x0000000006b02000 	/usr/lib/libheimdal-asn1.dylib
0x0000000006b02000 	/System/Library/Frameworks/OpenDirectory.framework/Versions/A/OpenDirectory
0x0000000006b02000 	/System/Library/PrivateFrameworks/CommonAuth.framework/Versions/A/CommonAuth
0x0000000006b02000 	/System/Library/Frameworks/OpenDirectory.framework/Versions/A/Frameworks/CFOpenDirectory.framework/Versions/A/CFOpenDirectory
0x0000000006b02000 	/System/Library/Frameworks/SecurityFoundation.framework/Versions/A/SecurityFoundation
0x0000000006b02000 	/System/Library/PrivateFrameworks/LanguageModeling.framework/Versions/A/LanguageModeling
0x0000000006b02000 	/usr/lib/libcmph.dylib
0x0000000006b02000 	/System/Library/Frameworks/ServiceManagement.framework/Versions/A/ServiceManagement
0x0000000006b02000 	/usr/lib/libxslt.1.dylib
0x0000000006b02000 	/System/Library/Frameworks/Carbon.framework/Versions/A/Frameworks/Ink.framework/Versions/A/Ink
0x0000000006b02000 	/System/Library/Frameworks/QuartzCore.framework/Versions/A/Frameworks/CoreImage.framework/Versions/A/CoreImage
0x0000000006b02000 	/System/Library/PrivateFrameworks/CrashReporterSupport.framework/Versions/A/CrashReporterSupport
0x0000000006b02000 	/System/Library/Frameworks/OpenCL.framework/Versions/A/OpenCL
0x0000000006b02000 	/System/Library/PrivateFrameworks/FaceCore.framework/Versions/A/FaceCore
0x0000000006b02000 	/System/Library/PrivateFrameworks/Ubiquity.framework/Versions/A/Ubiquity
0x0000000006b02000 	/System/Library/PrivateFrameworks/IconServices.framework/Versions/A/IconServices
0x0000000006b02000 	/System/Library/PrivateFrameworks/ChunkingLibrary.framework/Versions/A/ChunkingLibrary
0x0000000006b02000 	/System/Library/PrivateFrameworks/Apple80211.framework/Versions/A/Apple80211
0x0000000006b02000 	/System/Library/Frameworks/CoreWLAN.framework/Versions/A/CoreWLAN
0x0000000006b02000 	/System/Library/Frameworks/IOBluetooth.framework/Versions/A/IOBluetooth
0x0000000006b02000 	/System/Library/PrivateFrameworks/CoreWiFi.framework/Versions/A/CoreWiFi
0x0000000006b02000 	/System/Library/Frameworks/CoreBluetooth.framework/Versions/A/CoreBluetooth
0x0000000006b02000 	/System/Library/PrivateFrameworks/DebugSymbols.framework/Versions/A/DebugSymbols
0x0000000006b02000 	/System/Library/PrivateFrameworks/CoreSymbolication.framework/Versions/A/CoreSymbolication
0x0000000006b02000 	/System/Library/PrivateFrameworks/Symbolication.framework/Versions/A/Symbolication
0x0000000006b02000 	/System/Library/PrivateFrameworks/SpeechRecognitionCore.framework/Versions/A/SpeechRecognitionCore
0x0000000102600000 	/Library/Java/JavaVirtualMachines/jdk1.7.0_51.jdk/Contents/Home/jre/lib/server/libjvm.dylib
0x0000000006b02000 	/usr/lib/libstdc++.6.dylib
0x0000000103053000 	/Library/Java/JavaVirtualMachines/jdk1.7.0_51.jdk/Contents/Home/jre/lib/libverify.dylib
0x0000000103060000 	/Library/Java/JavaVirtualMachines/jdk1.7.0_51.jdk/Contents/Home/jre/lib/libjava.dylib
0x0000000103098000 	/Library/Java/JavaVirtualMachines/jdk1.7.0_51.jdk/Contents/Home/jre/lib/libzip.dylib
0x000000010c90d000 	/System/Library/Frameworks/JavaVM.framework/Frameworks/JavaRuntimeSupport.framework/JavaRuntimeSupport
0x000000010c923000 	/System/Library/Frameworks/JavaVM.framework/Versions/A/Frameworks/JavaNativeFoundation.framework/Versions/A/JavaNativeFoundation
0x000000010c937000 	/System/Library/Frameworks/JavaVM.framework/Versions/A/JavaVM
0x0000000006b02000 	/System/Library/Frameworks/Carbon.framework/Versions/A/Carbon
0x000000010c943000 	/System/Library/PrivateFrameworks/JavaLaunching.framework/Versions/A/JavaLaunching
0x0000000006b02000 	/System/Library/Frameworks/Carbon.framework/Versions/A/Frameworks/CommonPanels.framework/Versions/A/CommonPanels
0x0000000006b02000 	/System/Library/Frameworks/Carbon.framework/Versions/A/Frameworks/Help.framework/Versions/A/Help
0x0000000006b02000 	/System/Library/Frameworks/Carbon.framework/Versions/A/Frameworks/ImageCapture.framework/Versions/A/ImageCapture
0x0000000006b02000 	/System/Library/Frameworks/Carbon.framework/Versions/A/Frameworks/OpenScripting.framework/Versions/A/OpenScripting
0x0000000006b02000 	/System/Library/Frameworks/Carbon.framework/Versions/A/Frameworks/Print.framework/Versions/A/Print
0x0000000006b02000 	/System/Library/Frameworks/Carbon.framework/Versions/A/Frameworks/SecurityHI.framework/Versions/A/SecurityHI
0x000000010e766000 	/Library/Java/JavaVirtualMachines/jdk1.7.0_51.jdk/Contents/Home/jre/lib/libawt.dylib
0x000000010e815000 	/Library/Java/JavaVirtualMachines/jdk1.7.0_51.jdk/Contents/Home/jre/lib/./libmlib_image.dylib
0x000000010e8e1000 	/Library/Java/JavaVirtualMachines/jdk1.7.0_51.jdk/Contents/Home/jre/lib/lwawt/liblwawt.dylib
0x000000010e995000 	/Library/Java/JavaVirtualMachines/jdk1.7.0_51.jdk/Contents/Home/jre/lib/libosxapp.dylib
0x0000000006b02000 	/System/Library/Frameworks/ExceptionHandling.framework/Versions/A/ExceptionHandling
0x0000000006b02000 	/System/Library/PrivateFrameworks/CoreServicesInternal.framework/Versions/A/CoreServicesInternal
0x0000000006b02000 	/System/Library/PrivateFrameworks/CloudDocs.framework/Versions/A/CloudDocs
0x0000000006b02000 	/System/Library/PrivateFrameworks/CoreDuet.framework/Versions/A/CoreDuet
0x0000000006b02000 	/System/Library/Frameworks/CloudKit.framework/Versions/A/CloudKit
0x0000000006b02000 	/System/Library/PrivateFrameworks/ProtocolBuffer.framework/Versions/A/ProtocolBuffer
0x0000000006b02000 	/System/Library/PrivateFrameworks/CoreDuetDaemonProtocol.framework/Versions/A/CoreDuetDaemonProtocol
0x0000000006b02000 	/System/Library/PrivateFrameworks/CoreDuetDebugLogging.framework/Versions/A/CoreDuetDebugLogging
0x0000000006b02000 	/System/Library/PrivateFrameworks/MMCS.framework/Versions/A/MMCS
0x0000000006b02000 	/System/Library/Frameworks/CoreLocation.framework/Versions/A/CoreLocation
0x0000000006b02000 	/System/Library/PrivateFrameworks/ProtectedCloudStorage.framework/Versions/A/ProtectedCloudStorage
0x0000000006b02000 	/System/Library/PrivateFrameworks/GeoServices.framework/Versions/A/GeoServices
0x0000000006b02000 	/System/Library/Frameworks/CoreGraphics.framework/Versions/A/Resources/libCGCMS.A.dylib
0x0000000006b02000 	/System/Library/Frameworks/CoreGraphics.framework/Versions/A/Resources/libRIP.A.dylib
0x0000000006b02000 	/System/Library/Frameworks/CoreGraphics.framework/Versions/A/Resources/libCGXType.A.dylib
0x0000000006b02000 	/System/Library/Frameworks/OpenCL.framework/Versions/A/Libraries/libcldcpuengine.dylib
0x0000000006b02000 	/System/Library/PrivateFrameworks/DiskImages.framework/Versions/A/DiskImages
0x0000000006b02000 	/System/Library/Frameworks/DiscRecording.framework/Versions/A/DiscRecording
0x0000000006b02000 	/usr/lib/libcsfde.dylib
0x0000000006b02000 	/usr/lib/libcurl.4.dylib
0x0000000006b02000 	/System/Library/PrivateFrameworks/MediaKit.framework/Versions/A/MediaKit
0x0000000006b02000 	/usr/lib/libCoreStorage.dylib
0x0000000006b02000 	/System/Library/PrivateFrameworks/EFILogin.framework/Versions/A/EFILogin
0x0000000006b02000 	/usr/lib/libutil.dylib
0x0000000006b02000 	/System/Library/PrivateFrameworks/FindMyDevice.framework/Versions/A/FindMyDevice
0x0000000006b02000 	/System/Library/Frameworks/LDAP.framework/Versions/A/LDAP
0x0000000006b02000 	/usr/lib/libsasl2.2.dylib
0x0000000006b02000 	/System/Library/PrivateFrameworks/CoreDaemon.framework/Versions/B/CoreDaemon
0x0000000006b02000 	/usr/lib/libcrypto.0.9.8.dylib
0x0000000006b02000 	/System/Library/PrivateFrameworks/AppleSRP.framework/Versions/A/AppleSRP
0x0000000006b02000 	/System/Library/PrivateFrameworks/TrustEvaluationAgent.framework/Versions/A/TrustEvaluationAgent
0x000000011170e000 	cl_kernels
0x0000000111710000 	/System/Library/Frameworks/OpenCL.framework/Versions/A/Libraries/ImageFormats/unorm8_bgra.dylib
0x00000001116ff000 	cl_kernels
0x0000000006b02000 	/System/Library/PrivateFrameworks/FamilyControls.framework/Versions/A/FamilyControls
0x0000000006b02000 	/System/Library/PrivateFrameworks/CommerceKit.framework/Versions/A/Frameworks/CommerceCore.framework/Versions/A/CommerceCore
0x0000000006b02000 	/System/Library/PrivateFrameworks/SystemAdministration.framework/Versions/A/SystemAdministration
0x0000000006b02000 	/System/Library/PrivateFrameworks/AppContainer.framework/Versions/A/AppContainer
0x0000000006b02000 	/System/Library/PrivateFrameworks/SecCodeWrapper.framework/Versions/A/SecCodeWrapper
0x0000000006b02000 	/System/Library/Frameworks/DirectoryService.framework/Versions/A/DirectoryService
0x0000000006b02000 	/System/Library/PrivateFrameworks/LoginUIKit.framework/Versions/A/Frameworks/LoginUICore.framework/Versions/A/LoginUICore
0x0000000006b02000 	/usr/lib/libodfde.dylib
0x0000000112956000 	/Library/Java/JavaVirtualMachines/jdk1.7.0_51.jdk/Contents/Home/jre/lib/libfontmanager.dylib
0x00000001129bd000 	/Users/Alina/NetBeansProjects/OrangePickingGame/slick/liblwjgl.dylib
0x0000000110c3f000 	/Library/Java/JavaVirtualMachines/jdk1.7.0_51.jdk/Contents/Home/jre/lib/libjawt.dylib
0x0000000110c42000 	/Library/Java/JavaVirtualMachines/jdk1.7.0_51.jdk/Contents/Home/jre/lib/libnio.dylib
0x0000000110c51000 	/Library/Java/JavaVirtualMachines/jdk1.7.0_51.jdk/Contents/Home/jre/lib/./libnet.dylib
0x0000000006b02000 	/System/Library/Frameworks/OpenGL.framework/Versions/A/Resources/GLEngine.bundle/GLEngine
0x0000000006b02000 	/System/Library/Frameworks/OpenGL.framework/Versions/A/Libraries/libGLProgrammability.dylib
0x0000000112a87000 	/System/Library/Extensions/AppleIntelHD4000GraphicsGLDriver.bundle/Contents/MacOS/AppleIntelHD4000GraphicsGLDriver
0x0000000006b02000 	/System/Library/PrivateFrameworks/IOAccelerator.framework/Versions/A/IOAccelerator
0x0000000006b02000 	/System/Library/PrivateFrameworks/GPUSupport.framework/Versions/A/Libraries/libGPUSupportMercury.dylib
0x0000000006b02000 	/System/Library/Frameworks/OpenGL.framework/Versions/A/Resources/GLRendererFloat.bundle/GLRendererFloat
0x0000000113879000 	/Users/Alina/NetBeansProjects/OrangePickingGame/slick/libjinput-osx.dylib
0x000000011387e000 	/System/Library/Extensions/IOHIDFamily.kext/Contents/PlugIns/IOHIDLib.plugin/Contents/MacOS/IOHIDLib
0x00000001166ff000 	/Library/Java/JavaVirtualMachines/jdk1.7.0_51.jdk/Contents/Home/jre/lib/libt2k.dylib

VM Arguments:
jvm_args: -Dfile.encoding=UTF-8 -Djava.library.path=/Users/Alina/NetBeansProjects/OrangePickingGame/slick 
java_command: orangepickinggame.OrangePickingGame
Launcher Type: SUN_STANDARD

Environment Variables:
PATH=/usr/bin:/bin:/usr/sbin:/sbin
LD_LIBRARY_PATH=/Library/Java/JavaVirtualMachines/jdk1.7.0_51.jdk/Contents/Home/jre/lib/amd64:/Library/Java/JavaVirtualMachines/jdk1.7.0_51.jdk/Contents/Home/jre/lib/i386:
SHELL=/bin/bash
DISPLAY=/private/tmp/com.apple.launchd.Cz68jreZXx/org.macosforge.xquartz:0
DYLD_LIBRARY_PATH=/Applications/NetBeans/NetBeans 7.4.app/Contents/Resources/NetBeans/webcommon/bin:

Signal Handlers:
SIGSEGV: [libjvm.dylib+0x525425], sa_mask[0]=0xfffefeff, sa_flags=0x00000043
SIGBUS: [libjvm.dylib+0x525425], sa_mask[0]=0xfffefeff, sa_flags=0x00000042
SIGFPE: [libjvm.dylib+0x41892a], sa_mask[0]=0xfffefeff, sa_flags=0x00000042
SIGPIPE: [libjvm.dylib+0x41892a], sa_mask[0]=0xfffefeff, sa_flags=0x00000042
SIGXFSZ: [libjvm.dylib+0x41892a], sa_mask[0]=0xfffefeff, sa_flags=0x00000042
SIGILL: [libjvm.dylib+0x41892a], sa_mask[0]=0xfffefeff, sa_flags=0x00000042
SIGUSR1: SIG_DFL, sa_mask[0]=0x00000000, sa_flags=0x00000000
SIGUSR2: [libjvm.dylib+0x41841c], sa_mask[0]=0x00000004, sa_flags=0x00000042
SIGHUP: [libjvm.dylib+0x4166ab], sa_mask[0]=0xfffefeff, sa_flags=0x00000042
SIGINT: SIG_IGN, sa_mask[0]=0x00000000, sa_flags=0x00000000
SIGTERM: [libjvm.dylib+0x4166ab], sa_mask[0]=0xfffefeff, sa_flags=0x00000042
SIGQUIT: [libjvm.dylib+0x4166ab], sa_mask[0]=0xfffefeff, sa_flags=0x00000042


---------------  S Y S T E M  ---------------

OS:Bsduname:Darwin 14.5.0 Darwin Kernel Version 14.5.0: Wed Jul 29 02:26:53 PDT 2015; root:xnu-2782.40.9~1/RELEASE_X86_64 x86_64
rlimit: STACK 8192k, CORE 0k, NPROC 709, NOFILE 10240, AS infinity
load average:2.14 2.34 2.37

CPU:total 4 (2 cores per cpu, 2 threads per core) family 6 model 58 stepping 9, cmov, cx8, fxsr, mmx, sse, sse2, sse3, ssse3, sse4.1, sse4.2, popcnt, avx, aes, erms, ht, tsc, tscinvbit, tscinv

Memory: 4k page, physical 8388608k(2097152k free)

/proc/meminfo:


vm_info: Java HotSpot(TM) 64-Bit Server VM (24.51-b03) for bsd-amd64 JRE (1.7.0_51-b13), built on Dec 18 2013 18:45:56 by "java_re" with gcc 4.2.1 (Based on Apple Inc. build 5658) (LLVM build 2336.11.00)

time: Tue Nov 29 23:17:52 2016
elapsed time: 76 seconds

