#
# A fatal error has been detected by the Java Runtime Environment:
#
#  SIGILL (0x4) at pc=0x00007fff9187b2ea, pid=27640, tid=1299
#
# JRE version: Java(TM) SE Runtime Environment (7.0_51-b13) (build 1.7.0_51-b13)
# Java VM: Java HotSpot(TM) 64-Bit Server VM (24.51-b03 mixed mode bsd-amd64 compressed oops)
# Problematic frame:
# C  [libobjc.A.dylib+0x122ea]  _objc_trap()+0x0
#
# Failed to write core dump. Core dumps have been disabled. To enable core dumping, try "ulimit -c unlimited" before starting Java again
#
# If you would like to submit a bug report, please visit:
#   http://bugreport.sun.com/bugreport/crash.jsp
# The crash happened outside the Java Virtual Machine in native code.
# See problematic frame for where to report the bug.
#

---------------  T H R E A D  ---------------

Current thread (0x00007fdf118c8800):  JavaThread "AppKit Thread" daemon [_thread_in_native, id=1299, stack(0x00007fff5cbdd000,0x00007fff5cc5d000)]

siginfo:si_signo=SIGILL: si_errno=0, si_code=1 (ILL_ILLOPC), si_addr=0x00007fff9187b2ea

Registers:
RAX=0x0000000000000000, RBX=0x00007fdf10f73970, RCX=0x0000000000000000, RDX=0x00007fff79f691e0
RSP=0x00007fff5cc56708, RBP=0x00007fff5cc567f0, RSI=0x0000010000000100, RDI=0x0000000000000103
R8 =0x00007fff5cc566b0, R9 =0x00000000e0000000, R10=0x0000000000000000, R11=0xffffffffffffae80
R12=0x00007fff795e8070, R13=0x00007fff79f72e80, R14=0x00007fff79f73428, R15=0x00007fdf10e53ec0
RIP=0x00007fff9187b2ea, EFLAGS=0x0000000000010206, ERR=0x0000000000000000
  TRAPNO=0x0000000000000006

Top of Stack: (sp=0x00007fff5cc56708)
0x00007fff5cc56708:   00007fff9187b42a 0000000000000000
0x00007fff5cc56718:   00007fdf10f73970 00007fff94dc3bd5
0x00007fff5cc56728:   00007fff94dc3bd5 000000000000005f
0x00007fff5cc56738:   00007fdf10f73970 00007fff5cc56770
0x00007fff5cc56748:   00007fff9188b225 00007fff5cc567b0
0x00007fff5cc56758:   00007fff9187eda1 00007fff79f73410
0x00007fff5cc56768:   00007fff795e8070 00007fff5cc567d0
0x00007fff5cc56778:   00007fdf10e53ec0 00007fff5cc567b0
0x00007fff5cc56788:   00007fff94dc3bd5 00007fff94dc3bd5
0x00007fff5cc56798:   0000000000000000 00007fff7a71e0b0
0x00007fff5cc567a8:   00007fdf10e53ec0 00007fff5cc567f0
0x00007fff5cc567b8:   00007fff918805ad 00007fdf10fe5e90
0x00007fff5cc567c8:   00007fdf10fe5d60 0000003000000018
0x00007fff5cc567d8:   00007fff5cc56800 00007fff5cc56710
0x00007fff5cc567e8:   00007fdf10e53ec0 00007fff5cc56860
0x00007fff5cc567f8:   00007fff91872c87 0000000000000000
0x00007fff5cc56808:   00007fdf10e67440 00007fff79f72e80
0x00007fff5cc56818:   00007fdf10e52c70 00007fff5cc56880
0x00007fff5cc56828:   00007fff91872b21 b700e57369828517
0x00007fff5cc56838:   00007fff79f72e80 0000000000000000
0x00007fff5cc56848:   00007fff79f72e80 00007fdf10e53ec0
0x00007fff5cc56858:   00007fff79f73400 00007fff5cc568c0
0x00007fff5cc56868:   00007fff91872ac7 0000000000000008
0x00007fff5cc56878:   00007fdf10f73970 0000000000000580
0x00007fff5cc56888:   00007fdf10e53ec0 0000000000000008
0x00007fff5cc56898:   00007fdf10f552e0 0000000000000000
0x00007fff5cc568a8:   00007fdf10e21870 00007fdf10e52b00
0x00007fff5cc568b8:   00007fdf10f73970 00007fff5cc56900
0x00007fff5cc568c8:   00007fff8ba5220c 00007fdf10f552e0
0x00007fff5cc568d8:   0000000000000000 00007fdf10f73970
0x00007fff5cc568e8:   00007fff9186a0c0 00007fdf10f552e0
0x00007fff5cc568f8:   00007fff7a735bd8 00007fff5cc56930 

Instructions: (pc=0x00007fff9187b2ea)
0x00007fff9187b2ca:   c0 44 89 f2 e8 1f 08 01 00 48 8b 7d e0 e8 30 cc
0x00007fff9187b2da:   ff ff 48 8b 7d e0 e8 d3 15 ff ff e8 00 00 00 00
0x00007fff9187b2ea:   0f 0b 55 48 89 e5 48 81 ec d0 00 00 00 84 c0 74
0x00007fff9187b2fa:   26 0f 29 85 60 ff ff ff 0f 29 8d 70 ff ff ff 0f 

Register to memory mapping:

RAX=0x0000000000000000 is an unknown value
RBX=0x00007fdf10f73970 is an unknown value
RCX=0x0000000000000000 is an unknown value
RDX=0x00007fff79f691e0: _ZZL14_objc_crashlogPKcE13crashlog_lock+0x20 in /usr/lib/libobjc.A.dylib at 0x00007fff91869000
RSP=0x00007fff5cc56708 is pointing into the stack for thread: 0x00007fdf118c8800
RBP=0x00007fff5cc567f0 is pointing into the stack for thread: 0x00007fdf118c8800
RSI=0x0000010000000100 is an unknown value
RDI=0x0000000000000103 is an unknown value
R8 =0x00007fff5cc566b0 is pointing into the stack for thread: 0x00007fdf118c8800
R9 =0x00000000e0000000 is an unknown value
R10=0x0000000000000000 is an unknown value
R11=0xffffffffffffae80 is an unknown value
R12=0x00007fff795e8070: __stack_chk_guard+0 in /usr/lib/system/libsystem_c.dylib at 0x00007fff8e1af000
R13=0x00007fff79f72e80: _ZN12_GLOBAL__N_19SideTable9table_bufE+0 in /usr/lib/libobjc.A.dylib at 0x00007fff91869000
R14=0x00007fff79f73428: _ZN12_GLOBAL__N_19SideTable9table_bufE+0x5a8 in /usr/lib/libobjc.A.dylib at 0x00007fff91869000
R15=0x00007fdf10e53ec0 is an unknown value


Stack: [0x00007fff5cbdd000,0x00007fff5cc5d000],  sp=0x00007fff5cc56708,  free space=485k
Native frames: (J=compiled Java code, j=interpreted, Vv=VM code, C=native code)
C  [libobjc.A.dylib+0x122ea]  _objc_trap()+0x0
C  [libobjc.A.dylib+0x9c87]  class_getMethodImplementation+0x0
C  [libobjc.A.dylib+0x9ac7]  objc_storeWeak+0xe9
C  [Foundation+0x1620c]  -[NSConcreteMapTable setObject:forKey:]+0x6e
C  [AppKit+0x31df3e]  -[NSView(NSOpenGLContextAssociation) _setOpenGLContext:]+0xf2
C  [AppKit+0x31db54]  -[NSOpenGLContext setView:]+0x5b
C  [liblwjgl.dylib+0xa586]  -[MacOSXOpenGLView lockFocus]+0x76
C  [AppKit+0xe1f45]  -[NSView _recursiveDisplayRectIfNeededIgnoringOpacity:isVisibleRect:rectIsVisibleRectForView:topView:]+0x740
C  [AppKit+0xe2fa0]  -[NSView _recursiveDisplayRectIfNeededIgnoringOpacity:isVisibleRect:rectIsVisibleRectForView:topView:]+0x179b
C  [AppKit+0xe12f3]  -[NSThemeFrame _recursiveDisplayRectIfNeededIgnoringOpacity:isVisibleRect:rectIsVisibleRectForView:topView:]+0x14d
C  [AppKit+0xdd68b]  -[NSView _displayRectIgnoringOpacity:isVisibleRect:rectIsVisibleRectForView:]+0xac9
C  [AppKit+0x951ae]  -[NSView displayIfNeeded]+0x754
C  [AppKit+0x94a09]  -[NSWindow displayIfNeeded]+0xec
C  [AppKit+0x94672]  _handleWindowNeedsDisplayOrLayoutOrUpdateConstraints+0x3a8
C  [Foundation+0x4ba23]  __NSFireTimer+0x5f
C  [CoreFoundation+0xb72e4]  __CFRUNLOOP_IS_CALLING_OUT_TO_A_TIMER_CALLBACK_FUNCTION__+0x14
C  [CoreFoundation+0xb6f73]  __CFRunLoopDoTimer+0x423
C  [CoreFoundation+0x12a53d]  __CFRunLoopDoTimers+0x12d
C  [CoreFoundation+0x72608]  __CFRunLoopRun+0x7e8
C  [CoreFoundation+0x71bd8]  CFRunLoopRunSpecific+0x128
C  [HIToolbox+0x3256f]  RunCurrentEventLoopInMode+0xeb
C  [HIToolbox+0x322ea]  ReceiveNextEventCommon+0x1af
C  [HIToolbox+0x3212b]  _BlockUntilNextEventMatchingListInModeWithFilter+0x47
C  [AppKit+0x918ab]  _DPSNextEvent+0x3d2
C  [AppKit+0x90e58]  -[NSApplication nextEventMatchingMask:untilDate:inMode:dequeue:]+0x15a
C  [libosxapp.dylib+0x16f4]  -[NSApplicationAWT nextEventMatchingMask:untilDate:inMode:dequeue:]+0x7c
C  [AppKit+0x86af3]  -[NSApplication run]+0x252
C  [libosxapp.dylib+0x1557]  +[NSApplicationAWT runAWTLoopWithApp:]+0x9c
C  [liblwawt.dylib+0xdba9]  -[AWTStarter starter:]+0x369
C  [Foundation+0x92dd0]  __NSThreadPerformPerform+0x125
C  [CoreFoundation+0x80a01]  __CFRUNLOOP_IS_CALLING_OUT_TO_A_SOURCE0_PERFORM_FUNCTION__+0x11
C  [CoreFoundation+0x72b8d]  __CFRunLoopDoSources0+0x10d
C  [CoreFoundation+0x721bf]  __CFRunLoopRun+0x39f
C  [CoreFoundation+0x71bd8]  CFRunLoopRunSpecific+0x128
C  [java+0x73b0]  CreateExecutionEnvironment+0x367
C  [java+0x1b5c]  JLI_Launch+0x7a0
C  [java+0x770d]  main+0x65
C  [java+0x13b4]  start+0x34


---------------  P R O C E S S  ---------------

Java Threads: ( => current thread )
  0x00007fdf11046000 JavaThread "AWT-Shutdown" [_thread_blocked, id=27419, stack(0x00000001113da000,0x00000001114da000)]
  0x00007fdf11a8f800 JavaThread "Java2D Queue Flusher" daemon [_thread_blocked, id=54827, stack(0x0000000117153000,0x0000000117253000)]
  0x00007fdf1196f800 JavaThread "Java2D Disposer" daemon [_thread_blocked, id=50227, stack(0x0000000116d85000,0x0000000116e85000)]
=>0x00007fdf118c8800 JavaThread "AppKit Thread" daemon [_thread_in_native, id=1299, stack(0x00007fff5cbdd000,0x00007fff5cc5d000)]
  0x00007fdf12018800 JavaThread "Service Thread" daemon [_thread_blocked, id=17667, stack(0x000000010f8f3000,0x000000010f9f3000)]
  0x00007fdf12017800 JavaThread "C2 CompilerThread1" daemon [_thread_blocked, id=17155, stack(0x000000010f7f0000,0x000000010f8f0000)]
  0x00007fdf12012000 JavaThread "C2 CompilerThread0" daemon [_thread_blocked, id=16643, stack(0x000000010f6ed000,0x000000010f7ed000)]
  0x00007fdf12003000 JavaThread "Signal Dispatcher" daemon [_thread_blocked, id=12811, stack(0x000000010f5ea000,0x000000010f6ea000)]
  0x00007fdf11039800 JavaThread "Finalizer" daemon [_thread_blocked, id=11523, stack(0x000000010dbce000,0x000000010dcce000)]
  0x00007fdf11036800 JavaThread "Reference Handler" daemon [_thread_blocked, id=11011, stack(0x000000010dacb000,0x000000010dbcb000)]
  0x00007fdf1100c000 JavaThread "main" [_thread_in_native, id=4867, stack(0x00000001030b9000,0x00000001031b9000)]

Other Threads:
  0x00007fdf11036000 VMThread [stack: 0x000000010d9c8000,0x000000010dac8000] [id=10499]
  0x00007fdf12011800 WatcherThread [stack: 0x000000010f9f6000,0x000000010faf6000] [id=18179]

VM state:not at safepoint (normal execution)

VM Mutex/Monitor currently owned by a thread: None

Heap
 PSYoungGen      total 72704K, used 10075K [0x00000007d5500000, 0x00000007dea00000, 0x0000000800000000)
  eden space 67584K, 7% used [0x00000007d5500000,0x00000007d5a1aca8,0x00000007d9700000)
  from space 5120K, 94% used [0x00000007d9700000,0x00000007d9bbc020,0x00000007d9c00000)
  to   space 8704K, 0% used [0x00000007de180000,0x00000007de180000,0x00000007dea00000)
 ParOldGen       total 87040K, used 7012K [0x0000000780000000, 0x0000000785500000, 0x00000007d5500000)
  object space 87040K, 8% used [0x0000000780000000,0x00000007806d90a0,0x0000000785500000)
 PSPermGen       total 21504K, used 10852K [0x000000077ae00000, 0x000000077c300000, 0x0000000780000000)
  object space 21504K, 50% used [0x000000077ae00000,0x000000077b8990f0,0x000000077c300000)

Card table byte_map: [0x0000000107524000,0x000000010794e000] byte_map_base: 0x000000010394d000

Polling page: 0x00000001031f8000

Code Cache  [0x0000000104464000, 0x00000001046d4000, 0x0000000107464000)
 total_blobs=797 nmethods=318 adapters=433 free_code_cache=47875Kb largest_free_block=48991296

Compilation events (10 events):
Event: 32.925 Thread 0x00007fdf12012000 nmethod 317 0x0000000104583f10 code [0x0000000104584060, 0x0000000104584188]
Event: 32.925 Thread 0x00007fdf12017800 nmethod 318 0x000000010458e990 code [0x000000010458eae0, 0x000000010458ebe8]
Event: 34.212 Thread 0x00007fdf12012000  320             java.lang.StringBuilder::append (8 bytes)
Event: 34.217 Thread 0x00007fdf12012000 nmethod 320 0x0000000104596290 code [0x0000000104596400, 0x0000000104596848]
Event: 41.035 Thread 0x00007fdf12017800  321             java.nio.HeapByteBuffer::_get (7 bytes)
Event: 41.035 Thread 0x00007fdf12017800 nmethod 321 0x0000000104596cd0 code [0x0000000104596e20, 0x0000000104596eb8]
Event: 43.221 Thread 0x00007fdf12012000  322             java.nio.HeapByteBuffer::_put (8 bytes)
Event: 43.222 Thread 0x00007fdf12012000 nmethod 322 0x0000000104583c50 code [0x0000000104583da0, 0x0000000104583e58]
Event: 44.226 Thread 0x00007fdf12017800  323 % !         org.newdawn.slick.AppGameContainer::start @ 9 (49 bytes)
Event: 44.227 Thread 0x00007fdf12017800 nmethod 323% 0x0000000104595e50 code [0x0000000104595fc0, 0x00000001045960f0]

GC Heap History (10 events):
Event: 1.310 GC heap before
{Heap before GC invocations=1 (full 0):
 PSYoungGen      total 38912K, used 33792K [0x00000007d5500000, 0x00000007d8000000, 0x0000000800000000)
  eden space 33792K, 100% used [0x00000007d5500000,0x00000007d7600000,0x00000007d7600000)
  from space 5120K, 0% used [0x00000007d7b00000,0x00000007d7b00000,0x00000007d8000000)
  to   space 5120K, 0% used [0x00000007d7600000,0x00000007d7600000,0x00000007d7b00000)
 ParOldGen       total 87040K, used 0K [0x0000000780000000, 0x0000000785500000, 0x00000007d5500000)
  object space 87040K, 0% used [0x0000000780000000,0x0000000780000000,0x0000000785500000)
 PSPermGen       total 21504K, used 10387K [0x000000077ae00000, 0x000000077c300000, 0x0000000780000000)
  object space 21504K, 48% used [0x000000077ae00000,0x000000077b824c60,0x000000077c300000)
Event: 1.319 GC heap after
Heap after GC invocations=1 (full 0):
 PSYoungGen      total 38912K, used 3289K [0x00000007d5500000, 0x00000007d8000000, 0x0000000800000000)
  eden space 33792K, 0% used [0x00000007d5500000,0x00000007d5500000,0x00000007d7600000)
  from space 5120K, 64% used [0x00000007d7600000,0x00000007d7936718,0x00000007d7b00000)
  to   space 5120K, 0% used [0x00000007d7b00000,0x00000007d7b00000,0x00000007d8000000)
 ParOldGen       total 87040K, used 8K [0x0000000780000000, 0x0000000785500000, 0x00000007d5500000)
  object space 87040K, 0% used [0x0000000780000000,0x0000000780002000,0x0000000785500000)
 PSPermGen       total 21504K, used 10387K [0x000000077ae00000, 0x000000077c300000, 0x0000000780000000)
  object space 21504K, 48% used [0x000000077ae00000,0x000000077b824c60,0x000000077c300000)
}
Event: 1.527 GC heap before
{Heap before GC invocations=2 (full 0):
 PSYoungGen      total 38912K, used 37081K [0x00000007d5500000, 0x00000007d8000000, 0x0000000800000000)
  eden space 33792K, 100% used [0x00000007d5500000,0x00000007d7600000,0x00000007d7600000)
  from space 5120K, 64% used [0x00000007d7600000,0x00000007d7936718,0x00000007d7b00000)
  to   space 5120K, 0% used [0x00000007d7b00000,0x00000007d7b00000,0x00000007d8000000)
 ParOldGen       total 87040K, used 8K [0x0000000780000000, 0x0000000785500000, 0x00000007d5500000)
  object space 87040K, 0% used [0x0000000780000000,0x0000000780002000,0x0000000785500000)
 PSPermGen       total 21504K, used 10473K [0x000000077ae00000, 0x000000077c300000, 0x0000000780000000)
  object space 21504K, 48% used [0x000000077ae00000,0x000000077b83a500,0x000000077c300000)
Event: 1.534 GC heap after
Heap after GC invocations=2 (full 0):
 PSYoungGen      total 38912K, used 5096K [0x00000007d5500000, 0x00000007da100000, 0x0000000800000000)
  eden space 33792K, 0% used [0x00000007d5500000,0x00000007d5500000,0x00000007d7600000)
  from space 5120K, 99% used [0x00000007d7b00000,0x00000007d7ffa198,0x00000007d8000000)
  to   space 5120K, 0% used [0x00000007d7600000,0x00000007d7600000,0x00000007d7b00000)
 ParOldGen       total 87040K, used 3088K [0x0000000780000000, 0x0000000785500000, 0x00000007d5500000)
  object space 87040K, 3% used [0x0000000780000000,0x0000000780304030,0x0000000785500000)
 PSPermGen       total 21504K, used 10473K [0x000000077ae00000, 0x000000077c300000, 0x0000000780000000)
  object space 21504K, 48% used [0x000000077ae00000,0x000000077b83a500,0x000000077c300000)
}
Event: 1.752 GC heap before
{Heap before GC invocations=3 (full 0):
 PSYoungGen      total 38912K, used 38363K [0x00000007d5500000, 0x00000007da100000, 0x0000000800000000)
  eden space 33792K, 98% used [0x00000007d5500000,0x00000007d757cd68,0x00000007d7600000)
  from space 5120K, 99% used [0x00000007d7b00000,0x00000007d7ffa198,0x00000007d8000000)
  to   space 5120K, 0% used [0x00000007d7600000,0x00000007d7600000,0x00000007d7b00000)
 ParOldGen       total 87040K, used 3088K [0x0000000780000000, 0x0000000785500000, 0x00000007d5500000)
  object space 87040K, 3% used [0x0000000780000000,0x0000000780304030,0x0000000785500000)
 PSPermGen       total 21504K, used 10482K [0x000000077ae00000, 0x000000077c300000, 0x0000000780000000)
  object space 21504K, 48% used [0x000000077ae00000,0x000000077b83cbc0,0x000000077c300000)
Event: 1.756 GC heap after
Heap after GC invocations=3 (full 0):
 PSYoungGen      total 38912K, used 3968K [0x00000007d5500000, 0x00000007da100000, 0x0000000800000000)
  eden space 33792K, 0% used [0x00000007d5500000,0x00000007d5500000,0x00000007d7600000)
  from space 5120K, 77% used [0x00000007d7600000,0x00000007d79e0030,0x00000007d7b00000)
  to   space 5120K, 0% used [0x00000007d9c00000,0x00000007d9c00000,0x00000007da100000)
 ParOldGen       total 87040K, used 3152K [0x0000000780000000, 0x0000000785500000, 0x00000007d5500000)
  object space 87040K, 3% used [0x0000000780000000,0x0000000780314040,0x0000000785500000)
 PSPermGen       total 21504K, used 10482K [0x000000077ae00000, 0x000000077c300000, 0x0000000780000000)
  object space 21504K, 48% used [0x000000077ae00000,0x000000077b83cbc0,0x000000077c300000)
}
Event: 1.880 GC heap before
{Heap before GC invocations=4 (full 0):
 PSYoungGen      total 38912K, used 37760K [0x00000007d5500000, 0x00000007da100000, 0x0000000800000000)
  eden space 33792K, 100% used [0x00000007d5500000,0x00000007d7600000,0x00000007d7600000)
  from space 5120K, 77% used [0x00000007d7600000,0x00000007d79e0030,0x00000007d7b00000)
  to   space 5120K, 0% used [0x00000007d9c00000,0x00000007d9c00000,0x00000007da100000)
 ParOldGen       total 87040K, used 3152K [0x0000000780000000, 0x0000000785500000, 0x00000007d5500000)
  object space 87040K, 3% used [0x0000000780000000,0x0000000780314040,0x0000000785500000)
 PSPermGen       total 21504K, used 10488K [0x000000077ae00000, 0x000000077c300000, 0x0000000780000000)
  object space 21504K, 48% used [0x000000077ae00000,0x000000077b83e130,0x000000077c300000)
Event: 1.886 GC heap after
Heap after GC invocations=4 (full 0):
 PSYoungGen      total 72704K, used 5104K [0x00000007d5500000, 0x00000007da100000, 0x0000000800000000)
  eden space 67584K, 0% used [0x00000007d5500000,0x00000007d5500000,0x00000007d9700000)
  from space 5120K, 99% used [0x00000007d9c00000,0x00000007da0fc060,0x00000007da100000)
  to   space 5120K, 0% used [0x00000007d9700000,0x00000007d9700000,0x00000007d9c00000)
 ParOldGen       total 87040K, used 7004K [0x0000000780000000, 0x0000000785500000, 0x00000007d5500000)
  object space 87040K, 8% used [0x0000000780000000,0x00000007806d70a0,0x0000000785500000)
 PSPermGen       total 21504K, used 10488K [0x000000077ae00000, 0x000000077c300000, 0x0000000780000000)
  object space 21504K, 48% used [0x000000077ae00000,0x000000077b83e130,0x000000077c300000)
}
Event: 29.362 GC heap before
{Heap before GC invocations=5 (full 0):
 PSYoungGen      total 72704K, used 72688K [0x00000007d5500000, 0x00000007da100000, 0x0000000800000000)
  eden space 67584K, 100% used [0x00000007d5500000,0x00000007d9700000,0x00000007d9700000)
  from space 5120K, 99% used [0x00000007d9c00000,0x00000007da0fc060,0x00000007da100000)
  to   space 5120K, 0% used [0x00000007d9700000,0x00000007d9700000,0x00000007d9c00000)
 ParOldGen       total 87040K, used 7004K [0x0000000780000000, 0x0000000785500000, 0x00000007d5500000)
  object space 87040K, 8% used [0x0000000780000000,0x00000007806d70a0,0x0000000785500000)
 PSPermGen       total 21504K, used 10836K [0x000000077ae00000, 0x000000077c300000, 0x0000000780000000)
  object space 21504K, 50% used [0x000000077ae00000,0x000000077b895380,0x000000077c300000)
Event: 29.368 GC heap after
Heap after GC invocations=5 (full 0):
 PSYoungGen      total 72704K, used 4848K [0x00000007d5500000, 0x00000007dea00000, 0x0000000800000000)
  eden space 67584K, 0% used [0x00000007d5500000,0x00000007d5500000,0x00000007d9700000)
  from space 5120K, 94% used [0x00000007d9700000,0x00000007d9bbc020,0x00000007d9c00000)
  to   space 8704K, 0% used [0x00000007de180000,0x00000007de180000,0x00000007dea00000)
 ParOldGen       total 87040K, used 7012K [0x0000000780000000, 0x0000000785500000, 0x00000007d5500000)
  object space 87040K, 8% used [0x0000000780000000,0x00000007806d90a0,0x0000000785500000)
 PSPermGen       total 21504K, used 10836K [0x000000077ae00000, 0x000000077c300000, 0x0000000780000000)
  object space 21504K, 50% used [0x000000077ae00000,0x000000077b895380,0x000000077c300000)
}

Deoptimization events (10 events):
Event: 0.860 Thread 0x00007fdf1100c000 Uncommon trap: reason=null_check action=make_not_entrant pc=0x00000001044d5760 method=java.lang.String.equals(Ljava/lang/Object;)Z @ 8
Event: 1.393 Thread 0x00007fdf1100c000 Uncommon trap: reason=class_check action=maybe_recompile pc=0x0000000104512588 method=java.util.zip.InflaterInputStream.read([BII)I @ 100
Event: 1.394 Thread 0x00007fdf1100c000 Uncommon trap: reason=class_check action=maybe_recompile pc=0x0000000104512588 method=java.util.zip.InflaterInputStream.read([BII)I @ 100
Event: 1.478 Thread 0x00007fdf1100c000 Uncommon trap: reason=class_check action=maybe_recompile pc=0x0000000104512588 method=java.util.zip.InflaterInputStream.read([BII)I @ 100
Event: 2.128 Thread 0x00007fdf1100c000 Uncommon trap: reason=class_check action=maybe_recompile pc=0x0000000104512588 method=java.util.zip.InflaterInputStream.read([BII)I @ 100
Event: 35.359 Thread 0x00007fdf1100c000 Uncommon trap: reason=class_check action=maybe_recompile pc=0x000000010459b170 method=org.newdawn.slick.state.StateBasedGame.render(Lorg/newdawn/slick/GameContainer;Lorg/newdawn/slick/Graphics;)V @ 20
Event: 35.362 Thread 0x00007fdf1100c000 Uncommon trap: reason=class_check action=maybe_recompile pc=0x000000010459c074 method=org.newdawn.slick.state.StateBasedGame.update(Lorg/newdawn/slick/GameContainer;I)V @ 20
Event: 35.365 Thread 0x00007fdf1100c000 Uncommon trap: reason=class_check action=maybe_recompile pc=0x000000010459c074 method=org.newdawn.slick.state.StateBasedGame.update(Lorg/newdawn/slick/GameContainer;I)V @ 20
Event: 35.367 Thread 0x00007fdf1100c000 Uncommon trap: reason=class_check action=maybe_recompile pc=0x000000010459c074 method=org.newdawn.slick.state.StateBasedGame.update(Lorg/newdawn/slick/GameContainer;I)V @ 20
Event: 35.369 Thread 0x00007fdf1100c000 Uncommon trap: reason=class_check action=maybe_recompile pc=0x000000010459c074 method=org.newdawn.slick.state.StateBasedGame.update(Lorg/newdawn/slick/GameContainer;I)V @ 20

Internal exceptions (10 events):
Event: 1.296 Thread 0x00007fdf1100c000 Threw 0x00000007d75c7d28 at /HUDSON/workspace/7u-2-build-macosx-x86_64/jdk7u51/527/hotspot/src/share/vm/prims/jvm.cpp:1244
Event: 1.327 Thread 0x00007fdf1100c000 Threw 0x00000007d57070b0 at /HUDSON/workspace/7u-2-build-macosx-x86_64/jdk7u51/527/hotspot/src/share/vm/prims/jvm.cpp:1244
Event: 1.330 Thread 0x00007fdf1100c000 Threw 0x00000007d5719538 at /HUDSON/workspace/7u-2-build-macosx-x86_64/jdk7u51/527/hotspot/src/share/vm/prims/jvm.cpp:1244
Event: 1.393 Thread 0x00007fdf1100c000 Threw 0x00000007d5808b58 at /HUDSON/workspace/7u-2-build-macosx-x86_64/jdk7u51/527/hotspot/src/share/vm/prims/jvm.cpp:1244
Event: 1.394 Thread 0x00007fdf1100c000 Threw 0x00000007d58128e8 at /HUDSON/workspace/7u-2-build-macosx-x86_64/jdk7u51/527/hotspot/src/share/vm/prims/jvm.cpp:1244
Event: 1.478 Thread 0x00007fdf1100c000 Threw 0x00000007d6c3c3c8 at /HUDSON/workspace/7u-2-build-macosx-x86_64/jdk7u51/527/hotspot/src/share/vm/prims/jvm.cpp:1244
Event: 2.128 Thread 0x00007fdf1100c000 Threw 0x00000007d81f5fd0 at /HUDSON/workspace/7u-2-build-macosx-x86_64/jdk7u51/527/hotspot/src/share/vm/prims/jvm.cpp:1244
Event: 2.132 Thread 0x00007fdf1100c000 Threw 0x00000007d81fcca8 at /HUDSON/workspace/7u-2-build-macosx-x86_64/jdk7u51/527/hotspot/src/share/vm/prims/jvm.cpp:1244
Event: 35.358 Thread 0x00007fdf1100c000 Threw 0x00000007d58016d0 at /HUDSON/workspace/7u-2-build-macosx-x86_64/jdk7u51/527/hotspot/src/share/vm/prims/jvm.cpp:1244
Event: 35.359 Thread 0x00007fdf1100c000 Threw 0x00000007d58059a0 at /HUDSON/workspace/7u-2-build-macosx-x86_64/jdk7u51/527/hotspot/src/share/vm/prims/jvm.cpp:1244

Events (10 events):
Event: 35.362 Thread 0x00007fdf1100c000 DEOPT UNPACKING pc=0x000000010449d045 sp=0x00000001031b87f8 mode 2
Event: 35.365 Thread 0x00007fdf1100c000 Uncommon trap: trap_request=0xffffffde fr.pc=0x000000010459c074
Event: 35.365 Thread 0x00007fdf1100c000 DEOPT PACKING pc=0x000000010459c074 sp=0x00000001031b88a0
Event: 35.365 Thread 0x00007fdf1100c000 DEOPT UNPACKING pc=0x000000010449d045 sp=0x00000001031b87f8 mode 2
Event: 35.367 Thread 0x00007fdf1100c000 Uncommon trap: trap_request=0xffffffde fr.pc=0x000000010459c074
Event: 35.367 Thread 0x00007fdf1100c000 DEOPT PACKING pc=0x000000010459c074 sp=0x00000001031b88a0
Event: 35.367 Thread 0x00007fdf1100c000 DEOPT UNPACKING pc=0x000000010449d045 sp=0x00000001031b87f8 mode 2
Event: 35.369 Thread 0x00007fdf1100c000 Uncommon trap: trap_request=0xffffffde fr.pc=0x000000010459c074
Event: 35.369 Thread 0x00007fdf1100c000 DEOPT PACKING pc=0x000000010459c074 sp=0x00000001031b88a0
Event: 35.369 Thread 0x00007fdf1100c000 DEOPT UNPACKING pc=0x000000010449d045 sp=0x00000001031b87f8 mode 2


Dynamic libraries:
0x000000000877d000 	/System/Library/Frameworks/Cocoa.framework/Versions/A/Cocoa
0x000000000877d000 	/System/Library/Frameworks/Security.framework/Versions/A/Security
0x000000000877d000 	/System/Library/Frameworks/ApplicationServices.framework/Versions/A/ApplicationServices
0x000000000877d000 	/usr/lib/libz.1.dylib
0x000000000877d000 	/usr/lib/libSystem.B.dylib
0x000000000877d000 	/usr/lib/libobjc.A.dylib
0x000000000877d000 	/System/Library/Frameworks/CoreFoundation.framework/Versions/A/CoreFoundation
0x000000000877d000 	/System/Library/Frameworks/Foundation.framework/Versions/C/Foundation
0x000000000877d000 	/System/Library/Frameworks/AppKit.framework/Versions/C/AppKit
0x000000000877d000 	/System/Library/Frameworks/CoreData.framework/Versions/A/CoreData
0x000000000877d000 	/System/Library/PrivateFrameworks/RemoteViewServices.framework/Versions/A/RemoteViewServices
0x000000000877d000 	/System/Library/PrivateFrameworks/UIFoundation.framework/Versions/A/UIFoundation
0x000000000877d000 	/System/Library/Frameworks/IOSurface.framework/Versions/A/IOSurface
0x000000000877d000 	/System/Library/Frameworks/AudioToolbox.framework/Versions/A/AudioToolbox
0x000000000877d000 	/System/Library/Frameworks/AudioUnit.framework/Versions/A/AudioUnit
0x000000000877d000 	/System/Library/PrivateFrameworks/DataDetectorsCore.framework/Versions/A/DataDetectorsCore
0x000000000877d000 	/System/Library/PrivateFrameworks/DesktopServicesPriv.framework/Versions/A/DesktopServicesPriv
0x000000000877d000 	/System/Library/Frameworks/Carbon.framework/Versions/A/Frameworks/HIToolbox.framework/Versions/A/HIToolbox
0x000000000877d000 	/System/Library/Frameworks/QuartzCore.framework/Versions/A/QuartzCore
0x000000000877d000 	/System/Library/Frameworks/Carbon.framework/Versions/A/Frameworks/SpeechRecognition.framework/Versions/A/SpeechRecognition
0x000000000877d000 	/usr/lib/libauto.dylib
0x000000000877d000 	/usr/lib/libicucore.A.dylib
0x000000000877d000 	/usr/lib/libxml2.2.dylib
0x000000000877d000 	/System/Library/PrivateFrameworks/CoreUI.framework/Versions/A/CoreUI
0x000000000877d000 	/System/Library/Frameworks/CoreAudio.framework/Versions/A/CoreAudio
0x000000000877d000 	/System/Library/Frameworks/DiskArbitration.framework/Versions/A/DiskArbitration
0x000000000877d000 	/usr/lib/liblangid.dylib
0x000000000877d000 	/System/Library/PrivateFrameworks/MultitouchSupport.framework/Versions/A/MultitouchSupport
0x000000000877d000 	/System/Library/Frameworks/IOKit.framework/Versions/A/IOKit
0x000000000877d000 	/usr/lib/libDiagnosticMessagesClient.dylib
0x000000000877d000 	/System/Library/Frameworks/CoreServices.framework/Versions/A/CoreServices
0x000000000877d000 	/System/Library/PrivateFrameworks/PerformanceAnalysis.framework/Versions/A/PerformanceAnalysis
0x000000000877d000 	/System/Library/PrivateFrameworks/GenerationalStorage.framework/Versions/A/GenerationalStorage
0x000000000877d000 	/System/Library/Frameworks/OpenGL.framework/Versions/A/OpenGL
0x000000000877d000 	/System/Library/PrivateFrameworks/Sharing.framework/Versions/A/Sharing
0x000000000877d000 	/System/Library/Frameworks/CoreGraphics.framework/Versions/A/CoreGraphics
0x000000000877d000 	/System/Library/Frameworks/CoreText.framework/Versions/A/CoreText
0x000000000877d000 	/System/Library/Frameworks/ImageIO.framework/Versions/A/ImageIO
0x000000000877d000 	/usr/lib/libextension.dylib
0x000000000877d000 	/System/Library/PrivateFrameworks/Backup.framework/Versions/A/Backup
0x000000000877d000 	/usr/lib/libarchive.2.dylib
0x000000000877d000 	/System/Library/Frameworks/CFNetwork.framework/Versions/A/CFNetwork
0x000000000877d000 	/System/Library/Frameworks/SystemConfiguration.framework/Versions/A/SystemConfiguration
0x000000000877d000 	/usr/lib/libCRFSuite.dylib
0x000000000877d000 	/usr/lib/libc++.1.dylib
0x000000000877d000 	/usr/lib/libc++abi.dylib
0x000000000877d000 	/usr/lib/system/libcache.dylib
0x000000000877d000 	/usr/lib/system/libcommonCrypto.dylib
0x000000000877d000 	/usr/lib/system/libcompiler_rt.dylib
0x000000000877d000 	/usr/lib/system/libcopyfile.dylib
0x000000000877d000 	/usr/lib/system/libcorecrypto.dylib
0x000000000877d000 	/usr/lib/system/libdispatch.dylib
0x000000000877d000 	/usr/lib/system/libdyld.dylib
0x000000000877d000 	/usr/lib/system/libkeymgr.dylib
0x000000000877d000 	/usr/lib/system/liblaunch.dylib
0x000000000877d000 	/usr/lib/system/libmacho.dylib
0x000000000877d000 	/usr/lib/system/libquarantine.dylib
0x000000000877d000 	/usr/lib/system/libremovefile.dylib
0x000000000877d000 	/usr/lib/system/libsystem_asl.dylib
0x000000000877d000 	/usr/lib/system/libsystem_blocks.dylib
0x000000000877d000 	/usr/lib/system/libsystem_c.dylib
0x000000000877d000 	/usr/lib/system/libsystem_configuration.dylib
0x000000000877d000 	/usr/lib/system/libsystem_coreservices.dylib
0x000000000877d000 	/usr/lib/system/libsystem_coretls.dylib
0x000000000877d000 	/usr/lib/system/libsystem_dnssd.dylib
0x000000000877d000 	/usr/lib/system/libsystem_info.dylib
0x000000000877d000 	/usr/lib/system/libsystem_kernel.dylib
0x000000000877d000 	/usr/lib/system/libsystem_m.dylib
0x000000000877d000 	/usr/lib/system/libsystem_malloc.dylib
0x000000000877d000 	/usr/lib/system/libsystem_network.dylib
0x000000000877d000 	/usr/lib/system/libsystem_networkextension.dylib
0x000000000877d000 	/usr/lib/system/libsystem_notify.dylib
0x000000000877d000 	/usr/lib/system/libsystem_platform.dylib
0x000000000877d000 	/usr/lib/system/libsystem_pthread.dylib
0x000000000877d000 	/usr/lib/system/libsystem_sandbox.dylib
0x000000000877d000 	/usr/lib/system/libsystem_secinit.dylib
0x000000000877d000 	/usr/lib/system/libsystem_stats.dylib
0x000000000877d000 	/usr/lib/system/libsystem_trace.dylib
0x000000000877d000 	/usr/lib/system/libunc.dylib
0x000000000877d000 	/usr/lib/system/libunwind.dylib
0x000000000877d000 	/usr/lib/system/libxpc.dylib
0x000000000877d000 	/usr/lib/libbz2.1.0.dylib
0x000000000877d000 	/usr/lib/liblzma.5.dylib
0x000000000877d000 	/usr/lib/libbsm.0.dylib
0x000000000877d000 	/usr/lib/libsqlite3.dylib
0x000000000877d000 	/usr/lib/system/libkxld.dylib
0x000000000877d000 	/usr/lib/libxar.1.dylib
0x000000000877d000 	/usr/lib/libpam.2.dylib
0x000000000877d000 	/usr/lib/libOpenScriptingUtil.dylib
0x000000000877d000 	/System/Library/Frameworks/CoreServices.framework/Versions/A/Frameworks/FSEvents.framework/Versions/A/FSEvents
0x000000000877d000 	/System/Library/Frameworks/CoreServices.framework/Versions/A/Frameworks/CarbonCore.framework/Versions/A/CarbonCore
0x000000000877d000 	/System/Library/Frameworks/CoreServices.framework/Versions/A/Frameworks/Metadata.framework/Versions/A/Metadata
0x000000000877d000 	/System/Library/Frameworks/CoreServices.framework/Versions/A/Frameworks/OSServices.framework/Versions/A/OSServices
0x000000000877d000 	/System/Library/Frameworks/CoreServices.framework/Versions/A/Frameworks/SearchKit.framework/Versions/A/SearchKit
0x000000000877d000 	/System/Library/Frameworks/CoreServices.framework/Versions/A/Frameworks/AE.framework/Versions/A/AE
0x000000000877d000 	/System/Library/Frameworks/CoreServices.framework/Versions/A/Frameworks/LaunchServices.framework/Versions/A/LaunchServices
0x000000000877d000 	/System/Library/Frameworks/CoreServices.framework/Versions/A/Frameworks/DictionaryServices.framework/Versions/A/DictionaryServices
0x000000000877d000 	/System/Library/Frameworks/NetFS.framework/Versions/A/NetFS
0x000000000877d000 	/System/Library/PrivateFrameworks/NetAuth.framework/Versions/A/NetAuth
0x000000000877d000 	/System/Library/PrivateFrameworks/login.framework/Versions/A/Frameworks/loginsupport.framework/Versions/A/loginsupport
0x000000000877d000 	/System/Library/PrivateFrameworks/TCC.framework/Versions/A/TCC
0x000000000877d000 	/usr/lib/libmecabra.dylib
0x000000000877d000 	/System/Library/Frameworks/ApplicationServices.framework/Versions/A/Frameworks/ATS.framework/Versions/A/ATS
0x000000000877d000 	/System/Library/Frameworks/ApplicationServices.framework/Versions/A/Frameworks/ColorSync.framework/Versions/A/ColorSync
0x000000000877d000 	/System/Library/Frameworks/ApplicationServices.framework/Versions/A/Frameworks/HIServices.framework/Versions/A/HIServices
0x000000000877d000 	/System/Library/Frameworks/ApplicationServices.framework/Versions/A/Frameworks/LangAnalysis.framework/Versions/A/LangAnalysis
0x000000000877d000 	/System/Library/Frameworks/ApplicationServices.framework/Versions/A/Frameworks/PrintCore.framework/Versions/A/PrintCore
0x000000000877d000 	/System/Library/Frameworks/ApplicationServices.framework/Versions/A/Frameworks/QD.framework/Versions/A/QD
0x000000000877d000 	/System/Library/Frameworks/ApplicationServices.framework/Versions/A/Frameworks/SpeechSynthesis.framework/Versions/A/SpeechSynthesis
0x000000000877d000 	/System/Library/Frameworks/Accelerate.framework/Versions/A/Accelerate
0x000000000877d000 	/System/Library/Frameworks/Accelerate.framework/Versions/A/Frameworks/vImage.framework/Versions/A/vImage
0x000000000877d000 	/System/Library/Frameworks/Accelerate.framework/Versions/A/Frameworks/vecLib.framework/Versions/A/vecLib
0x000000000877d000 	/System/Library/Frameworks/Accelerate.framework/Versions/A/Frameworks/vecLib.framework/Versions/A/libvDSP.dylib
0x000000000877d000 	/System/Library/Frameworks/Accelerate.framework/Versions/A/Frameworks/vecLib.framework/Versions/A/libvMisc.dylib
0x000000000877d000 	/System/Library/Frameworks/Accelerate.framework/Versions/A/Frameworks/vecLib.framework/Versions/A/libLAPACK.dylib
0x000000000877d000 	/System/Library/Frameworks/Accelerate.framework/Versions/A/Frameworks/vecLib.framework/Versions/A/libBLAS.dylib
0x000000000877d000 	/System/Library/Frameworks/Accelerate.framework/Versions/A/Frameworks/vecLib.framework/Versions/A/libLinearAlgebra.dylib
0x000000000877d000 	/System/Library/Frameworks/ApplicationServices.framework/Versions/A/Frameworks/ATS.framework/Versions/A/Resources/libFontParser.dylib
0x000000000877d000 	/System/Library/Frameworks/ApplicationServices.framework/Versions/A/Frameworks/ATS.framework/Versions/A/Resources/libFontRegistry.dylib
0x000000000877d000 	/System/Library/PrivateFrameworks/AppleVPA.framework/Versions/A/AppleVPA
0x000000000877d000 	/System/Library/PrivateFrameworks/AppleJPEG.framework/Versions/A/AppleJPEG
0x000000000877d000 	/System/Library/Frameworks/ImageIO.framework/Versions/A/Resources/libJPEG.dylib
0x000000000877d000 	/System/Library/Frameworks/ImageIO.framework/Versions/A/Resources/libTIFF.dylib
0x000000000877d000 	/System/Library/Frameworks/ImageIO.framework/Versions/A/Resources/libPng.dylib
0x000000000877d000 	/System/Library/Frameworks/ImageIO.framework/Versions/A/Resources/libGIF.dylib
0x000000000877d000 	/System/Library/Frameworks/ImageIO.framework/Versions/A/Resources/libJP2.dylib
0x000000000877d000 	/System/Library/Frameworks/ImageIO.framework/Versions/A/Resources/libRadiance.dylib
0x000000000877d000 	/System/Library/Frameworks/CoreVideo.framework/Versions/A/CoreVideo
0x000000000877d000 	/System/Library/Frameworks/OpenGL.framework/Versions/A/Libraries/libGLU.dylib
0x000000000877d000 	/System/Library/Frameworks/OpenGL.framework/Versions/A/Libraries/libGFXShared.dylib
0x000000000877d000 	/System/Library/Frameworks/OpenGL.framework/Versions/A/Libraries/libGL.dylib
0x000000000877d000 	/System/Library/Frameworks/OpenGL.framework/Versions/A/Libraries/libGLImage.dylib
0x000000000877d000 	/System/Library/Frameworks/OpenGL.framework/Versions/A/Libraries/libCVMSPluginSupport.dylib
0x000000000877d000 	/System/Library/Frameworks/OpenGL.framework/Versions/A/Libraries/libCoreVMClient.dylib
0x000000000877d000 	/usr/lib/libcups.2.dylib
0x000000000877d000 	/System/Library/Frameworks/Kerberos.framework/Versions/A/Kerberos
0x000000000877d000 	/System/Library/Frameworks/GSS.framework/Versions/A/GSS
0x000000000877d000 	/usr/lib/libresolv.9.dylib
0x000000000877d000 	/usr/lib/libiconv.2.dylib
0x000000000877d000 	/System/Library/PrivateFrameworks/Heimdal.framework/Versions/A/Heimdal
0x000000000877d000 	/usr/lib/libheimdal-asn1.dylib
0x000000000877d000 	/System/Library/Frameworks/OpenDirectory.framework/Versions/A/OpenDirectory
0x000000000877d000 	/System/Library/PrivateFrameworks/CommonAuth.framework/Versions/A/CommonAuth
0x000000000877d000 	/System/Library/Frameworks/OpenDirectory.framework/Versions/A/Frameworks/CFOpenDirectory.framework/Versions/A/CFOpenDirectory
0x000000000877d000 	/System/Library/Frameworks/SecurityFoundation.framework/Versions/A/SecurityFoundation
0x000000000877d000 	/System/Library/PrivateFrameworks/LanguageModeling.framework/Versions/A/LanguageModeling
0x000000000877d000 	/usr/lib/libcmph.dylib
0x000000000877d000 	/System/Library/Frameworks/ServiceManagement.framework/Versions/A/ServiceManagement
0x000000000877d000 	/usr/lib/libxslt.1.dylib
0x000000000877d000 	/System/Library/Frameworks/Carbon.framework/Versions/A/Frameworks/Ink.framework/Versions/A/Ink
0x000000000877d000 	/System/Library/Frameworks/QuartzCore.framework/Versions/A/Frameworks/CoreImage.framework/Versions/A/CoreImage
0x000000000877d000 	/System/Library/PrivateFrameworks/CrashReporterSupport.framework/Versions/A/CrashReporterSupport
0x000000000877d000 	/System/Library/Frameworks/OpenCL.framework/Versions/A/OpenCL
0x000000000877d000 	/System/Library/PrivateFrameworks/FaceCore.framework/Versions/A/FaceCore
0x000000000877d000 	/System/Library/PrivateFrameworks/Ubiquity.framework/Versions/A/Ubiquity
0x000000000877d000 	/System/Library/PrivateFrameworks/IconServices.framework/Versions/A/IconServices
0x000000000877d000 	/System/Library/PrivateFrameworks/ChunkingLibrary.framework/Versions/A/ChunkingLibrary
0x000000000877d000 	/System/Library/PrivateFrameworks/Apple80211.framework/Versions/A/Apple80211
0x000000000877d000 	/System/Library/Frameworks/CoreWLAN.framework/Versions/A/CoreWLAN
0x000000000877d000 	/System/Library/Frameworks/IOBluetooth.framework/Versions/A/IOBluetooth
0x000000000877d000 	/System/Library/PrivateFrameworks/CoreWiFi.framework/Versions/A/CoreWiFi
0x000000000877d000 	/System/Library/Frameworks/CoreBluetooth.framework/Versions/A/CoreBluetooth
0x000000000877d000 	/System/Library/PrivateFrameworks/DebugSymbols.framework/Versions/A/DebugSymbols
0x000000000877d000 	/System/Library/PrivateFrameworks/CoreSymbolication.framework/Versions/A/CoreSymbolication
0x000000000877d000 	/System/Library/PrivateFrameworks/Symbolication.framework/Versions/A/Symbolication
0x000000000877d000 	/System/Library/PrivateFrameworks/SpeechRecognitionCore.framework/Versions/A/SpeechRecognitionCore
0x0000000103a00000 	/Library/Java/JavaVirtualMachines/jdk1.7.0_51.jdk/Contents/Home/jre/lib/server/libjvm.dylib
0x000000000877d000 	/usr/lib/libstdc++.6.dylib
0x00000001031bb000 	/Library/Java/JavaVirtualMachines/jdk1.7.0_51.jdk/Contents/Home/jre/lib/libverify.dylib
0x00000001031c8000 	/Library/Java/JavaVirtualMachines/jdk1.7.0_51.jdk/Contents/Home/jre/lib/libjava.dylib
0x000000010445b000 	/Library/Java/JavaVirtualMachines/jdk1.7.0_51.jdk/Contents/Home/jre/lib/libzip.dylib
0x000000010dcd0000 	/System/Library/Frameworks/JavaVM.framework/Frameworks/JavaRuntimeSupport.framework/JavaRuntimeSupport
0x000000010dce6000 	/System/Library/Frameworks/JavaVM.framework/Versions/A/Frameworks/JavaNativeFoundation.framework/Versions/A/JavaNativeFoundation
0x000000010dcfa000 	/System/Library/Frameworks/JavaVM.framework/Versions/A/JavaVM
0x000000000877d000 	/System/Library/Frameworks/Carbon.framework/Versions/A/Carbon
0x000000010dd06000 	/System/Library/PrivateFrameworks/JavaLaunching.framework/Versions/A/JavaLaunching
0x000000000877d000 	/System/Library/Frameworks/Carbon.framework/Versions/A/Frameworks/CommonPanels.framework/Versions/A/CommonPanels
0x000000000877d000 	/System/Library/Frameworks/Carbon.framework/Versions/A/Frameworks/Help.framework/Versions/A/Help
0x000000000877d000 	/System/Library/Frameworks/Carbon.framework/Versions/A/Frameworks/ImageCapture.framework/Versions/A/ImageCapture
0x000000000877d000 	/System/Library/Frameworks/Carbon.framework/Versions/A/Frameworks/OpenScripting.framework/Versions/A/OpenScripting
0x000000000877d000 	/System/Library/Frameworks/Carbon.framework/Versions/A/Frameworks/Print.framework/Versions/A/Print
0x000000000877d000 	/System/Library/Frameworks/Carbon.framework/Versions/A/Frameworks/SecurityHI.framework/Versions/A/SecurityHI
0x000000010fb25000 	/Library/Java/JavaVirtualMachines/jdk1.7.0_51.jdk/Contents/Home/jre/lib/libawt.dylib
0x000000010fbd4000 	/Library/Java/JavaVirtualMachines/jdk1.7.0_51.jdk/Contents/Home/jre/lib/./libmlib_image.dylib
0x000000010fca0000 	/Library/Java/JavaVirtualMachines/jdk1.7.0_51.jdk/Contents/Home/jre/lib/lwawt/liblwawt.dylib
0x000000010fd54000 	/Library/Java/JavaVirtualMachines/jdk1.7.0_51.jdk/Contents/Home/jre/lib/libosxapp.dylib
0x000000000877d000 	/System/Library/Frameworks/ExceptionHandling.framework/Versions/A/ExceptionHandling
0x000000000877d000 	/System/Library/PrivateFrameworks/CoreServicesInternal.framework/Versions/A/CoreServicesInternal
0x000000000877d000 	/System/Library/PrivateFrameworks/CloudDocs.framework/Versions/A/CloudDocs
0x000000000877d000 	/System/Library/PrivateFrameworks/CoreDuet.framework/Versions/A/CoreDuet
0x000000000877d000 	/System/Library/Frameworks/CloudKit.framework/Versions/A/CloudKit
0x000000000877d000 	/System/Library/PrivateFrameworks/ProtocolBuffer.framework/Versions/A/ProtocolBuffer
0x000000000877d000 	/System/Library/PrivateFrameworks/CoreDuetDaemonProtocol.framework/Versions/A/CoreDuetDaemonProtocol
0x000000000877d000 	/System/Library/PrivateFrameworks/CoreDuetDebugLogging.framework/Versions/A/CoreDuetDebugLogging
0x000000000877d000 	/System/Library/PrivateFrameworks/MMCS.framework/Versions/A/MMCS
0x000000000877d000 	/System/Library/Frameworks/CoreLocation.framework/Versions/A/CoreLocation
0x000000000877d000 	/System/Library/PrivateFrameworks/ProtectedCloudStorage.framework/Versions/A/ProtectedCloudStorage
0x000000000877d000 	/System/Library/PrivateFrameworks/GeoServices.framework/Versions/A/GeoServices
0x000000000877d000 	/System/Library/Frameworks/CoreGraphics.framework/Versions/A/Resources/libCGCMS.A.dylib
0x000000000877d000 	/System/Library/Frameworks/CoreGraphics.framework/Versions/A/Resources/libRIP.A.dylib
0x000000000877d000 	/System/Library/Frameworks/CoreGraphics.framework/Versions/A/Resources/libCGXType.A.dylib
0x000000000877d000 	/System/Library/Frameworks/OpenCL.framework/Versions/A/Libraries/libcldcpuengine.dylib
0x000000000877d000 	/System/Library/PrivateFrameworks/DiskImages.framework/Versions/A/DiskImages
0x000000000877d000 	/System/Library/Frameworks/DiscRecording.framework/Versions/A/DiscRecording
0x000000000877d000 	/usr/lib/libcsfde.dylib
0x000000000877d000 	/usr/lib/libcurl.4.dylib
0x000000000877d000 	/System/Library/PrivateFrameworks/MediaKit.framework/Versions/A/MediaKit
0x000000000877d000 	/usr/lib/libCoreStorage.dylib
0x000000000877d000 	/System/Library/PrivateFrameworks/EFILogin.framework/Versions/A/EFILogin
0x000000000877d000 	/usr/lib/libutil.dylib
0x000000000877d000 	/System/Library/PrivateFrameworks/FindMyDevice.framework/Versions/A/FindMyDevice
0x000000000877d000 	/System/Library/Frameworks/LDAP.framework/Versions/A/LDAP
0x000000000877d000 	/usr/lib/libsasl2.2.dylib
0x000000000877d000 	/System/Library/PrivateFrameworks/CoreDaemon.framework/Versions/B/CoreDaemon
0x000000000877d000 	/usr/lib/libcrypto.0.9.8.dylib
0x000000000877d000 	/System/Library/PrivateFrameworks/AppleSRP.framework/Versions/A/AppleSRP
0x000000000877d000 	/System/Library/PrivateFrameworks/TrustEvaluationAgent.framework/Versions/A/TrustEvaluationAgent
0x0000000112b50000 	cl_kernels
0x0000000112b52000 	/System/Library/Frameworks/OpenCL.framework/Versions/A/Libraries/ImageFormats/unorm8_bgra.dylib
0x0000000112b41000 	cl_kernels
0x000000000877d000 	/System/Library/PrivateFrameworks/FamilyControls.framework/Versions/A/FamilyControls
0x000000000877d000 	/System/Library/PrivateFrameworks/CommerceKit.framework/Versions/A/Frameworks/CommerceCore.framework/Versions/A/CommerceCore
0x000000000877d000 	/System/Library/PrivateFrameworks/SystemAdministration.framework/Versions/A/SystemAdministration
0x000000000877d000 	/System/Library/PrivateFrameworks/AppContainer.framework/Versions/A/AppContainer
0x000000000877d000 	/System/Library/PrivateFrameworks/SecCodeWrapper.framework/Versions/A/SecCodeWrapper
0x000000000877d000 	/System/Library/Frameworks/DirectoryService.framework/Versions/A/DirectoryService
0x000000000877d000 	/System/Library/PrivateFrameworks/LoginUIKit.framework/Versions/A/Frameworks/LoginUICore.framework/Versions/A/LoginUICore
0x000000000877d000 	/usr/lib/libodfde.dylib
0x0000000113d15000 	/Library/Java/JavaVirtualMachines/jdk1.7.0_51.jdk/Contents/Home/jre/lib/libfontmanager.dylib
0x0000000113d7c000 	/Users/Alina/NetBeansProjects/OrangePickingGame/slick/liblwjgl.dylib
0x0000000112086000 	/Library/Java/JavaVirtualMachines/jdk1.7.0_51.jdk/Contents/Home/jre/lib/libjawt.dylib
0x0000000112089000 	/Library/Java/JavaVirtualMachines/jdk1.7.0_51.jdk/Contents/Home/jre/lib/libnio.dylib
0x0000000112098000 	/Library/Java/JavaVirtualMachines/jdk1.7.0_51.jdk/Contents/Home/jre/lib/./libnet.dylib
0x000000000877d000 	/System/Library/Frameworks/OpenGL.framework/Versions/A/Resources/GLEngine.bundle/GLEngine
0x000000000877d000 	/System/Library/Frameworks/OpenGL.framework/Versions/A/Libraries/libGLProgrammability.dylib
0x0000000113e46000 	/System/Library/Extensions/AppleIntelHD4000GraphicsGLDriver.bundle/Contents/MacOS/AppleIntelHD4000GraphicsGLDriver
0x000000000877d000 	/System/Library/PrivateFrameworks/IOAccelerator.framework/Versions/A/IOAccelerator
0x000000000877d000 	/System/Library/PrivateFrameworks/GPUSupport.framework/Versions/A/Libraries/libGPUSupportMercury.dylib
0x000000000877d000 	/System/Library/Frameworks/OpenGL.framework/Versions/A/Resources/GLRendererFloat.bundle/GLRendererFloat
0x0000000114c37000 	/Users/Alina/NetBeansProjects/OrangePickingGame/slick/libjinput-osx.dylib
0x0000000114c3c000 	/System/Library/Extensions/IOHIDFamily.kext/Contents/PlugIns/IOHIDLib.plugin/Contents/MacOS/IOHIDLib
0x0000000117ab5000 	/Library/Java/JavaVirtualMachines/jdk1.7.0_51.jdk/Contents/Home/jre/lib/libt2k.dylib

VM Arguments:
jvm_args: -Dfile.encoding=UTF-8 -Djava.library.path=/Users/Alina/NetBeansProjects/OrangePickingGame/slick 
java_command: orangepickinggame.OrangePickingGame
Launcher Type: SUN_STANDARD

Environment Variables:
PATH=/usr/bin:/bin:/usr/sbin:/sbin
LD_LIBRARY_PATH=/Library/Java/JavaVirtualMachines/jdk1.7.0_51.jdk/Contents/Home/jre/lib/amd64:/Library/Java/JavaVirtualMachines/jdk1.7.0_51.jdk/Contents/Home/jre/lib/i386:
SHELL=/bin/bash
DISPLAY=/private/tmp/com.apple.launchd.KWeCoTOs5h/org.macosforge.xquartz:0
DYLD_LIBRARY_PATH=/Applications/NetBeans/NetBeans 7.4.app/Contents/Resources/NetBeans/webcommon/bin:

Signal Handlers:
SIGSEGV: [libjvm.dylib+0x525425], sa_mask[0]=0xfffefeff, sa_flags=0x00000043
SIGBUS: [libjvm.dylib+0x525425], sa_mask[0]=0xfffefeff, sa_flags=0x00000042
SIGFPE: [libjvm.dylib+0x41892a], sa_mask[0]=0xfffefeff, sa_flags=0x00000042
SIGPIPE: [libjvm.dylib+0x41892a], sa_mask[0]=0xfffefeff, sa_flags=0x00000042
SIGXFSZ: [libjvm.dylib+0x41892a], sa_mask[0]=0xfffefeff, sa_flags=0x00000042
SIGILL: [libjvm.dylib+0x41892a], sa_mask[0]=0xfffefeff, sa_flags=0x00000042
SIGUSR1: SIG_DFL, sa_mask[0]=0x00000000, sa_flags=0x00000000
SIGUSR2: [libjvm.dylib+0x41841c], sa_mask[0]=0x00000004, sa_flags=0x00000042
SIGHUP: [libjvm.dylib+0x4166ab], sa_mask[0]=0xfffefeff, sa_flags=0x00000042
SIGINT: SIG_IGN, sa_mask[0]=0x00000000, sa_flags=0x00000000
SIGTERM: [libjvm.dylib+0x4166ab], sa_mask[0]=0xfffefeff, sa_flags=0x00000042
SIGQUIT: [libjvm.dylib+0x4166ab], sa_mask[0]=0xfffefeff, sa_flags=0x00000042


---------------  S Y S T E M  ---------------

OS:Bsduname:Darwin 14.5.0 Darwin Kernel Version 14.5.0: Wed Jul 29 02:26:53 PDT 2015; root:xnu-2782.40.9~1/RELEASE_X86_64 x86_64
rlimit: STACK 8192k, CORE 0k, NPROC 709, NOFILE 10240, AS infinity
load average:2.24 2.61 5.82

CPU:total 4 (2 cores per cpu, 2 threads per core) family 6 model 58 stepping 9, cmov, cx8, fxsr, mmx, sse, sse2, sse3, ssse3, sse4.1, sse4.2, popcnt, avx, aes, erms, ht, tsc, tscinvbit, tscinv

Memory: 4k page, physical 8388608k(2097152k free)

/proc/meminfo:


vm_info: Java HotSpot(TM) 64-Bit Server VM (24.51-b03) for bsd-amd64 JRE (1.7.0_51-b13), built on Dec 18 2013 18:45:56 by "java_re" with gcc 4.2.1 (Based on Apple Inc. build 5658) (LLVM build 2336.11.00)

time: Sun Nov  6 16:45:24 2016
elapsed time: 44 seconds

